!SESSION 2021-03-01 12:39:01.764 -----------------------------------------------
eclipse.buildId=4.18.0.I20201202-1800
java.version=15.0.2
java.vendor=Oracle Corporation
BootLoader constants: OS=win32, ARCH=x86_64, WS=win32, NL=en_US
Framework arguments:  -product org.eclipse.epp.package.java.product
Command-line arguments:  -os win32 -ws win32 -arch x86_64 -product org.eclipse.epp.package.java.product

This is a continuation of log file C:\Users\Rama\eclipse-workspace\.metadata\.bak_0.log
Created Time: 2021-03-01 20:21:44.340

!ENTRY org.testng.eclipse 1 0 2021-03-01 20:21:44.340
!MESSAGE [TestNGLaunchConfigurationDelegate] Launching:
  Classpath: C:\Users\Rama\eclipse\java-2020-123\eclipse\configuration\org.eclipse.osgi\443\0\.cp\lib\testng-remote.jar C:\Users\Rama\eclipse-workspace\first\bin C:\Selenium\selenium-java-3.141.59\client-combined-3.141.59.jar C:\Selenium\selenium-java-3.141.59\client-combined-3.141.59-sources.jar C:\Selenium\selenium-server-standalone-3.141.59.jar C:\Users\Rama\.p2\pool\plugins\org.testng_7.3.0.r202008060316.jar C:\Users\Rama\.p2\pool\plugins\com.beust.jcommander_1.78.0.jar C:\Users\Rama\.p2\pool\plugins\org.apache-extras.beanshell.bsh_2.0.0.b6.jar C:\Users\Rama\.p2\pool\plugins\org.yaml.snakeyaml_1.21.0.jar C:\Selenium\poi-bin-5.0.0-20210120\poi-5.0.0\poi-5.0.0.jar C:\Selenium\poi-bin-5.0.0-20210120\poi-5.0.0\poi-examples-5.0.0.jar C:\Selenium\poi-bin-5.0.0-20210120\poi-5.0.0\poi-excelant-5.0.0.jar C:\Selenium\poi-bin-5.0.0-20210120\poi-5.0.0\poi-integration-5.0.0.jar C:\Selenium\poi-bin-5.0.0-20210120\poi-5.0.0\poi-ooxml-5.0.0.jar C:\Selenium\poi-bin-5.0.0-20210120\poi-5.0.0\poi-ooxml-full-5.0.0.jar C:\Selenium\poi-bin-5.0.0-20210120\poi-5.0.0\poi-ooxml-lite-5.0.0.jar C:\Selenium\poi-bin-5.0.0-20210120\poi-5.0.0\poi-scratchpad-5.0.0.jar C:\Selenium\poi-bin-5.0.0-20210120\poi-5.0.0\ooxml-lib\commons-compress-1.20.jar C:\Selenium\poi-bin-5.0.0-20210120\poi-5.0.0\ooxml-lib\curvesapi-1.06.jar C:\Selenium\poi-bin-5.0.0-20210120\poi-5.0.0\ooxml-lib\xmlbeans-4.0.0.jar C:\Selenium\poi-bin-5.0.0-20210120\poi-5.0.0\lib\commons-codec-1.15.jar C:\Selenium\poi-bin-5.0.0-20210120\poi-5.0.0\lib\commons-collections4-4.4.jar C:\Selenium\poi-bin-5.0.0-20210120\poi-5.0.0\lib\commons-math3-3.6.1.jar C:\Selenium\poi-bin-5.0.0-20210120\poi-5.0.0\lib\SparseBitSet-1.2.jar C:\Selenium\poi-bin-5.0.0-20210120\poi-5.0.0\auxiliary\batik-all-1.13.jar C:\Selenium\poi-bin-5.0.0-20210120\poi-5.0.0\auxiliary\bcpkix-jdk15on-1.68.jar C:\Selenium\poi-bin-5.0.0-20210120\poi-5.0.0\auxiliary\bcprov-jdk15on-1.68.jar C:\Selenium\poi-bin-5.0.0-20210120\poi-5.0.0\auxiliary\fontbox-2.0.22.jar C:\Selenium\poi-bin-5.0.0-20210120\poi-5.0.0\auxiliary\graphics2d-0.30.jar C:\Selenium\poi-bin-5.0.0-20210120\poi-5.0.0\auxiliary\pdfbox-2.0.22.jar C:\Selenium\poi-bin-5.0.0-20210120\poi-5.0.0\auxiliary\xml-apis-ext-1.3.04.jar C:\Selenium\poi-bin-5.0.0-20210120\poi-5.0.0\auxiliary\xmlgraphics-commons-2.4.jar C:\Selenium\poi-bin-5.0.0-20210120\poi-5.0.0\auxiliary\xmlsec-2.2.1.jar
  VMArgs:    -ea
  Class:     org.testng.remote.RemoteTestNG
  Args:      -serport 50481 -protocol json -d C:\Users\Rama\eclipse-workspace\first\test-output C:\Users\Rama\AppData\Local\Temp\testng-eclipse--560693747\testng-customsuite.xml
java -ea -classpath C:\Users\Rama\eclipse\java-2020-123\eclipse\configuration\org.eclipse.osgi\443\0\.cp\lib\testng-remote.jar:C:\Users\Rama\eclipse-workspace\first\bin:C:\Selenium\selenium-java-3.141.59\client-combined-3.141.59.jar:C:\Selenium\selenium-java-3.141.59\client-combined-3.141.59-sources.jar:C:\Selenium\selenium-server-standalone-3.141.59.jar:C:\Users\Rama\.p2\pool\plugins\org.testng_7.3.0.r202008060316.jar:C:\Users\Rama\.p2\pool\plugins\com.beust.jcommander_1.78.0.jar:C:\Users\Rama\.p2\pool\plugins\org.apache-extras.beanshell.bsh_2.0.0.b6.jar:C:\Users\Rama\.p2\pool\plugins\org.yaml.snakeyaml_1.21.0.jar:C:\Selenium\poi-bin-5.0.0-20210120\poi-5.0.0\poi-5.0.0.jar:C:\Selenium\poi-bin-5.0.0-20210120\poi-5.0.0\poi-examples-5.0.0.jar:C:\Selenium\poi-bin-5.0.0-20210120\poi-5.0.0\poi-excelant-5.0.0.jar:C:\Selenium\poi-bin-5.0.0-20210120\poi-5.0.0\poi-integration-5.0.0.jar:C:\Selenium\poi-bin-5.0.0-20210120\poi-5.0.0\poi-ooxml-5.0.0.jar:C:\Selenium\poi-bin-5.0.0-20210120\poi-5.0.0\poi-ooxml-full-5.0.0.jar:C:\Selenium\poi-bin-5.0.0-20210120\poi-5.0.0\poi-ooxml-lite-5.0.0.jar:C:\Selenium\poi-bin-5.0.0-20210120\poi-5.0.0\poi-scratchpad-5.0.0.jar:C:\Selenium\poi-bin-5.0.0-20210120\poi-5.0.0\ooxml-lib\commons-compress-1.20.jar:C:\Selenium\poi-bin-5.0.0-20210120\poi-5.0.0\ooxml-lib\curvesapi-1.06.jar:C:\Selenium\poi-bin-5.0.0-20210120\poi-5.0.0\ooxml-lib\xmlbeans-4.0.0.jar:C:\Selenium\poi-bin-5.0.0-20210120\poi-5.0.0\lib\commons-codec-1.15.jar:C:\Selenium\poi-bin-5.0.0-20210120\poi-5.0.0\lib\commons-collections4-4.4.jar:C:\Selenium\poi-bin-5.0.0-20210120\poi-5.0.0\lib\commons-math3-3.6.1.jar:C:\Selenium\poi-bin-5.0.0-20210120\poi-5.0.0\lib\SparseBitSet-1.2.jar:C:\Selenium\poi-bin-5.0.0-20210120\poi-5.0.0\auxiliary\batik-all-1.13.jar:C:\Selenium\poi-bin-5.0.0-20210120\poi-5.0.0\auxiliary\bcpkix-jdk15on-1.68.jar:C:\Selenium\poi-bin-5.0.0-20210120\poi-5.0.0\auxiliary\bcprov-jdk15on-1.68.jar:C:\Selenium\poi-bin-5.0.0-20210120\poi-5.0.0\auxiliary\fontbox-2.0.22.jar:C:\Selenium\poi-bin-5.0.0-20210120\poi-5.0.0\auxiliary\graphics2d-0.30.jar:C:\Selenium\poi-bin-5.0.0-20210120\poi-5.0.0\auxiliary\pdfbox-2.0.22.jar:C:\Selenium\poi-bin-5.0.0-20210120\poi-5.0.0\auxiliary\xml-apis-ext-1.3.04.jar:C:\Selenium\poi-bin-5.0.0-20210120\poi-5.0.0\auxiliary\xmlgraphics-commons-2.4.jar:C:\Selenium\poi-bin-5.0.0-20210120\poi-5.0.0\auxiliary\xmlsec-2.2.1.jar org.testng.remote.RemoteTestNG -serport 50481 -protocol json -d C:\Users\Rama\eclipse-workspace\first\test-output C:\Users\Rama\AppData\Local\Temp\testng-eclipse--560693747\testng-customsuite.xml

!ENTRY org.eclipse.jdt.junit.core 4 4 2021-03-01 21:15:36.377
!MESSAGE Error
!STACK 0
java.lang.Exception: Unexpected TestElement type for testId '5': TestSuite: | Samuel | Miller | sammillerjoe12@gmail.com | Pass@123 | 12 | Dec | 1989 | Male | : Not Started - Undefined (6)
	at org.eclipse.jdt.internal.junit.model.TestRunSession$TestSessionNotifier.logUnexpectedTest(TestRunSession.java:801)
	at org.eclipse.jdt.internal.junit.model.TestRunSession$TestSessionNotifier.testStarted(TestRunSession.java:708)
	at org.eclipse.jdt.internal.junit.model.RemoteTestRunnerClient$5.run(RemoteTestRunnerClient.java:537)
	at org.eclipse.core.runtime.SafeRunner.run(SafeRunner.java:45)
	at org.eclipse.jdt.internal.junit.model.RemoteTestRunnerClient.notifyTestStarted(RemoteTestRunnerClient.java:533)
	at org.eclipse.jdt.internal.junit.model.RemoteTestRunnerClient.access$6(RemoteTestRunnerClient.java:529)
	at org.eclipse.jdt.internal.junit.model.RemoteTestRunnerClient$DefaultProcessingState.readMessage(RemoteTestRunnerClient.java:92)
	at org.eclipse.jdt.internal.junit.model.RemoteTestRunnerClient.receiveMessage(RemoteTestRunnerClient.java:378)
	at org.eclipse.jdt.internal.junit.model.RemoteTestRunnerClient.access$27(RemoteTestRunnerClient.java:377)
	at org.eclipse.jdt.internal.junit.model.RemoteTestRunnerClient$ServerConnection.run(RemoteTestRunnerClient.java:273)

!ENTRY org.eclipse.jdt.junit.core 4 4 2021-03-01 21:16:36.470
!MESSAGE Error
!STACK 0
java.lang.Exception: Unexpected TestElement type for testId '5': TestSuite: | Samuel | Miller | sammillerjoe12@gmail.com | Pass@123 | 12 | Dec | 1989 | Male | : Completed - OK (6)
	at org.eclipse.jdt.internal.junit.model.TestRunSession$TestSessionNotifier.logUnexpectedTest(TestRunSession.java:801)
	at org.eclipse.jdt.internal.junit.model.TestRunSession$TestSessionNotifier.testEnded(TestRunSession.java:738)
	at org.eclipse.jdt.internal.junit.model.RemoteTestRunnerClient$4.run(RemoteTestRunnerClient.java:523)
	at org.eclipse.core.runtime.SafeRunner.run(SafeRunner.java:45)
	at org.eclipse.jdt.internal.junit.model.RemoteTestRunnerClient.notifyTestEnded(RemoteTestRunnerClient.java:519)
	at org.eclipse.jdt.internal.junit.model.RemoteTestRunnerClient.access$7(RemoteTestRunnerClient.java:515)
	at org.eclipse.jdt.internal.junit.model.RemoteTestRunnerClient$DefaultProcessingState.readMessage(RemoteTestRunnerClient.java:96)
	at org.eclipse.jdt.internal.junit.model.RemoteTestRunnerClient.receiveMessage(RemoteTestRunnerClient.java:378)
	at org.eclipse.jdt.internal.junit.model.RemoteTestRunnerClient.access$27(RemoteTestRunnerClient.java:377)
	at org.eclipse.jdt.internal.junit.model.RemoteTestRunnerClient$ServerConnection.run(RemoteTestRunnerClient.java:273)

!ENTRY org.eclipse.jdt.junit.core 4 4 2021-03-01 21:16:36.477
!MESSAGE Error
!STACK 0
java.lang.Exception: Unexpected TestElement type for testId '12': TestSuite: | Kurt | Wyatt | wyatt23@gmail.com | Pass@@143 | 23 | Oct | 2000 | Female | : Not Started - Undefined (6)
	at org.eclipse.jdt.internal.junit.model.TestRunSession$TestSessionNotifier.logUnexpectedTest(TestRunSession.java:801)
	at org.eclipse.jdt.internal.junit.model.TestRunSession$TestSessionNotifier.testStarted(TestRunSession.java:708)
	at org.eclipse.jdt.internal.junit.model.RemoteTestRunnerClient$5.run(RemoteTestRunnerClient.java:537)
	at org.eclipse.core.runtime.SafeRunner.run(SafeRunner.java:45)
	at org.eclipse.jdt.internal.junit.model.RemoteTestRunnerClient.notifyTestStarted(RemoteTestRunnerClient.java:533)
	at org.eclipse.jdt.internal.junit.model.RemoteTestRunnerClient.access$6(RemoteTestRunnerClient.java:529)
	at org.eclipse.jdt.internal.junit.model.RemoteTestRunnerClient$DefaultProcessingState.readMessage(RemoteTestRunnerClient.java:92)
	at org.eclipse.jdt.internal.junit.model.RemoteTestRunnerClient.receiveMessage(RemoteTestRunnerClient.java:378)
	at org.eclipse.jdt.internal.junit.model.RemoteTestRunnerClient.access$27(RemoteTestRunnerClient.java:377)
	at org.eclipse.jdt.internal.junit.model.RemoteTestRunnerClient$ServerConnection.run(RemoteTestRunnerClient.java:273)

!ENTRY org.eclipse.jdt.junit.core 4 4 2021-03-01 21:16:45.361
!MESSAGE Error
!STACK 0
java.lang.Exception: Unexpected TestElement type for testId '12': TestSuite: | Kurt | Wyatt | wyatt23@gmail.com | Pass@@143 | 23 | Oct | 2000 | Female | : Completed - OK (6)
	at org.eclipse.jdt.internal.junit.model.TestRunSession$TestSessionNotifier.logUnexpectedTest(TestRunSession.java:801)
	at org.eclipse.jdt.internal.junit.model.TestRunSession$TestSessionNotifier.testEnded(TestRunSession.java:738)
	at org.eclipse.jdt.internal.junit.model.RemoteTestRunnerClient$4.run(RemoteTestRunnerClient.java:523)
	at org.eclipse.core.runtime.SafeRunner.run(SafeRunner.java:45)
	at org.eclipse.jdt.internal.junit.model.RemoteTestRunnerClient.notifyTestEnded(RemoteTestRunnerClient.java:519)
	at org.eclipse.jdt.internal.junit.model.RemoteTestRunnerClient.access$7(RemoteTestRunnerClient.java:515)
	at org.eclipse.jdt.internal.junit.model.RemoteTestRunnerClient$DefaultProcessingState.readMessage(RemoteTestRunnerClient.java:96)
	at org.eclipse.jdt.internal.junit.model.RemoteTestRunnerClient.receiveMessage(RemoteTestRunnerClient.java:378)
	at org.eclipse.jdt.internal.junit.model.RemoteTestRunnerClient.access$27(RemoteTestRunnerClient.java:377)
	at org.eclipse.jdt.internal.junit.model.RemoteTestRunnerClient$ServerConnection.run(RemoteTestRunnerClient.java:273)

!ENTRY org.testng.eclipse 1 0 2021-03-01 21:18:11.451
!MESSAGE [TestNGLaunchConfigurationDelegate] Launching:
  Classpath: C:\Users\Rama\eclipse\java-2020-123\eclipse\configuration\org.eclipse.osgi\443\0\.cp\lib\testng-remote.jar C:\Users\Rama\eclipse-workspace\first_maven\target\test-classes C:\Users\Rama\eclipse-workspace\first_maven\target\classes C:\Users\Rama\.p2\pool\plugins\org.testng_7.3.0.r202008060316.jar C:\Users\Rama\.p2\pool\plugins\com.beust.jcommander_1.78.0.jar C:\Users\Rama\.p2\pool\plugins\org.apache-extras.beanshell.bsh_2.0.0.b6.jar C:\Users\Rama\.p2\pool\plugins\org.yaml.snakeyaml_1.21.0.jar C:\Users\Rama\.m2\repository\org\seleniumhq\selenium\selenium-java\4.0.0-alpha-7\selenium-java-4.0.0-alpha-7.jar C:\Users\Rama\.m2\repository\org\seleniumhq\selenium\selenium-api\4.0.0-alpha-7\selenium-api-4.0.0-alpha-7.jar C:\Users\Rama\.m2\repository\org\seleniumhq\selenium\selenium-chrome-driver\4.0.0-alpha-7\selenium-chrome-driver-4.0.0-alpha-7.jar C:\Users\Rama\.m2\repository\com\google\auto\service\auto-service-annotations\1.0-rc7\auto-service-annotations-1.0-rc7.jar C:\Users\Rama\.m2\repository\com\google\auto\service\auto-service\1.0-rc7\auto-service-1.0-rc7.jar C:\Users\Rama\.m2\repository\com\google\auto\auto-common\0.10\auto-common-0.10.jar C:\Users\Rama\.m2\repository\com\google\guava\guava\30.0-jre\guava-30.0-jre.jar C:\Users\Rama\.m2\repository\com\google\guava\failureaccess\1.0.1\failureaccess-1.0.1.jar C:\Users\Rama\.m2\repository\com\google\guava\listenablefuture\9999.0-empty-to-avoid-conflict-with-guava\listenablefuture-9999.0-empty-to-avoid-conflict-with-guava.jar C:\Users\Rama\.m2\repository\com\google\code\findbugs\jsr305\3.0.2\jsr305-3.0.2.jar C:\Users\Rama\.m2\repository\org\checkerframework\checker-qual\3.5.0\checker-qual-3.5.0.jar C:\Users\Rama\.m2\repository\com\google\errorprone\error_prone_annotations\2.3.4\error_prone_annotations-2.3.4.jar C:\Users\Rama\.m2\repository\com\google\j2objc\j2objc-annotations\1.3\j2objc-annotations-1.3.jar C:\Users\Rama\.m2\repository\org\seleniumhq\selenium\selenium-chromium-driver\4.0.0-alpha-7\selenium-chromium-driver-4.0.0-alpha-7.jar C:\Users\Rama\.m2\repository\org\seleniumhq\selenium\selenium-devtools\4.0.0-alpha-7\selenium-devtools-4.0.0-alpha-7.jar C:\Users\Rama\.m2\repository\org\seleniumhq\selenium\selenium-http\4.0.0-alpha-7\selenium-http-4.0.0-alpha-7.jar C:\Users\Rama\.m2\repository\org\seleniumhq\selenium\selenium-json\4.0.0-alpha-7\selenium-json-4.0.0-alpha-7.jar C:\Users\Rama\.m2\repository\org\seleniumhq\selenium\selenium-devtools-v84\4.0.0-alpha-7\selenium-devtools-v84-4.0.0-alpha-7.jar C:\Users\Rama\.m2\repository\org\seleniumhq\selenium\selenium-devtools-v85\4.0.0-alpha-7\selenium-devtools-v85-4.0.0-alpha-7.jar C:\Users\Rama\.m2\repository\org\seleniumhq\selenium\selenium-devtools-v86\4.0.0-alpha-7\selenium-devtools-v86-4.0.0-alpha-7.jar C:\Users\Rama\.m2\repository\org\seleniumhq\selenium\selenium-devtools-v87\4.0.0-alpha-7\selenium-devtools-v87-4.0.0-alpha-7.jar C:\Users\Rama\.m2\repository\org\seleniumhq\selenium\selenium-edge-driver\4.0.0-alpha-7\selenium-edge-driver-4.0.0-alpha-7.jar C:\Users\Rama\.m2\repository\org\seleniumhq\selenium\selenium-edgehtml-driver\4.0.0-alpha-7\selenium-edgehtml-driver-4.0.0-alpha-7.jar C:\Users\Rama\.m2\repository\org\seleniumhq\selenium\selenium-firefox-driver\4.0.0-alpha-7\selenium-firefox-driver-4.0.0-alpha-7.jar C:\Users\Rama\.m2\repository\org\seleniumhq\selenium\selenium-firefox-xpi-driver\4.0.0-alpha-7\selenium-firefox-xpi-driver-4.0.0-alpha-7.jar C:\Users\Rama\.m2\repository\org\seleniumhq\selenium\selenium-ie-driver\4.0.0-alpha-7\selenium-ie-driver-4.0.0-alpha-7.jar C:\Users\Rama\.m2\repository\org\seleniumhq\selenium\selenium-opera-driver\4.0.0-alpha-7\selenium-opera-driver-4.0.0-alpha-7.jar C:\Users\Rama\.m2\repository\org\seleniumhq\selenium\selenium-remote-driver\4.0.0-alpha-7\selenium-remote-driver-4.0.0-alpha-7.jar C:\Users\Rama\.m2\repository\com\typesafe\netty\netty-reactive-streams\2.0.4\netty-reactive-streams-2.0.4.jar C:\Users\Rama\.m2\repository\io\netty\netty-handler\4.1.43.Final\netty-handler-4.1.43.Final.jar C:\Users\Rama\.m2\repository\org\reactivestreams\reactive-streams\1.0.3\reactive-streams-1.0.3.jar C:\Users\Rama\.m2\repository\io\grpc\grpc-context\1.32.1\grpc-context-1.32.1.jar C:\Users\Rama\.m2\repository\io\netty\netty-buffer\4.1.53.Final\netty-buffer-4.1.53.Final.jar C:\Users\Rama\.m2\repository\io\netty\netty-codec-http\4.1.53.Final\netty-codec-http-4.1.53.Final.jar C:\Users\Rama\.m2\repository\io\netty\netty-codec\4.1.53.Final\netty-codec-4.1.53.Final.jar C:\Users\Rama\.m2\repository\io\netty\netty-common\4.1.53.Final\netty-common-4.1.53.Final.jar C:\Users\Rama\.m2\repository\io\netty\netty-transport-native-epoll\4.1.53.Final\netty-transport-native-epoll-4.1.53.Final.jar C:\Users\Rama\.m2\repository\io\netty\netty-transport-native-epoll\4.1.53.Final\netty-transport-native-epoll-4.1.53.Final-linux-x86_64.jar C:\Users\Rama\.m2\repository\io\netty\netty-transport-native-kqueue\4.1.53.Final\netty-transport-native-kqueue-4.1.53.Final.jar C:\Users\Rama\.m2\repository\io\netty\netty-transport-native-kqueue\4.1.53.Final\netty-transport-native-kqueue-4.1.53.Final-osx-x86_64.jar C:\Users\Rama\.m2\repository\io\netty\netty-transport-native-unix-common\4.1.53.Final\netty-transport-native-unix-common-4.1.53.Final.jar C:\Users\Rama\.m2\repository\io\netty\netty-transport\4.1.53.Final\netty-transport-4.1.53.Final.jar C:\Users\Rama\.m2\repository\io\netty\netty-resolver\4.1.53.Final\netty-resolver-4.1.53.Final.jar C:\Users\Rama\.m2\repository\io\opentelemetry\opentelemetry-api\0.9.1\opentelemetry-api-0.9.1.jar C:\Users\Rama\.m2\repository\io\opentelemetry\opentelemetry-context-prop\0.9.1\opentelemetry-context-prop-0.9.1.jar C:\Users\Rama\.m2\repository\io\opentelemetry\opentelemetry-sdk\0.9.1\opentelemetry-sdk-0.9.1.jar C:\Users\Rama\.m2\repository\io\opentelemetry\opentelemetry-sdk-common\0.9.1\opentelemetry-sdk-common-0.9.1.jar C:\Users\Rama\.m2\repository\io\opentelemetry\opentelemetry-sdk-baggage\0.9.1\opentelemetry-sdk-baggage-0.9.1.jar C:\Users\Rama\.m2\repository\io\opentelemetry\opentelemetry-sdk-metrics\0.9.1\opentelemetry-sdk-metrics-0.9.1.jar C:\Users\Rama\.m2\repository\io\opentelemetry\opentelemetry-sdk-tracing\0.9.1\opentelemetry-sdk-tracing-0.9.1.jar C:\Users\Rama\.m2\repository\io\projectreactor\netty\reactor-netty-http\1.0.0\reactor-netty-http-1.0.0.jar C:\Users\Rama\.m2\repository\io\netty\netty-codec-http2\4.1.53.Final\netty-codec-http2-4.1.53.Final.jar C:\Users\Rama\.m2\repository\io\netty\netty-resolver-dns\4.1.53.Final\netty-resolver-dns-4.1.53.Final.jar C:\Users\Rama\.m2\repository\io\netty\netty-codec-dns\4.1.53.Final\netty-codec-dns-4.1.53.Final.jar C:\Users\Rama\.m2\repository\io\projectreactor\netty\reactor-netty-core\1.0.0\reactor-netty-core-1.0.0.jar C:\Users\Rama\.m2\repository\io\projectreactor\netty\reactor-netty\1.0.0\reactor-netty-1.0.0.jar C:\Users\Rama\.m2\repository\io\projectreactor\netty\reactor-netty-http-brave\1.0.0\reactor-netty-http-brave-1.0.0.jar C:\Users\Rama\.m2\repository\io\zipkin\brave\brave-instrumentation-http\5.12.7\brave-instrumentation-http-5.12.7.jar C:\Users\Rama\.m2\repository\io\zipkin\brave\brave\5.12.7\brave-5.12.7.jar C:\Users\Rama\.m2\repository\io\zipkin\reporter2\zipkin-reporter-brave\2.15.2\zipkin-reporter-brave-2.15.2.jar C:\Users\Rama\.m2\repository\io\zipkin\reporter2\zipkin-reporter\2.15.2\zipkin-reporter-2.15.2.jar C:\Users\Rama\.m2\repository\io\zipkin\zipkin2\zipkin\2.21.7\zipkin-2.21.7.jar C:\Users\Rama\.m2\repository\io\projectreactor\reactor-core\3.4.0\reactor-core-3.4.0.jar C:\Users\Rama\.m2\repository\net\bytebuddy\byte-buddy\1.10.18\byte-buddy-1.10.18.jar C:\Users\Rama\.m2\repository\org\apache\commons\commons-exec\1.3\commons-exec-1.3.jar C:\Users\Rama\.m2\repository\org\asynchttpclient\async-http-client\2.12.1\async-http-client-2.12.1.jar C:\Users\Rama\.m2\repository\org\asynchttpclient\async-http-client-netty-utils\2.12.1\async-http-client-netty-utils-2.12.1.jar C:\Users\Rama\.m2\repository\io\netty\netty-codec-socks\4.1.48.Final\netty-codec-socks-4.1.48.Final.jar C:\Users\Rama\.m2\repository\io\netty\netty-handler-proxy\4.1.48.Final\netty-handler-proxy-4.1.48.Final.jar C:\Users\Rama\.m2\repository\org\slf4j\slf4j-api\1.7.30\slf4j-api-1.7.30.jar C:\Users\Rama\.m2\repository\com\sun\activation\javax.activation\1.2.0\javax.activation-1.2.0.jar C:\Users\Rama\.m2\repository\org\seleniumhq\selenium\selenium-safari-driver\4.0.0-alpha-7\selenium-safari-driver-4.0.0-alpha-7.jar C:\Users\Rama\.m2\repository\org\seleniumhq\selenium\selenium-support\4.0.0-alpha-7\selenium-support-4.0.0-alpha-7.jar C:\Users\Rama\.m2\repository\org\testng\testng\7.3.0\testng-7.3.0.jar C:\Users\Rama\.m2\repository\com\beust\jcommander\1.78\jcommander-1.78.jar C:\Users\Rama\.m2\repository\org\apache\ant\ant\1.10.3\ant-1.10.3.jar C:\Users\Rama\.m2\repository\org\apache\ant\ant-launcher\1.10.3\ant-launcher-1.10.3.jar C:\Users\Rama\.m2\repository\junit\junit\4.12\junit-4.12.jar C:\Users\Rama\.m2\repository\org\hamcrest\hamcrest-core\1.3\hamcrest-core-1.3.jar C:\Users\Rama\.m2\repository\com\google\inject\guice\4.2.2\guice-4.2.2-no_aop.jar C:\Users\Rama\.m2\repository\javax\inject\javax.inject\1\javax.inject-1.jar C:\Users\Rama\.m2\repository\aopalliance\aopalliance\1.0\aopalliance-1.0.jar C:\Users\Rama\.m2\repository\org\yaml\snakeyaml\1.21\snakeyaml-1.21.jar C:\Users\Rama\.m2\repository\info\cukes\cucumber-junit\1.2.5\cucumber-junit-1.2.5.jar C:\Users\Rama\.m2\repository\info\cukes\cucumber-core\1.2.5\cucumber-core-1.2.5.jar C:\Users\Rama\.m2\repository\info\cukes\cucumber-html\0.2.3\cucumber-html-0.2.3.jar C:\Users\Rama\.m2\repository\info\cukes\cucumber-jvm-deps\1.0.5\cucumber-jvm-deps-1.0.5.jar C:\Users\Rama\.m2\repository\info\cukes\gherkin\2.12.2\gherkin-2.12.2.jar C:\Users\Rama\.m2\repository\org\seleniumhq\selenium\selenium-server\2.53.0\selenium-server-2.53.0.jar C:\Users\Rama\.m2\repository\org\bouncycastle\bcprov-jdk15on\1.48\bcprov-jdk15on-1.48.jar C:\Users\Rama\.m2\repository\org\bouncycastle\bcpkix-jdk15on\1.48\bcpkix-jdk15on-1.48.jar C:\Users\Rama\.m2\repository\mx4j\mx4j-tools\3.0.1\mx4j-tools-3.0.1.jar C:\Users\Rama\.m2\repository\org\seleniumhq\selenium\jetty-repacked\9.2.13.v20150730\jetty-repacked-9.2.13.v20150730.jar C:\Users\Rama\.m2\repository\javax\servlet\javax.servlet-api\3.1.0\javax.servlet-api-3.1.0.jar C:\Users\Rama\.m2\repository\org\seleniumhq\selenium\jetty-rc-repacked\5\jetty-rc-repacked-5.jar C:\Users\Rama\.m2\repository\net\jcip\jcip-annotations\1.0\jcip-annotations-1.0.jar C:\Users\Rama\.m2\repository\commons-codec\commons-codec\1.10\commons-codec-1.10.jar
  VMArgs:    -ea
  Class:     org.testng.remote.RemoteTestNG
  Args:      -serport 59422 -protocol json -d C:\Users\Rama\eclipse-workspace\first_maven\test-output C:\Users\Rama\AppData\Local\Temp\testng-eclipse-755554666\testng-customsuite.xml
java -ea -classpath C:\Users\Rama\eclipse\java-2020-123\eclipse\configuration\org.eclipse.osgi\443\0\.cp\lib\testng-remote.jar:C:\Users\Rama\eclipse-workspace\first_maven\target\test-classes:C:\Users\Rama\eclipse-workspace\first_maven\target\classes:C:\Users\Rama\.p2\pool\plugins\org.testng_7.3.0.r202008060316.jar:C:\Users\Rama\.p2\pool\plugins\com.beust.jcommander_1.78.0.jar:C:\Users\Rama\.p2\pool\plugins\org.apache-extras.beanshell.bsh_2.0.0.b6.jar:C:\Users\Rama\.p2\pool\plugins\org.yaml.snakeyaml_1.21.0.jar:C:\Users\Rama\.m2\repository\org\seleniumhq\selenium\selenium-java\4.0.0-alpha-7\selenium-java-4.0.0-alpha-7.jar:C:\Users\Rama\.m2\repository\org\seleniumhq\selenium\selenium-api\4.0.0-alpha-7\selenium-api-4.0.0-alpha-7.jar:C:\Users\Rama\.m2\repository\org\seleniumhq\selenium\selenium-chrome-driver\4.0.0-alpha-7\selenium-chrome-driver-4.0.0-alpha-7.jar:C:\Users\Rama\.m2\repository\com\google\auto\service\auto-service-annotations\1.0-rc7\auto-service-annotations-1.0-rc7.jar:C:\Users\Rama\.m2\repository\com\google\auto\service\auto-service\1.0-rc7\auto-service-1.0-rc7.jar:C:\Users\Rama\.m2\repository\com\google\auto\auto-common\0.10\auto-common-0.10.jar:C:\Users\Rama\.m2\repository\com\google\guava\guava\30.0-jre\guava-30.0-jre.jar:C:\Users\Rama\.m2\repository\com\google\guava\failureaccess\1.0.1\failureaccess-1.0.1.jar:C:\Users\Rama\.m2\repository\com\google\guava\listenablefuture\9999.0-empty-to-avoid-conflict-with-guava\listenablefuture-9999.0-empty-to-avoid-conflict-with-guava.jar:C:\Users\Rama\.m2\repository\com\google\code\findbugs\jsr305\3.0.2\jsr305-3.0.2.jar:C:\Users\Rama\.m2\repository\org\checkerframework\checker-qual\3.5.0\checker-qual-3.5.0.jar:C:\Users\Rama\.m2\repository\com\google\errorprone\error_prone_annotations\2.3.4\error_prone_annotations-2.3.4.jar:C:\Users\Rama\.m2\repository\com\google\j2objc\j2objc-annotations\1.3\j2objc-annotations-1.3.jar:C:\Users\Rama\.m2\repository\org\seleniumhq\selenium\selenium-chromium-driver\4.0.0-alpha-7\selenium-chromium-driver-4.0.0-alpha-7.jar:C:\Users\Rama\.m2\repository\org\seleniumhq\selenium\selenium-devtools\4.0.0-alpha-7\selenium-devtools-4.0.0-alpha-7.jar:C:\Users\Rama\.m2\repository\org\seleniumhq\selenium\selenium-http\4.0.0-alpha-7\selenium-http-4.0.0-alpha-7.jar:C:\Users\Rama\.m2\repository\org\seleniumhq\selenium\selenium-json\4.0.0-alpha-7\selenium-json-4.0.0-alpha-7.jar:C:\Users\Rama\.m2\repository\org\seleniumhq\selenium\selenium-devtools-v84\4.0.0-alpha-7\selenium-devtools-v84-4.0.0-alpha-7.jar:C:\Users\Rama\.m2\repository\org\seleniumhq\selenium\selenium-devtools-v85\4.0.0-alpha-7\selenium-devtools-v85-4.0.0-alpha-7.jar:C:\Users\Rama\.m2\repository\org\seleniumhq\selenium\selenium-devtools-v86\4.0.0-alpha-7\selenium-devtools-v86-4.0.0-alpha-7.jar:C:\Users\Rama\.m2\repository\org\seleniumhq\selenium\selenium-devtools-v87\4.0.0-alpha-7\selenium-devtools-v87-4.0.0-alpha-7.jar:C:\Users\Rama\.m2\repository\org\seleniumhq\selenium\selenium-edge-driver\4.0.0-alpha-7\selenium-edge-driver-4.0.0-alpha-7.jar:C:\Users\Rama\.m2\repository\org\seleniumhq\selenium\selenium-edgehtml-driver\4.0.0-alpha-7\selenium-edgehtml-driver-4.0.0-alpha-7.jar:C:\Users\Rama\.m2\repository\org\seleniumhq\selenium\selenium-firefox-driver\4.0.0-alpha-7\selenium-firefox-driver-4.0.0-alpha-7.jar:C:\Users\Rama\.m2\repository\org\seleniumhq\selenium\selenium-firefox-xpi-driver\4.0.0-alpha-7\selenium-firefox-xpi-driver-4.0.0-alpha-7.jar:C:\Users\Rama\.m2\repository\org\seleniumhq\selenium\selenium-ie-driver\4.0.0-alpha-7\selenium-ie-driver-4.0.0-alpha-7.jar:C:\Users\Rama\.m2\repository\org\seleniumhq\selenium\selenium-opera-driver\4.0.0-alpha-7\selenium-opera-driver-4.0.0-alpha-7.jar:C:\Users\Rama\.m2\repository\org\seleniumhq\selenium\selenium-remote-driver\4.0.0-alpha-7\selenium-remote-driver-4.0.0-alpha-7.jar:C:\Users\Rama\.m2\repository\com\typesafe\netty\netty-reactive-streams\2.0.4\netty-reactive-streams-2.0.4.jar:C:\Users\Rama\.m2\repository\io\netty\netty-handler\4.1.43.Final\netty-handler-4.1.43.Final.jar:C:\Users\Rama\.m2\repository\org\reactivestreams\reactive-streams\1.0.3\reactive-streams-1.0.3.jar:C:\Users\Rama\.m2\repository\io\grpc\grpc-context\1.32.1\grpc-context-1.32.1.jar:C:\Users\Rama\.m2\repository\io\netty\netty-buffer\4.1.53.Final\netty-buffer-4.1.53.Final.jar:C:\Users\Rama\.m2\repository\io\netty\netty-codec-http\4.1.53.Final\netty-codec-http-4.1.53.Final.jar:C:\Users\Rama\.m2\repository\io\netty\netty-codec\4.1.53.Final\netty-codec-4.1.53.Final.jar:C:\Users\Rama\.m2\repository\io\netty\netty-common\4.1.53.Final\netty-common-4.1.53.Final.jar:C:\Users\Rama\.m2\repository\io\netty\netty-transport-native-epoll\4.1.53.Final\netty-transport-native-epoll-4.1.53.Final.jar:C:\Users\Rama\.m2\repository\io\netty\netty-transport-native-epoll\4.1.53.Final\netty-transport-native-epoll-4.1.53.Final-linux-x86_64.jar:C:\Users\Rama\.m2\repository\io\netty\netty-transport-native-kqueue\4.1.53.Final\netty-transport-native-kqueue-4.1.53.Final.jar:C:\Users\Rama\.m2\repository\io\netty\netty-transport-native-kqueue\4.1.53.Final\netty-transport-native-kqueue-4.1.53.Final-osx-x86_64.jar:C:\Users\Rama\.m2\repository\io\netty\netty-transport-native-unix-common\4.1.53.Final\netty-transport-native-unix-common-4.1.53.Final.jar:C:\Users\Rama\.m2\repository\io\netty\netty-transport\4.1.53.Final\netty-transport-4.1.53.Final.jar:C:\Users\Rama\.m2\repository\io\netty\netty-resolver\4.1.53.Final\netty-resolver-4.1.53.Final.jar:C:\Users\Rama\.m2\repository\io\opentelemetry\opentelemetry-api\0.9.1\opentelemetry-api-0.9.1.jar:C:\Users\Rama\.m2\repository\io\opentelemetry\opentelemetry-context-prop\0.9.1\opentelemetry-context-prop-0.9.1.jar:C:\Users\Rama\.m2\repository\io\opentelemetry\opentelemetry-sdk\0.9.1\opentelemetry-sdk-0.9.1.jar:C:\Users\Rama\.m2\repository\io\opentelemetry\opentelemetry-sdk-common\0.9.1\opentelemetry-sdk-common-0.9.1.jar:C:\Users\Rama\.m2\repository\io\opentelemetry\opentelemetry-sdk-baggage\0.9.1\opentelemetry-sdk-baggage-0.9.1.jar:C:\Users\Rama\.m2\repository\io\opentelemetry\opentelemetry-sdk-metrics\0.9.1\opentelemetry-sdk-metrics-0.9.1.jar:C:\Users\Rama\.m2\repository\io\opentelemetry\opentelemetry-sdk-tracing\0.9.1\opentelemetry-sdk-tracing-0.9.1.jar:C:\Users\Rama\.m2\repository\io\projectreactor\netty\reactor-netty-http\1.0.0\reactor-netty-http-1.0.0.jar:C:\Users\Rama\.m2\repository\io\netty\netty-codec-http2\4.1.53.Final\netty-codec-http2-4.1.53.Final.jar:C:\Users\Rama\.m2\repository\io\netty\netty-resolver-dns\4.1.53.Final\netty-resolver-dns-4.1.53.Final.jar:C:\Users\Rama\.m2\repository\io\netty\netty-codec-dns\4.1.53.Final\netty-codec-dns-4.1.53.Final.jar:C:\Users\Rama\.m2\repository\io\projectreactor\netty\reactor-netty-core\1.0.0\reactor-netty-core-1.0.0.jar:C:\Users\Rama\.m2\repository\io\projectreactor\netty\reactor-netty\1.0.0\reactor-netty-1.0.0.jar:C:\Users\Rama\.m2\repository\io\projectreactor\netty\reactor-netty-http-brave\1.0.0\reactor-netty-http-brave-1.0.0.jar:C:\Users\Rama\.m2\repository\io\zipkin\brave\brave-instrumentation-http\5.12.7\brave-instrumentation-http-5.12.7.jar:C:\Users\Rama\.m2\repository\io\zipkin\brave\brave\5.12.7\brave-5.12.7.jar:C:\Users\Rama\.m2\repository\io\zipkin\reporter2\zipkin-reporter-brave\2.15.2\zipkin-reporter-brave-2.15.2.jar:C:\Users\Rama\.m2\repository\io\zipkin\reporter2\zipkin-reporter\2.15.2\zipkin-reporter-2.15.2.jar:C:\Users\Rama\.m2\repository\io\zipkin\zipkin2\zipkin\2.21.7\zipkin-2.21.7.jar:C:\Users\Rama\.m2\repository\io\projectreactor\reactor-core\3.4.0\reactor-core-3.4.0.jar:C:\Users\Rama\.m2\repository\net\bytebuddy\byte-buddy\1.10.18\byte-buddy-1.10.18.jar:C:\Users\Rama\.m2\repository\org\apache\commons\commons-exec\1.3\commons-exec-1.3.jar:C:\Users\Rama\.m2\repository\org\asynchttpclient\async-http-client\2.12.1\async-http-client-2.12.1.jar:C:\Users\Rama\.m2\repository\org\asynchttpclient\async-http-client-netty-utils\2.12.1\async-http-client-netty-utils-2.12.1.jar:C:\Users\Rama\.m2\repository\io\netty\netty-codec-socks\4.1.48.Final\netty-codec-socks-4.1.48.Final.jar:C:\Users\Rama\.m2\repository\io\netty\netty-handler-proxy\4.1.48.Final\netty-handler-proxy-4.1.48.Final.jar:C:\Users\Rama\.m2\repository\org\slf4j\slf4j-api\1.7.30\slf4j-api-1.7.30.jar:C:\Users\Rama\.m2\repository\com\sun\activation\javax.activation\1.2.0\javax.activation-1.2.0.jar:C:\Users\Rama\.m2\repository\org\seleniumhq\selenium\selenium-safari-driver\4.0.0-alpha-7\selenium-safari-driver-4.0.0-alpha-7.jar:C:\Users\Rama\.m2\repository\org\seleniumhq\selenium\selenium-support\4.0.0-alpha-7\selenium-support-4.0.0-alpha-7.jar:C:\Users\Rama\.m2\repository\org\testng\testng\7.3.0\testng-7.3.0.jar:C:\Users\Rama\.m2\repository\com\beust\jcommander\1.78\jcommander-1.78.jar:C:\Users\Rama\.m2\repository\org\apache\ant\ant\1.10.3\ant-1.10.3.jar:C:\Users\Rama\.m2\repository\org\apache\ant\ant-launcher\1.10.3\ant-launcher-1.10.3.jar:C:\Users\Rama\.m2\repository\junit\junit\4.12\junit-4.12.jar:C:\Users\Rama\.m2\repository\org\hamcrest\hamcrest-core\1.3\hamcrest-core-1.3.jar:C:\Users\Rama\.m2\repository\com\google\inject\guice\4.2.2\guice-4.2.2-no_aop.jar:C:\Users\Rama\.m2\repository\javax\inject\javax.inject\1\javax.inject-1.jar:C:\Users\Rama\.m2\repository\aopalliance\aopalliance\1.0\aopalliance-1.0.jar:C:\Users\Rama\.m2\repository\org\yaml\snakeyaml\1.21\snakeyaml-1.21.jar:C:\Users\Rama\.m2\repository\info\cukes\cucumber-junit\1.2.5\cucumber-junit-1.2.5.jar:C:\Users\Rama\.m2\repository\info\cukes\cucumber-core\1.2.5\cucumber-core-1.2.5.jar:C:\Users\Rama\.m2\repository\info\cukes\cucumber-html\0.2.3\cucumber-html-0.2.3.jar:C:\Users\Rama\.m2\repository\info\cukes\cucumber-jvm-deps\1.0.5\cucumber-jvm-deps-1.0.5.jar:C:\Users\Rama\.m2\repository\info\cukes\gherkin\2.12.2\gherkin-2.12.2.jar:C:\Users\Rama\.m2\repository\org\seleniumhq\selenium\selenium-server\2.53.0\selenium-server-2.53.0.jar:C:\Users\Rama\.m2\repository\org\bouncycastle\bcprov-jdk15on\1.48\bcprov-jdk15on-1.48.jar:C:\Users\Rama\.m2\repository\org\bouncycastle\bcpkix-jdk15on\1.48\bcpkix-jdk15on-1.48.jar:C:\Users\Rama\.m2\repository\mx4j\mx4j-tools\3.0.1\mx4j-tools-3.0.1.jar:C:\Users\Rama\.m2\repository\org\seleniumhq\selenium\jetty-repacked\9.2.13.v20150730\jetty-repacked-9.2.13.v20150730.jar:C:\Users\Rama\.m2\repository\javax\servlet\javax.servlet-api\3.1.0\javax.servlet-api-3.1.0.jar:C:\Users\Rama\.m2\repository\org\seleniumhq\selenium\jetty-rc-repacked\5\jetty-rc-repacked-5.jar:C:\Users\Rama\.m2\repository\net\jcip\jcip-annotations\1.0\jcip-annotations-1.0.jar:C:\Users\Rama\.m2\repository\commons-codec\commons-codec\1.10\commons-codec-1.10.jar org.testng.remote.RemoteTestNG -serport 59422 -protocol json -d C:\Users\Rama\eclipse-workspace\first_maven\test-output C:\Users\Rama\AppData\Local\Temp\testng-eclipse-755554666\testng-customsuite.xml

!ENTRY org.testng.eclipse 1 0 2021-03-01 21:28:10.566
!MESSAGE [TestNGLaunchConfigurationDelegate] Launching:
  Classpath: C:\Users\Rama\eclipse\java-2020-123\eclipse\configuration\org.eclipse.osgi\443\0\.cp\lib\testng-remote.jar C:\Users\Rama\eclipse-workspace\first_maven\target\test-classes C:\Users\Rama\eclipse-workspace\first_maven\target\classes C:\Users\Rama\.p2\pool\plugins\org.testng_7.3.0.r202008060316.jar C:\Users\Rama\.p2\pool\plugins\com.beust.jcommander_1.78.0.jar C:\Users\Rama\.p2\pool\plugins\org.apache-extras.beanshell.bsh_2.0.0.b6.jar C:\Users\Rama\.p2\pool\plugins\org.yaml.snakeyaml_1.21.0.jar C:\Users\Rama\.m2\repository\org\seleniumhq\selenium\selenium-java\4.0.0-alpha-7\selenium-java-4.0.0-alpha-7.jar C:\Users\Rama\.m2\repository\org\seleniumhq\selenium\selenium-api\4.0.0-alpha-7\selenium-api-4.0.0-alpha-7.jar C:\Users\Rama\.m2\repository\org\seleniumhq\selenium\selenium-chrome-driver\4.0.0-alpha-7\selenium-chrome-driver-4.0.0-alpha-7.jar C:\Users\Rama\.m2\repository\com\google\auto\service\auto-service-annotations\1.0-rc7\auto-service-annotations-1.0-rc7.jar C:\Users\Rama\.m2\repository\com\google\auto\service\auto-service\1.0-rc7\auto-service-1.0-rc7.jar C:\Users\Rama\.m2\repository\com\google\auto\auto-common\0.10\auto-common-0.10.jar C:\Users\Rama\.m2\repository\com\google\guava\guava\30.0-jre\guava-30.0-jre.jar C:\Users\Rama\.m2\repository\com\google\guava\failureaccess\1.0.1\failureaccess-1.0.1.jar C:\Users\Rama\.m2\repository\com\google\guava\listenablefuture\9999.0-empty-to-avoid-conflict-with-guava\listenablefuture-9999.0-empty-to-avoid-conflict-with-guava.jar C:\Users\Rama\.m2\repository\com\google\code\findbugs\jsr305\3.0.2\jsr305-3.0.2.jar C:\Users\Rama\.m2\repository\org\checkerframework\checker-qual\3.5.0\checker-qual-3.5.0.jar C:\Users\Rama\.m2\repository\com\google\errorprone\error_prone_annotations\2.3.4\error_prone_annotations-2.3.4.jar C:\Users\Rama\.m2\repository\com\google\j2objc\j2objc-annotations\1.3\j2objc-annotations-1.3.jar C:\Users\Rama\.m2\repository\org\seleniumhq\selenium\selenium-chromium-driver\4.0.0-alpha-7\selenium-chromium-driver-4.0.0-alpha-7.jar C:\Users\Rama\.m2\repository\org\seleniumhq\selenium\selenium-devtools\4.0.0-alpha-7\selenium-devtools-4.0.0-alpha-7.jar C:\Users\Rama\.m2\repository\org\seleniumhq\selenium\selenium-http\4.0.0-alpha-7\selenium-http-4.0.0-alpha-7.jar C:\Users\Rama\.m2\repository\org\seleniumhq\selenium\selenium-json\4.0.0-alpha-7\selenium-json-4.0.0-alpha-7.jar C:\Users\Rama\.m2\repository\org\seleniumhq\selenium\selenium-devtools-v84\4.0.0-alpha-7\selenium-devtools-v84-4.0.0-alpha-7.jar C:\Users\Rama\.m2\repository\org\seleniumhq\selenium\selenium-devtools-v85\4.0.0-alpha-7\selenium-devtools-v85-4.0.0-alpha-7.jar C:\Users\Rama\.m2\repository\org\seleniumhq\selenium\selenium-devtools-v86\4.0.0-alpha-7\selenium-devtools-v86-4.0.0-alpha-7.jar C:\Users\Rama\.m2\repository\org\seleniumhq\selenium\selenium-devtools-v87\4.0.0-alpha-7\selenium-devtools-v87-4.0.0-alpha-7.jar C:\Users\Rama\.m2\repository\org\seleniumhq\selenium\selenium-edge-driver\4.0.0-alpha-7\selenium-edge-driver-4.0.0-alpha-7.jar C:\Users\Rama\.m2\repository\org\seleniumhq\selenium\selenium-edgehtml-driver\4.0.0-alpha-7\selenium-edgehtml-driver-4.0.0-alpha-7.jar C:\Users\Rama\.m2\repository\org\seleniumhq\selenium\selenium-firefox-driver\4.0.0-alpha-7\selenium-firefox-driver-4.0.0-alpha-7.jar C:\Users\Rama\.m2\repository\org\seleniumhq\selenium\selenium-firefox-xpi-driver\4.0.0-alpha-7\selenium-firefox-xpi-driver-4.0.0-alpha-7.jar C:\Users\Rama\.m2\repository\org\seleniumhq\selenium\selenium-ie-driver\4.0.0-alpha-7\selenium-ie-driver-4.0.0-alpha-7.jar C:\Users\Rama\.m2\repository\org\seleniumhq\selenium\selenium-opera-driver\4.0.0-alpha-7\selenium-opera-driver-4.0.0-alpha-7.jar C:\Users\Rama\.m2\repository\org\seleniumhq\selenium\selenium-remote-driver\4.0.0-alpha-7\selenium-remote-driver-4.0.0-alpha-7.jar C:\Users\Rama\.m2\repository\com\typesafe\netty\netty-reactive-streams\2.0.4\netty-reactive-streams-2.0.4.jar C:\Users\Rama\.m2\repository\io\netty\netty-handler\4.1.43.Final\netty-handler-4.1.43.Final.jar C:\Users\Rama\.m2\repository\org\reactivestreams\reactive-streams\1.0.3\reactive-streams-1.0.3.jar C:\Users\Rama\.m2\repository\io\grpc\grpc-context\1.32.1\grpc-context-1.32.1.jar C:\Users\Rama\.m2\repository\io\netty\netty-buffer\4.1.53.Final\netty-buffer-4.1.53.Final.jar C:\Users\Rama\.m2\repository\io\netty\netty-codec-http\4.1.53.Final\netty-codec-http-4.1.53.Final.jar C:\Users\Rama\.m2\repository\io\netty\netty-codec\4.1.53.Final\netty-codec-4.1.53.Final.jar C:\Users\Rama\.m2\repository\io\netty\netty-common\4.1.53.Final\netty-common-4.1.53.Final.jar C:\Users\Rama\.m2\repository\io\netty\netty-transport-native-epoll\4.1.53.Final\netty-transport-native-epoll-4.1.53.Final.jar C:\Users\Rama\.m2\repository\io\netty\netty-transport-native-epoll\4.1.53.Final\netty-transport-native-epoll-4.1.53.Final-linux-x86_64.jar C:\Users\Rama\.m2\repository\io\netty\netty-transport-native-kqueue\4.1.53.Final\netty-transport-native-kqueue-4.1.53.Final.jar C:\Users\Rama\.m2\repository\io\netty\netty-transport-native-kqueue\4.1.53.Final\netty-transport-native-kqueue-4.1.53.Final-osx-x86_64.jar C:\Users\Rama\.m2\repository\io\netty\netty-transport-native-unix-common\4.1.53.Final\netty-transport-native-unix-common-4.1.53.Final.jar C:\Users\Rama\.m2\repository\io\netty\netty-transport\4.1.53.Final\netty-transport-4.1.53.Final.jar C:\Users\Rama\.m2\repository\io\netty\netty-resolver\4.1.53.Final\netty-resolver-4.1.53.Final.jar C:\Users\Rama\.m2\repository\io\opentelemetry\opentelemetry-api\0.9.1\opentelemetry-api-0.9.1.jar C:\Users\Rama\.m2\repository\io\opentelemetry\opentelemetry-context-prop\0.9.1\opentelemetry-context-prop-0.9.1.jar C:\Users\Rama\.m2\repository\io\opentelemetry\opentelemetry-sdk\0.9.1\opentelemetry-sdk-0.9.1.jar C:\Users\Rama\.m2\repository\io\opentelemetry\opentelemetry-sdk-common\0.9.1\opentelemetry-sdk-common-0.9.1.jar C:\Users\Rama\.m2\repository\io\opentelemetry\opentelemetry-sdk-baggage\0.9.1\opentelemetry-sdk-baggage-0.9.1.jar C:\Users\Rama\.m2\repository\io\opentelemetry\opentelemetry-sdk-metrics\0.9.1\opentelemetry-sdk-metrics-0.9.1.jar C:\Users\Rama\.m2\repository\io\opentelemetry\opentelemetry-sdk-tracing\0.9.1\opentelemetry-sdk-tracing-0.9.1.jar C:\Users\Rama\.m2\repository\io\projectreactor\netty\reactor-netty-http\1.0.0\reactor-netty-http-1.0.0.jar C:\Users\Rama\.m2\repository\io\netty\netty-codec-http2\4.1.53.Final\netty-codec-http2-4.1.53.Final.jar C:\Users\Rama\.m2\repository\io\netty\netty-resolver-dns\4.1.53.Final\netty-resolver-dns-4.1.53.Final.jar C:\Users\Rama\.m2\repository\io\netty\netty-codec-dns\4.1.53.Final\netty-codec-dns-4.1.53.Final.jar C:\Users\Rama\.m2\repository\io\projectreactor\netty\reactor-netty-core\1.0.0\reactor-netty-core-1.0.0.jar C:\Users\Rama\.m2\repository\io\projectreactor\netty\reactor-netty\1.0.0\reactor-netty-1.0.0.jar C:\Users\Rama\.m2\repository\io\projectreactor\netty\reactor-netty-http-brave\1.0.0\reactor-netty-http-brave-1.0.0.jar C:\Users\Rama\.m2\repository\io\zipkin\brave\brave-instrumentation-http\5.12.7\brave-instrumentation-http-5.12.7.jar C:\Users\Rama\.m2\repository\io\zipkin\brave\brave\5.12.7\brave-5.12.7.jar C:\Users\Rama\.m2\repository\io\zipkin\reporter2\zipkin-reporter-brave\2.15.2\zipkin-reporter-brave-2.15.2.jar C:\Users\Rama\.m2\repository\io\zipkin\reporter2\zipkin-reporter\2.15.2\zipkin-reporter-2.15.2.jar C:\Users\Rama\.m2\repository\io\zipkin\zipkin2\zipkin\2.21.7\zipkin-2.21.7.jar C:\Users\Rama\.m2\repository\io\projectreactor\reactor-core\3.4.0\reactor-core-3.4.0.jar C:\Users\Rama\.m2\repository\net\bytebuddy\byte-buddy\1.10.18\byte-buddy-1.10.18.jar C:\Users\Rama\.m2\repository\org\apache\commons\commons-exec\1.3\commons-exec-1.3.jar C:\Users\Rama\.m2\repository\org\asynchttpclient\async-http-client\2.12.1\async-http-client-2.12.1.jar C:\Users\Rama\.m2\repository\org\asynchttpclient\async-http-client-netty-utils\2.12.1\async-http-client-netty-utils-2.12.1.jar C:\Users\Rama\.m2\repository\io\netty\netty-codec-socks\4.1.48.Final\netty-codec-socks-4.1.48.Final.jar C:\Users\Rama\.m2\repository\io\netty\netty-handler-proxy\4.1.48.Final\netty-handler-proxy-4.1.48.Final.jar C:\Users\Rama\.m2\repository\org\slf4j\slf4j-api\1.7.30\slf4j-api-1.7.30.jar C:\Users\Rama\.m2\repository\com\sun\activation\javax.activation\1.2.0\javax.activation-1.2.0.jar C:\Users\Rama\.m2\repository\org\seleniumhq\selenium\selenium-safari-driver\4.0.0-alpha-7\selenium-safari-driver-4.0.0-alpha-7.jar C:\Users\Rama\.m2\repository\org\seleniumhq\selenium\selenium-support\4.0.0-alpha-7\selenium-support-4.0.0-alpha-7.jar C:\Users\Rama\.m2\repository\org\testng\testng\7.3.0\testng-7.3.0.jar C:\Users\Rama\.m2\repository\com\beust\jcommander\1.78\jcommander-1.78.jar C:\Users\Rama\.m2\repository\org\apache\ant\ant\1.10.3\ant-1.10.3.jar C:\Users\Rama\.m2\repository\org\apache\ant\ant-launcher\1.10.3\ant-launcher-1.10.3.jar C:\Users\Rama\.m2\repository\junit\junit\4.12\junit-4.12.jar C:\Users\Rama\.m2\repository\org\hamcrest\hamcrest-core\1.3\hamcrest-core-1.3.jar C:\Users\Rama\.m2\repository\com\google\inject\guice\4.2.2\guice-4.2.2-no_aop.jar C:\Users\Rama\.m2\repository\javax\inject\javax.inject\1\javax.inject-1.jar C:\Users\Rama\.m2\repository\aopalliance\aopalliance\1.0\aopalliance-1.0.jar C:\Users\Rama\.m2\repository\org\yaml\snakeyaml\1.21\snakeyaml-1.21.jar C:\Users\Rama\.m2\repository\info\cukes\cucumber-junit\1.2.5\cucumber-junit-1.2.5.jar C:\Users\Rama\.m2\repository\info\cukes\cucumber-core\1.2.5\cucumber-core-1.2.5.jar C:\Users\Rama\.m2\repository\info\cukes\cucumber-html\0.2.3\cucumber-html-0.2.3.jar C:\Users\Rama\.m2\repository\info\cukes\cucumber-jvm-deps\1.0.5\cucumber-jvm-deps-1.0.5.jar C:\Users\Rama\.m2\repository\info\cukes\gherkin\2.12.2\gherkin-2.12.2.jar C:\Users\Rama\.m2\repository\org\seleniumhq\selenium\selenium-server\2.48.2\selenium-server-2.48.2.jar C:\Users\Rama\.m2\repository\org\bouncycastle\bcprov-jdk15on\1.48\bcprov-jdk15on-1.48.jar C:\Users\Rama\.m2\repository\org\bouncycastle\bcpkix-jdk15on\1.48\bcpkix-jdk15on-1.48.jar C:\Users\Rama\.m2\repository\mx4j\mx4j-tools\3.0.1\mx4j-tools-3.0.1.jar C:\Users\Rama\.m2\repository\org\mortbay\jetty\servlet-api-2.5\6.1.9\servlet-api-2.5-6.1.9.jar C:\Users\Rama\.m2\repository\org\seleniumhq\selenium\jetty-repacked\9.2.13.v20150730\jetty-repacked-9.2.13.v20150730.jar C:\Users\Rama\.m2\repository\javax\servlet\javax.servlet-api\3.1.0\javax.servlet-api-3.1.0.jar C:\Users\Rama\.m2\repository\org\seleniumhq\selenium\jetty-rc-repacked\5\jetty-rc-repacked-5.jar C:\Users\Rama\.m2\repository\net\jcip\jcip-annotations\1.0\jcip-annotations-1.0.jar C:\Users\Rama\.m2\repository\commons-codec\commons-codec\1.10\commons-codec-1.10.jar
  VMArgs:    -ea
  Class:     org.testng.remote.RemoteTestNG
  Args:      -serport 59641 -protocol json -d C:\Users\Rama\eclipse-workspace\first_maven\test-output C:\Users\Rama\AppData\Local\Temp\testng-eclipse--1440545559\testng-customsuite.xml
java -ea -classpath C:\Users\Rama\eclipse\java-2020-123\eclipse\configuration\org.eclipse.osgi\443\0\.cp\lib\testng-remote.jar:C:\Users\Rama\eclipse-workspace\first_maven\target\test-classes:C:\Users\Rama\eclipse-workspace\first_maven\target\classes:C:\Users\Rama\.p2\pool\plugins\org.testng_7.3.0.r202008060316.jar:C:\Users\Rama\.p2\pool\plugins\com.beust.jcommander_1.78.0.jar:C:\Users\Rama\.p2\pool\plugins\org.apache-extras.beanshell.bsh_2.0.0.b6.jar:C:\Users\Rama\.p2\pool\plugins\org.yaml.snakeyaml_1.21.0.jar:C:\Users\Rama\.m2\repository\org\seleniumhq\selenium\selenium-java\4.0.0-alpha-7\selenium-java-4.0.0-alpha-7.jar:C:\Users\Rama\.m2\repository\org\seleniumhq\selenium\selenium-api\4.0.0-alpha-7\selenium-api-4.0.0-alpha-7.jar:C:\Users\Rama\.m2\repository\org\seleniumhq\selenium\selenium-chrome-driver\4.0.0-alpha-7\selenium-chrome-driver-4.0.0-alpha-7.jar:C:\Users\Rama\.m2\repository\com\google\auto\service\auto-service-annotations\1.0-rc7\auto-service-annotations-1.0-rc7.jar:C:\Users\Rama\.m2\repository\com\google\auto\service\auto-service\1.0-rc7\auto-service-1.0-rc7.jar:C:\Users\Rama\.m2\repository\com\google\auto\auto-common\0.10\auto-common-0.10.jar:C:\Users\Rama\.m2\repository\com\google\guava\guava\30.0-jre\guava-30.0-jre.jar:C:\Users\Rama\.m2\repository\com\google\guava\failureaccess\1.0.1\failureaccess-1.0.1.jar:C:\Users\Rama\.m2\repository\com\google\guava\listenablefuture\9999.0-empty-to-avoid-conflict-with-guava\listenablefuture-9999.0-empty-to-avoid-conflict-with-guava.jar:C:\Users\Rama\.m2\repository\com\google\code\findbugs\jsr305\3.0.2\jsr305-3.0.2.jar:C:\Users\Rama\.m2\repository\org\checkerframework\checker-qual\3.5.0\checker-qual-3.5.0.jar:C:\Users\Rama\.m2\repository\com\google\errorprone\error_prone_annotations\2.3.4\error_prone_annotations-2.3.4.jar:C:\Users\Rama\.m2\repository\com\google\j2objc\j2objc-annotations\1.3\j2objc-annotations-1.3.jar:C:\Users\Rama\.m2\repository\org\seleniumhq\selenium\selenium-chromium-driver\4.0.0-alpha-7\selenium-chromium-driver-4.0.0-alpha-7.jar:C:\Users\Rama\.m2\repository\org\seleniumhq\selenium\selenium-devtools\4.0.0-alpha-7\selenium-devtools-4.0.0-alpha-7.jar:C:\Users\Rama\.m2\repository\org\seleniumhq\selenium\selenium-http\4.0.0-alpha-7\selenium-http-4.0.0-alpha-7.jar:C:\Users\Rama\.m2\repository\org\seleniumhq\selenium\selenium-json\4.0.0-alpha-7\selenium-json-4.0.0-alpha-7.jar:C:\Users\Rama\.m2\repository\org\seleniumhq\selenium\selenium-devtools-v84\4.0.0-alpha-7\selenium-devtools-v84-4.0.0-alpha-7.jar:C:\Users\Rama\.m2\repository\org\seleniumhq\selenium\selenium-devtools-v85\4.0.0-alpha-7\selenium-devtools-v85-4.0.0-alpha-7.jar:C:\Users\Rama\.m2\repository\org\seleniumhq\selenium\selenium-devtools-v86\4.0.0-alpha-7\selenium-devtools-v86-4.0.0-alpha-7.jar:C:\Users\Rama\.m2\repository\org\seleniumhq\selenium\selenium-devtools-v87\4.0.0-alpha-7\selenium-devtools-v87-4.0.0-alpha-7.jar:C:\Users\Rama\.m2\repository\org\seleniumhq\selenium\selenium-edge-driver\4.0.0-alpha-7\selenium-edge-driver-4.0.0-alpha-7.jar:C:\Users\Rama\.m2\repository\org\seleniumhq\selenium\selenium-edgehtml-driver\4.0.0-alpha-7\selenium-edgehtml-driver-4.0.0-alpha-7.jar:C:\Users\Rama\.m2\repository\org\seleniumhq\selenium\selenium-firefox-driver\4.0.0-alpha-7\selenium-firefox-driver-4.0.0-alpha-7.jar:C:\Users\Rama\.m2\repository\org\seleniumhq\selenium\selenium-firefox-xpi-driver\4.0.0-alpha-7\selenium-firefox-xpi-driver-4.0.0-alpha-7.jar:C:\Users\Rama\.m2\repository\org\seleniumhq\selenium\selenium-ie-driver\4.0.0-alpha-7\selenium-ie-driver-4.0.0-alpha-7.jar:C:\Users\Rama\.m2\repository\org\seleniumhq\selenium\selenium-opera-driver\4.0.0-alpha-7\selenium-opera-driver-4.0.0-alpha-7.jar:C:\Users\Rama\.m2\repository\org\seleniumhq\selenium\selenium-remote-driver\4.0.0-alpha-7\selenium-remote-driver-4.0.0-alpha-7.jar:C:\Users\Rama\.m2\repository\com\typesafe\netty\netty-reactive-streams\2.0.4\netty-reactive-streams-2.0.4.jar:C:\Users\Rama\.m2\repository\io\netty\netty-handler\4.1.43.Final\netty-handler-4.1.43.Final.jar:C:\Users\Rama\.m2\repository\org\reactivestreams\reactive-streams\1.0.3\reactive-streams-1.0.3.jar:C:\Users\Rama\.m2\repository\io\grpc\grpc-context\1.32.1\grpc-context-1.32.1.jar:C:\Users\Rama\.m2\repository\io\netty\netty-buffer\4.1.53.Final\netty-buffer-4.1.53.Final.jar:C:\Users\Rama\.m2\repository\io\netty\netty-codec-http\4.1.53.Final\netty-codec-http-4.1.53.Final.jar:C:\Users\Rama\.m2\repository\io\netty\netty-codec\4.1.53.Final\netty-codec-4.1.53.Final.jar:C:\Users\Rama\.m2\repository\io\netty\netty-common\4.1.53.Final\netty-common-4.1.53.Final.jar:C:\Users\Rama\.m2\repository\io\netty\netty-transport-native-epoll\4.1.53.Final\netty-transport-native-epoll-4.1.53.Final.jar:C:\Users\Rama\.m2\repository\io\netty\netty-transport-native-epoll\4.1.53.Final\netty-transport-native-epoll-4.1.53.Final-linux-x86_64.jar:C:\Users\Rama\.m2\repository\io\netty\netty-transport-native-kqueue\4.1.53.Final\netty-transport-native-kqueue-4.1.53.Final.jar:C:\Users\Rama\.m2\repository\io\netty\netty-transport-native-kqueue\4.1.53.Final\netty-transport-native-kqueue-4.1.53.Final-osx-x86_64.jar:C:\Users\Rama\.m2\repository\io\netty\netty-transport-native-unix-common\4.1.53.Final\netty-transport-native-unix-common-4.1.53.Final.jar:C:\Users\Rama\.m2\repository\io\netty\netty-transport\4.1.53.Final\netty-transport-4.1.53.Final.jar:C:\Users\Rama\.m2\repository\io\netty\netty-resolver\4.1.53.Final\netty-resolver-4.1.53.Final.jar:C:\Users\Rama\.m2\repository\io\opentelemetry\opentelemetry-api\0.9.1\opentelemetry-api-0.9.1.jar:C:\Users\Rama\.m2\repository\io\opentelemetry\opentelemetry-context-prop\0.9.1\opentelemetry-context-prop-0.9.1.jar:C:\Users\Rama\.m2\repository\io\opentelemetry\opentelemetry-sdk\0.9.1\opentelemetry-sdk-0.9.1.jar:C:\Users\Rama\.m2\repository\io\opentelemetry\opentelemetry-sdk-common\0.9.1\opentelemetry-sdk-common-0.9.1.jar:C:\Users\Rama\.m2\repository\io\opentelemetry\opentelemetry-sdk-baggage\0.9.1\opentelemetry-sdk-baggage-0.9.1.jar:C:\Users\Rama\.m2\repository\io\opentelemetry\opentelemetry-sdk-metrics\0.9.1\opentelemetry-sdk-metrics-0.9.1.jar:C:\Users\Rama\.m2\repository\io\opentelemetry\opentelemetry-sdk-tracing\0.9.1\opentelemetry-sdk-tracing-0.9.1.jar:C:\Users\Rama\.m2\repository\io\projectreactor\netty\reactor-netty-http\1.0.0\reactor-netty-http-1.0.0.jar:C:\Users\Rama\.m2\repository\io\netty\netty-codec-http2\4.1.53.Final\netty-codec-http2-4.1.53.Final.jar:C:\Users\Rama\.m2\repository\io\netty\netty-resolver-dns\4.1.53.Final\netty-resolver-dns-4.1.53.Final.jar:C:\Users\Rama\.m2\repository\io\netty\netty-codec-dns\4.1.53.Final\netty-codec-dns-4.1.53.Final.jar:C:\Users\Rama\.m2\repository\io\projectreactor\netty\reactor-netty-core\1.0.0\reactor-netty-core-1.0.0.jar:C:\Users\Rama\.m2\repository\io\projectreactor\netty\reactor-netty\1.0.0\reactor-netty-1.0.0.jar:C:\Users\Rama\.m2\repository\io\projectreactor\netty\reactor-netty-http-brave\1.0.0\reactor-netty-http-brave-1.0.0.jar:C:\Users\Rama\.m2\repository\io\zipkin\brave\brave-instrumentation-http\5.12.7\brave-instrumentation-http-5.12.7.jar:C:\Users\Rama\.m2\repository\io\zipkin\brave\brave\5.12.7\brave-5.12.7.jar:C:\Users\Rama\.m2\repository\io\zipkin\reporter2\zipkin-reporter-brave\2.15.2\zipkin-reporter-brave-2.15.2.jar:C:\Users\Rama\.m2\repository\io\zipkin\reporter2\zipkin-reporter\2.15.2\zipkin-reporter-2.15.2.jar:C:\Users\Rama\.m2\repository\io\zipkin\zipkin2\zipkin\2.21.7\zipkin-2.21.7.jar:C:\Users\Rama\.m2\repository\io\projectreactor\reactor-core\3.4.0\reactor-core-3.4.0.jar:C:\Users\Rama\.m2\repository\net\bytebuddy\byte-buddy\1.10.18\byte-buddy-1.10.18.jar:C:\Users\Rama\.m2\repository\org\apache\commons\commons-exec\1.3\commons-exec-1.3.jar:C:\Users\Rama\.m2\repository\org\asynchttpclient\async-http-client\2.12.1\async-http-client-2.12.1.jar:C:\Users\Rama\.m2\repository\org\asynchttpclient\async-http-client-netty-utils\2.12.1\async-http-client-netty-utils-2.12.1.jar:C:\Users\Rama\.m2\repository\io\netty\netty-codec-socks\4.1.48.Final\netty-codec-socks-4.1.48.Final.jar:C:\Users\Rama\.m2\repository\io\netty\netty-handler-proxy\4.1.48.Final\netty-handler-proxy-4.1.48.Final.jar:C:\Users\Rama\.m2\repository\org\slf4j\slf4j-api\1.7.30\slf4j-api-1.7.30.jar:C:\Users\Rama\.m2\repository\com\sun\activation\javax.activation\1.2.0\javax.activation-1.2.0.jar:C:\Users\Rama\.m2\repository\org\seleniumhq\selenium\selenium-safari-driver\4.0.0-alpha-7\selenium-safari-driver-4.0.0-alpha-7.jar:C:\Users\Rama\.m2\repository\org\seleniumhq\selenium\selenium-support\4.0.0-alpha-7\selenium-support-4.0.0-alpha-7.jar:C:\Users\Rama\.m2\repository\org\testng\testng\7.3.0\testng-7.3.0.jar:C:\Users\Rama\.m2\repository\com\beust\jcommander\1.78\jcommander-1.78.jar:C:\Users\Rama\.m2\repository\org\apache\ant\ant\1.10.3\ant-1.10.3.jar:C:\Users\Rama\.m2\repository\org\apache\ant\ant-launcher\1.10.3\ant-launcher-1.10.3.jar:C:\Users\Rama\.m2\repository\junit\junit\4.12\junit-4.12.jar:C:\Users\Rama\.m2\repository\org\hamcrest\hamcrest-core\1.3\hamcrest-core-1.3.jar:C:\Users\Rama\.m2\repository\com\google\inject\guice\4.2.2\guice-4.2.2-no_aop.jar:C:\Users\Rama\.m2\repository\javax\inject\javax.inject\1\javax.inject-1.jar:C:\Users\Rama\.m2\repository\aopalliance\aopalliance\1.0\aopalliance-1.0.jar:C:\Users\Rama\.m2\repository\org\yaml\snakeyaml\1.21\snakeyaml-1.21.jar:C:\Users\Rama\.m2\repository\info\cukes\cucumber-junit\1.2.5\cucumber-junit-1.2.5.jar:C:\Users\Rama\.m2\repository\info\cukes\cucumber-core\1.2.5\cucumber-core-1.2.5.jar:C:\Users\Rama\.m2\repository\info\cukes\cucumber-html\0.2.3\cucumber-html-0.2.3.jar:C:\Users\Rama\.m2\repository\info\cukes\cucumber-jvm-deps\1.0.5\cucumber-jvm-deps-1.0.5.jar:C:\Users\Rama\.m2\repository\info\cukes\gherkin\2.12.2\gherkin-2.12.2.jar:C:\Users\Rama\.m2\repository\org\seleniumhq\selenium\selenium-server\2.48.2\selenium-server-2.48.2.jar:C:\Users\Rama\.m2\repository\org\bouncycastle\bcprov-jdk15on\1.48\bcprov-jdk15on-1.48.jar:C:\Users\Rama\.m2\repository\org\bouncycastle\bcpkix-jdk15on\1.48\bcpkix-jdk15on-1.48.jar:C:\Users\Rama\.m2\repository\mx4j\mx4j-tools\3.0.1\mx4j-tools-3.0.1.jar:C:\Users\Rama\.m2\repository\org\mortbay\jetty\servlet-api-2.5\6.1.9\servlet-api-2.5-6.1.9.jar:C:\Users\Rama\.m2\repository\org\seleniumhq\selenium\jetty-repacked\9.2.13.v20150730\jetty-repacked-9.2.13.v20150730.jar:C:\Users\Rama\.m2\repository\javax\servlet\javax.servlet-api\3.1.0\javax.servlet-api-3.1.0.jar:C:\Users\Rama\.m2\repository\org\seleniumhq\selenium\jetty-rc-repacked\5\jetty-rc-repacked-5.jar:C:\Users\Rama\.m2\repository\net\jcip\jcip-annotations\1.0\jcip-annotations-1.0.jar:C:\Users\Rama\.m2\repository\commons-codec\commons-codec\1.10\commons-codec-1.10.jar org.testng.remote.RemoteTestNG -serport 59641 -protocol json -d C:\Users\Rama\eclipse-workspace\first_maven\test-output C:\Users\Rama\AppData\Local\Temp\testng-eclipse--1440545559\testng-customsuite.xml

!ENTRY org.eclipse.m2e.logback.appender 4 0 2021-03-01 21:31:58.222
!MESSAGE Could not download sources for com.google.code.findbugs:jsr305:1.3.9
!STACK 1
org.eclipse.core.runtime.CoreException: Could not resolve artifact com.google.code.findbugs:jsr305:jar:sources:1.3.9
	at org.eclipse.m2e.core.internal.embedder.MavenImpl.lambda$4(MavenImpl.java:804)
	at org.eclipse.m2e.core.internal.embedder.MavenExecutionContext.executeBare(MavenExecutionContext.java:179)
	at org.eclipse.m2e.core.internal.embedder.MavenExecutionContext.execute(MavenExecutionContext.java:114)
	at org.eclipse.m2e.core.internal.embedder.MavenExecutionContext.execute(MavenExecutionContext.java:101)
	at org.eclipse.m2e.core.internal.embedder.MavenImpl.resolve(MavenImpl.java:772)
	at org.eclipse.m2e.core.internal.embedder.MavenImpl.resolve(MavenImpl.java:749)
	at org.eclipse.m2e.jdt.internal.DownloadSourcesJob.download(DownloadSourcesJob.java:330)
	at org.eclipse.m2e.jdt.internal.DownloadSourcesJob.downloadAttachments(DownloadSourcesJob.java:304)
	at org.eclipse.m2e.jdt.internal.DownloadSourcesJob.downloadMaven(DownloadSourcesJob.java:269)
	at org.eclipse.m2e.jdt.internal.DownloadSourcesJob.downloadFilesAndPopulateToUpdate(DownloadSourcesJob.java:233)
	at org.eclipse.m2e.jdt.internal.DownloadSourcesJob.lambda$0(DownloadSourcesJob.java:161)
	at org.eclipse.m2e.core.internal.embedder.MavenExecutionContext.executeBare(MavenExecutionContext.java:179)
	at org.eclipse.m2e.core.internal.embedder.MavenExecutionContext.execute(MavenExecutionContext.java:153)
	at org.eclipse.m2e.core.internal.embedder.MavenExecutionContext.execute(MavenExecutionContext.java:101)
	at org.eclipse.m2e.core.internal.embedder.MavenImpl.execute(MavenImpl.java:1374)
	at org.eclipse.m2e.jdt.internal.DownloadSourcesJob.run(DownloadSourcesJob.java:161)
	at org.eclipse.core.internal.jobs.Worker.run(Worker.java:63)
Contains: Missing com.google.code.findbugs:jsr305:jar:sources:1.3.9
!SUBENTRY 1 org.eclipse.m2e.core 4 -1 2021-03-01 21:31:58.222
!MESSAGE Could not resolve artifact com.google.code.findbugs:jsr305:jar:sources:1.3.9
!SUBENTRY 2 org.eclipse.m2e.core 4 -1 2021-03-01 21:31:58.222
!MESSAGE Missing com.google.code.findbugs:jsr305:jar:sources:1.3.9

!ENTRY org.eclipse.m2e.logback.appender 4 0 2021-03-01 21:32:15.551
!MESSAGE Could not download javadoc for com.google.code.findbugs:jsr305:1.3.9
!STACK 1
org.eclipse.core.runtime.CoreException: Could not resolve artifact com.google.code.findbugs:jsr305:jar:javadoc:1.3.9
	at org.eclipse.m2e.core.internal.embedder.MavenImpl.lambda$4(MavenImpl.java:804)
	at org.eclipse.m2e.core.internal.embedder.MavenExecutionContext.executeBare(MavenExecutionContext.java:179)
	at org.eclipse.m2e.core.internal.embedder.MavenExecutionContext.execute(MavenExecutionContext.java:114)
	at org.eclipse.m2e.core.internal.embedder.MavenExecutionContext.execute(MavenExecutionContext.java:101)
	at org.eclipse.m2e.core.internal.embedder.MavenImpl.resolve(MavenImpl.java:772)
	at org.eclipse.m2e.core.internal.embedder.MavenImpl.resolve(MavenImpl.java:749)
	at org.eclipse.m2e.jdt.internal.DownloadSourcesJob.download(DownloadSourcesJob.java:330)
	at org.eclipse.m2e.jdt.internal.DownloadSourcesJob.downloadAttachments(DownloadSourcesJob.java:316)
	at org.eclipse.m2e.jdt.internal.DownloadSourcesJob.downloadMaven(DownloadSourcesJob.java:269)
	at org.eclipse.m2e.jdt.internal.DownloadSourcesJob.downloadFilesAndPopulateToUpdate(DownloadSourcesJob.java:233)
	at org.eclipse.m2e.jdt.internal.DownloadSourcesJob.lambda$0(DownloadSourcesJob.java:161)
	at org.eclipse.m2e.core.internal.embedder.MavenExecutionContext.executeBare(MavenExecutionContext.java:179)
	at org.eclipse.m2e.core.internal.embedder.MavenExecutionContext.execute(MavenExecutionContext.java:153)
	at org.eclipse.m2e.core.internal.embedder.MavenExecutionContext.execute(MavenExecutionContext.java:101)
	at org.eclipse.m2e.core.internal.embedder.MavenImpl.execute(MavenImpl.java:1374)
	at org.eclipse.m2e.jdt.internal.DownloadSourcesJob.run(DownloadSourcesJob.java:161)
	at org.eclipse.core.internal.jobs.Worker.run(Worker.java:63)
Contains: Missing com.google.code.findbugs:jsr305:jar:javadoc:1.3.9
!SUBENTRY 1 org.eclipse.m2e.core 4 -1 2021-03-01 21:32:15.551
!MESSAGE Could not resolve artifact com.google.code.findbugs:jsr305:jar:javadoc:1.3.9
!SUBENTRY 2 org.eclipse.m2e.core 4 -1 2021-03-01 21:32:15.551
!MESSAGE Missing com.google.code.findbugs:jsr305:jar:javadoc:1.3.9

!ENTRY org.testng.eclipse 1 0 2021-03-01 21:32:59.867
!MESSAGE [TestNGLaunchConfigurationDelegate] Launching:
  Classpath: C:\Users\Rama\eclipse\java-2020-123\eclipse\configuration\org.eclipse.osgi\443\0\.cp\lib\testng-remote.jar C:\Users\Rama\eclipse-workspace\first_maven\target\test-classes C:\Users\Rama\eclipse-workspace\first_maven\target\classes C:\Users\Rama\.p2\pool\plugins\org.testng_7.3.0.r202008060316.jar C:\Users\Rama\.p2\pool\plugins\com.beust.jcommander_1.78.0.jar C:\Users\Rama\.p2\pool\plugins\org.apache-extras.beanshell.bsh_2.0.0.b6.jar C:\Users\Rama\.p2\pool\plugins\org.yaml.snakeyaml_1.21.0.jar C:\Users\Rama\.m2\repository\org\seleniumhq\selenium\selenium-java\4.0.0-alpha-7\selenium-java-4.0.0-alpha-7.jar C:\Users\Rama\.m2\repository\org\seleniumhq\selenium\selenium-api\4.0.0-alpha-7\selenium-api-4.0.0-alpha-7.jar C:\Users\Rama\.m2\repository\org\seleniumhq\selenium\selenium-chrome-driver\4.0.0-alpha-7\selenium-chrome-driver-4.0.0-alpha-7.jar C:\Users\Rama\.m2\repository\com\google\auto\service\auto-service-annotations\1.0-rc7\auto-service-annotations-1.0-rc7.jar C:\Users\Rama\.m2\repository\com\google\auto\service\auto-service\1.0-rc7\auto-service-1.0-rc7.jar C:\Users\Rama\.m2\repository\com\google\auto\auto-common\0.10\auto-common-0.10.jar C:\Users\Rama\.m2\repository\org\seleniumhq\selenium\selenium-chromium-driver\4.0.0-alpha-7\selenium-chromium-driver-4.0.0-alpha-7.jar C:\Users\Rama\.m2\repository\org\seleniumhq\selenium\selenium-devtools\4.0.0-alpha-7\selenium-devtools-4.0.0-alpha-7.jar C:\Users\Rama\.m2\repository\org\seleniumhq\selenium\selenium-http\4.0.0-alpha-7\selenium-http-4.0.0-alpha-7.jar C:\Users\Rama\.m2\repository\org\seleniumhq\selenium\selenium-json\4.0.0-alpha-7\selenium-json-4.0.0-alpha-7.jar C:\Users\Rama\.m2\repository\org\seleniumhq\selenium\selenium-devtools-v84\4.0.0-alpha-7\selenium-devtools-v84-4.0.0-alpha-7.jar C:\Users\Rama\.m2\repository\org\seleniumhq\selenium\selenium-devtools-v85\4.0.0-alpha-7\selenium-devtools-v85-4.0.0-alpha-7.jar C:\Users\Rama\.m2\repository\org\seleniumhq\selenium\selenium-devtools-v86\4.0.0-alpha-7\selenium-devtools-v86-4.0.0-alpha-7.jar C:\Users\Rama\.m2\repository\org\seleniumhq\selenium\selenium-devtools-v87\4.0.0-alpha-7\selenium-devtools-v87-4.0.0-alpha-7.jar C:\Users\Rama\.m2\repository\org\seleniumhq\selenium\selenium-edge-driver\4.0.0-alpha-7\selenium-edge-driver-4.0.0-alpha-7.jar C:\Users\Rama\.m2\repository\org\seleniumhq\selenium\selenium-edgehtml-driver\4.0.0-alpha-7\selenium-edgehtml-driver-4.0.0-alpha-7.jar C:\Users\Rama\.m2\repository\org\seleniumhq\selenium\selenium-firefox-driver\4.0.0-alpha-7\selenium-firefox-driver-4.0.0-alpha-7.jar C:\Users\Rama\.m2\repository\org\seleniumhq\selenium\selenium-firefox-xpi-driver\4.0.0-alpha-7\selenium-firefox-xpi-driver-4.0.0-alpha-7.jar C:\Users\Rama\.m2\repository\org\seleniumhq\selenium\selenium-ie-driver\4.0.0-alpha-7\selenium-ie-driver-4.0.0-alpha-7.jar C:\Users\Rama\.m2\repository\org\seleniumhq\selenium\selenium-opera-driver\4.0.0-alpha-7\selenium-opera-driver-4.0.0-alpha-7.jar C:\Users\Rama\.m2\repository\org\seleniumhq\selenium\selenium-remote-driver\4.0.0-alpha-7\selenium-remote-driver-4.0.0-alpha-7.jar C:\Users\Rama\.m2\repository\com\typesafe\netty\netty-reactive-streams\2.0.4\netty-reactive-streams-2.0.4.jar C:\Users\Rama\.m2\repository\io\netty\netty-handler\4.1.43.Final\netty-handler-4.1.43.Final.jar C:\Users\Rama\.m2\repository\org\reactivestreams\reactive-streams\1.0.3\reactive-streams-1.0.3.jar C:\Users\Rama\.m2\repository\io\grpc\grpc-context\1.32.1\grpc-context-1.32.1.jar C:\Users\Rama\.m2\repository\io\netty\netty-buffer\4.1.53.Final\netty-buffer-4.1.53.Final.jar C:\Users\Rama\.m2\repository\io\netty\netty-codec-http\4.1.53.Final\netty-codec-http-4.1.53.Final.jar C:\Users\Rama\.m2\repository\io\netty\netty-codec\4.1.53.Final\netty-codec-4.1.53.Final.jar C:\Users\Rama\.m2\repository\io\netty\netty-common\4.1.53.Final\netty-common-4.1.53.Final.jar C:\Users\Rama\.m2\repository\io\netty\netty-transport-native-epoll\4.1.53.Final\netty-transport-native-epoll-4.1.53.Final.jar C:\Users\Rama\.m2\repository\io\netty\netty-transport-native-epoll\4.1.53.Final\netty-transport-native-epoll-4.1.53.Final-linux-x86_64.jar C:\Users\Rama\.m2\repository\io\netty\netty-transport-native-kqueue\4.1.53.Final\netty-transport-native-kqueue-4.1.53.Final.jar C:\Users\Rama\.m2\repository\io\netty\netty-transport-native-kqueue\4.1.53.Final\netty-transport-native-kqueue-4.1.53.Final-osx-x86_64.jar C:\Users\Rama\.m2\repository\io\netty\netty-transport-native-unix-common\4.1.53.Final\netty-transport-native-unix-common-4.1.53.Final.jar C:\Users\Rama\.m2\repository\io\netty\netty-transport\4.1.53.Final\netty-transport-4.1.53.Final.jar C:\Users\Rama\.m2\repository\io\netty\netty-resolver\4.1.53.Final\netty-resolver-4.1.53.Final.jar C:\Users\Rama\.m2\repository\io\opentelemetry\opentelemetry-api\0.9.1\opentelemetry-api-0.9.1.jar C:\Users\Rama\.m2\repository\io\opentelemetry\opentelemetry-context-prop\0.9.1\opentelemetry-context-prop-0.9.1.jar C:\Users\Rama\.m2\repository\io\opentelemetry\opentelemetry-sdk\0.9.1\opentelemetry-sdk-0.9.1.jar C:\Users\Rama\.m2\repository\io\opentelemetry\opentelemetry-sdk-common\0.9.1\opentelemetry-sdk-common-0.9.1.jar C:\Users\Rama\.m2\repository\io\opentelemetry\opentelemetry-sdk-baggage\0.9.1\opentelemetry-sdk-baggage-0.9.1.jar C:\Users\Rama\.m2\repository\io\opentelemetry\opentelemetry-sdk-metrics\0.9.1\opentelemetry-sdk-metrics-0.9.1.jar C:\Users\Rama\.m2\repository\io\opentelemetry\opentelemetry-sdk-tracing\0.9.1\opentelemetry-sdk-tracing-0.9.1.jar C:\Users\Rama\.m2\repository\io\projectreactor\netty\reactor-netty-http\1.0.0\reactor-netty-http-1.0.0.jar C:\Users\Rama\.m2\repository\io\netty\netty-codec-http2\4.1.53.Final\netty-codec-http2-4.1.53.Final.jar C:\Users\Rama\.m2\repository\io\netty\netty-resolver-dns\4.1.53.Final\netty-resolver-dns-4.1.53.Final.jar C:\Users\Rama\.m2\repository\io\netty\netty-codec-dns\4.1.53.Final\netty-codec-dns-4.1.53.Final.jar C:\Users\Rama\.m2\repository\io\projectreactor\netty\reactor-netty-core\1.0.0\reactor-netty-core-1.0.0.jar C:\Users\Rama\.m2\repository\io\projectreactor\netty\reactor-netty\1.0.0\reactor-netty-1.0.0.jar C:\Users\Rama\.m2\repository\io\projectreactor\netty\reactor-netty-http-brave\1.0.0\reactor-netty-http-brave-1.0.0.jar C:\Users\Rama\.m2\repository\io\zipkin\brave\brave-instrumentation-http\5.12.7\brave-instrumentation-http-5.12.7.jar C:\Users\Rama\.m2\repository\io\zipkin\brave\brave\5.12.7\brave-5.12.7.jar C:\Users\Rama\.m2\repository\io\zipkin\reporter2\zipkin-reporter-brave\2.15.2\zipkin-reporter-brave-2.15.2.jar C:\Users\Rama\.m2\repository\io\zipkin\reporter2\zipkin-reporter\2.15.2\zipkin-reporter-2.15.2.jar C:\Users\Rama\.m2\repository\io\zipkin\zipkin2\zipkin\2.21.7\zipkin-2.21.7.jar C:\Users\Rama\.m2\repository\io\projectreactor\reactor-core\3.4.0\reactor-core-3.4.0.jar C:\Users\Rama\.m2\repository\org\asynchttpclient\async-http-client\2.12.1\async-http-client-2.12.1.jar C:\Users\Rama\.m2\repository\org\asynchttpclient\async-http-client-netty-utils\2.12.1\async-http-client-netty-utils-2.12.1.jar C:\Users\Rama\.m2\repository\io\netty\netty-codec-socks\4.1.48.Final\netty-codec-socks-4.1.48.Final.jar C:\Users\Rama\.m2\repository\io\netty\netty-handler-proxy\4.1.48.Final\netty-handler-proxy-4.1.48.Final.jar C:\Users\Rama\.m2\repository\org\slf4j\slf4j-api\1.7.30\slf4j-api-1.7.30.jar C:\Users\Rama\.m2\repository\com\sun\activation\javax.activation\1.2.0\javax.activation-1.2.0.jar C:\Users\Rama\.m2\repository\org\seleniumhq\selenium\selenium-safari-driver\4.0.0-alpha-7\selenium-safari-driver-4.0.0-alpha-7.jar C:\Users\Rama\.m2\repository\org\seleniumhq\selenium\selenium-support\4.0.0-alpha-7\selenium-support-4.0.0-alpha-7.jar C:\Users\Rama\.m2\repository\org\testng\testng\7.3.0\testng-7.3.0.jar C:\Users\Rama\.m2\repository\com\beust\jcommander\1.78\jcommander-1.78.jar C:\Users\Rama\.m2\repository\org\apache\ant\ant\1.10.3\ant-1.10.3.jar C:\Users\Rama\.m2\repository\org\apache\ant\ant-launcher\1.10.3\ant-launcher-1.10.3.jar C:\Users\Rama\.m2\repository\junit\junit\4.12\junit-4.12.jar C:\Users\Rama\.m2\repository\org\hamcrest\hamcrest-core\1.3\hamcrest-core-1.3.jar C:\Users\Rama\.m2\repository\com\google\inject\guice\4.2.2\guice-4.2.2-no_aop.jar C:\Users\Rama\.m2\repository\javax\inject\javax.inject\1\javax.inject-1.jar C:\Users\Rama\.m2\repository\aopalliance\aopalliance\1.0\aopalliance-1.0.jar C:\Users\Rama\.m2\repository\org\yaml\snakeyaml\1.21\snakeyaml-1.21.jar C:\Users\Rama\.m2\repository\info\cukes\cucumber-junit\1.2.5\cucumber-junit-1.2.5.jar C:\Users\Rama\.m2\repository\info\cukes\cucumber-core\1.2.5\cucumber-core-1.2.5.jar C:\Users\Rama\.m2\repository\info\cukes\cucumber-html\0.2.3\cucumber-html-0.2.3.jar C:\Users\Rama\.m2\repository\info\cukes\cucumber-jvm-deps\1.0.5\cucumber-jvm-deps-1.0.5.jar C:\Users\Rama\.m2\repository\info\cukes\gherkin\2.12.2\gherkin-2.12.2.jar C:\Users\Rama\.m2\repository\org\seleniumhq\selenium\selenium-server\3.141.59\selenium-server-3.141.59.jar C:\Users\Rama\.m2\repository\net\bytebuddy\byte-buddy\1.8.15\byte-buddy-1.8.15.jar C:\Users\Rama\.m2\repository\org\apache\commons\commons-exec\1.3\commons-exec-1.3.jar C:\Users\Rama\.m2\repository\com\google\guava\guava\25.0-jre\guava-25.0-jre.jar C:\Users\Rama\.m2\repository\com\google\code\findbugs\jsr305\1.3.9\jsr305-1.3.9.jar C:\Users\Rama\.m2\repository\org\checkerframework\checker-compat-qual\2.0.0\checker-compat-qual-2.0.0.jar C:\Users\Rama\.m2\repository\com\google\errorprone\error_prone_annotations\2.1.3\error_prone_annotations-2.1.3.jar C:\Users\Rama\.m2\repository\com\google\j2objc\j2objc-annotations\1.1\j2objc-annotations-1.1.jar C:\Users\Rama\.m2\repository\org\codehaus\mojo\animal-sniffer-annotations\1.14\animal-sniffer-annotations-1.14.jar C:\Users\Rama\.m2\repository\net\jcip\jcip-annotations\1.0\jcip-annotations-1.0.jar C:\Users\Rama\.m2\repository\org\seleniumhq\selenium\jetty-repacked\9.4.12.v20180830\jetty-repacked-9.4.12.v20180830.jar C:\Users\Rama\.m2\repository\com\squareup\okhttp3\okhttp\3.11.0\okhttp-3.11.0.jar C:\Users\Rama\.m2\repository\com\squareup\okio\okio\1.14.0\okio-1.14.0.jar C:\Users\Rama\.m2\repository\javax\servlet\javax.servlet-api\3.1.0\javax.servlet-api-3.1.0.jar
  VMArgs:    -ea
  Class:     org.testng.remote.RemoteTestNG
  Args:      -serport 59792 -protocol json -d C:\Users\Rama\eclipse-workspace\first_maven\test-output C:\Users\Rama\AppData\Local\Temp\testng-eclipse-1630765348\testng-customsuite.xml
java -ea -classpath C:\Users\Rama\eclipse\java-2020-123\eclipse\configuration\org.eclipse.osgi\443\0\.cp\lib\testng-remote.jar:C:\Users\Rama\eclipse-workspace\first_maven\target\test-classes:C:\Users\Rama\eclipse-workspace\first_maven\target\classes:C:\Users\Rama\.p2\pool\plugins\org.testng_7.3.0.r202008060316.jar:C:\Users\Rama\.p2\pool\plugins\com.beust.jcommander_1.78.0.jar:C:\Users\Rama\.p2\pool\plugins\org.apache-extras.beanshell.bsh_2.0.0.b6.jar:C:\Users\Rama\.p2\pool\plugins\org.yaml.snakeyaml_1.21.0.jar:C:\Users\Rama\.m2\repository\org\seleniumhq\selenium\selenium-java\4.0.0-alpha-7\selenium-java-4.0.0-alpha-7.jar:C:\Users\Rama\.m2\repository\org\seleniumhq\selenium\selenium-api\4.0.0-alpha-7\selenium-api-4.0.0-alpha-7.jar:C:\Users\Rama\.m2\repository\org\seleniumhq\selenium\selenium-chrome-driver\4.0.0-alpha-7\selenium-chrome-driver-4.0.0-alpha-7.jar:C:\Users\Rama\.m2\repository\com\google\auto\service\auto-service-annotations\1.0-rc7\auto-service-annotations-1.0-rc7.jar:C:\Users\Rama\.m2\repository\com\google\auto\service\auto-service\1.0-rc7\auto-service-1.0-rc7.jar:C:\Users\Rama\.m2\repository\com\google\auto\auto-common\0.10\auto-common-0.10.jar:C:\Users\Rama\.m2\repository\org\seleniumhq\selenium\selenium-chromium-driver\4.0.0-alpha-7\selenium-chromium-driver-4.0.0-alpha-7.jar:C:\Users\Rama\.m2\repository\org\seleniumhq\selenium\selenium-devtools\4.0.0-alpha-7\selenium-devtools-4.0.0-alpha-7.jar:C:\Users\Rama\.m2\repository\org\seleniumhq\selenium\selenium-http\4.0.0-alpha-7\selenium-http-4.0.0-alpha-7.jar:C:\Users\Rama\.m2\repository\org\seleniumhq\selenium\selenium-json\4.0.0-alpha-7\selenium-json-4.0.0-alpha-7.jar:C:\Users\Rama\.m2\repository\org\seleniumhq\selenium\selenium-devtools-v84\4.0.0-alpha-7\selenium-devtools-v84-4.0.0-alpha-7.jar:C:\Users\Rama\.m2\repository\org\seleniumhq\selenium\selenium-devtools-v85\4.0.0-alpha-7\selenium-devtools-v85-4.0.0-alpha-7.jar:C:\Users\Rama\.m2\repository\org\seleniumhq\selenium\selenium-devtools-v86\4.0.0-alpha-7\selenium-devtools-v86-4.0.0-alpha-7.jar:C:\Users\Rama\.m2\repository\org\seleniumhq\selenium\selenium-devtools-v87\4.0.0-alpha-7\selenium-devtools-v87-4.0.0-alpha-7.jar:C:\Users\Rama\.m2\repository\org\seleniumhq\selenium\selenium-edge-driver\4.0.0-alpha-7\selenium-edge-driver-4.0.0-alpha-7.jar:C:\Users\Rama\.m2\repository\org\seleniumhq\selenium\selenium-edgehtml-driver\4.0.0-alpha-7\selenium-edgehtml-driver-4.0.0-alpha-7.jar:C:\Users\Rama\.m2\repository\org\seleniumhq\selenium\selenium-firefox-driver\4.0.0-alpha-7\selenium-firefox-driver-4.0.0-alpha-7.jar:C:\Users\Rama\.m2\repository\org\seleniumhq\selenium\selenium-firefox-xpi-driver\4.0.0-alpha-7\selenium-firefox-xpi-driver-4.0.0-alpha-7.jar:C:\Users\Rama\.m2\repository\org\seleniumhq\selenium\selenium-ie-driver\4.0.0-alpha-7\selenium-ie-driver-4.0.0-alpha-7.jar:C:\Users\Rama\.m2\repository\org\seleniumhq\selenium\selenium-opera-driver\4.0.0-alpha-7\selenium-opera-driver-4.0.0-alpha-7.jar:C:\Users\Rama\.m2\repository\org\seleniumhq\selenium\selenium-remote-driver\4.0.0-alpha-7\selenium-remote-driver-4.0.0-alpha-7.jar:C:\Users\Rama\.m2\repository\com\typesafe\netty\netty-reactive-streams\2.0.4\netty-reactive-streams-2.0.4.jar:C:\Users\Rama\.m2\repository\io\netty\netty-handler\4.1.43.Final\netty-handler-4.1.43.Final.jar:C:\Users\Rama\.m2\repository\org\reactivestreams\reactive-streams\1.0.3\reactive-streams-1.0.3.jar:C:\Users\Rama\.m2\repository\io\grpc\grpc-context\1.32.1\grpc-context-1.32.1.jar:C:\Users\Rama\.m2\repository\io\netty\netty-buffer\4.1.53.Final\netty-buffer-4.1.53.Final.jar:C:\Users\Rama\.m2\repository\io\netty\netty-codec-http\4.1.53.Final\netty-codec-http-4.1.53.Final.jar:C:\Users\Rama\.m2\repository\io\netty\netty-codec\4.1.53.Final\netty-codec-4.1.53.Final.jar:C:\Users\Rama\.m2\repository\io\netty\netty-common\4.1.53.Final\netty-common-4.1.53.Final.jar:C:\Users\Rama\.m2\repository\io\netty\netty-transport-native-epoll\4.1.53.Final\netty-transport-native-epoll-4.1.53.Final.jar:C:\Users\Rama\.m2\repository\io\netty\netty-transport-native-epoll\4.1.53.Final\netty-transport-native-epoll-4.1.53.Final-linux-x86_64.jar:C:\Users\Rama\.m2\repository\io\netty\netty-transport-native-kqueue\4.1.53.Final\netty-transport-native-kqueue-4.1.53.Final.jar:C:\Users\Rama\.m2\repository\io\netty\netty-transport-native-kqueue\4.1.53.Final\netty-transport-native-kqueue-4.1.53.Final-osx-x86_64.jar:C:\Users\Rama\.m2\repository\io\netty\netty-transport-native-unix-common\4.1.53.Final\netty-transport-native-unix-common-4.1.53.Final.jar:C:\Users\Rama\.m2\repository\io\netty\netty-transport\4.1.53.Final\netty-transport-4.1.53.Final.jar:C:\Users\Rama\.m2\repository\io\netty\netty-resolver\4.1.53.Final\netty-resolver-4.1.53.Final.jar:C:\Users\Rama\.m2\repository\io\opentelemetry\opentelemetry-api\0.9.1\opentelemetry-api-0.9.1.jar:C:\Users\Rama\.m2\repository\io\opentelemetry\opentelemetry-context-prop\0.9.1\opentelemetry-context-prop-0.9.1.jar:C:\Users\Rama\.m2\repository\io\opentelemetry\opentelemetry-sdk\0.9.1\opentelemetry-sdk-0.9.1.jar:C:\Users\Rama\.m2\repository\io\opentelemetry\opentelemetry-sdk-common\0.9.1\opentelemetry-sdk-common-0.9.1.jar:C:\Users\Rama\.m2\repository\io\opentelemetry\opentelemetry-sdk-baggage\0.9.1\opentelemetry-sdk-baggage-0.9.1.jar:C:\Users\Rama\.m2\repository\io\opentelemetry\opentelemetry-sdk-metrics\0.9.1\opentelemetry-sdk-metrics-0.9.1.jar:C:\Users\Rama\.m2\repository\io\opentelemetry\opentelemetry-sdk-tracing\0.9.1\opentelemetry-sdk-tracing-0.9.1.jar:C:\Users\Rama\.m2\repository\io\projectreactor\netty\reactor-netty-http\1.0.0\reactor-netty-http-1.0.0.jar:C:\Users\Rama\.m2\repository\io\netty\netty-codec-http2\4.1.53.Final\netty-codec-http2-4.1.53.Final.jar:C:\Users\Rama\.m2\repository\io\netty\netty-resolver-dns\4.1.53.Final\netty-resolver-dns-4.1.53.Final.jar:C:\Users\Rama\.m2\repository\io\netty\netty-codec-dns\4.1.53.Final\netty-codec-dns-4.1.53.Final.jar:C:\Users\Rama\.m2\repository\io\projectreactor\netty\reactor-netty-core\1.0.0\reactor-netty-core-1.0.0.jar:C:\Users\Rama\.m2\repository\io\projectreactor\netty\reactor-netty\1.0.0\reactor-netty-1.0.0.jar:C:\Users\Rama\.m2\repository\io\projectreactor\netty\reactor-netty-http-brave\1.0.0\reactor-netty-http-brave-1.0.0.jar:C:\Users\Rama\.m2\repository\io\zipkin\brave\brave-instrumentation-http\5.12.7\brave-instrumentation-http-5.12.7.jar:C:\Users\Rama\.m2\repository\io\zipkin\brave\brave\5.12.7\brave-5.12.7.jar:C:\Users\Rama\.m2\repository\io\zipkin\reporter2\zipkin-reporter-brave\2.15.2\zipkin-reporter-brave-2.15.2.jar:C:\Users\Rama\.m2\repository\io\zipkin\reporter2\zipkin-reporter\2.15.2\zipkin-reporter-2.15.2.jar:C:\Users\Rama\.m2\repository\io\zipkin\zipkin2\zipkin\2.21.7\zipkin-2.21.7.jar:C:\Users\Rama\.m2\repository\io\projectreactor\reactor-core\3.4.0\reactor-core-3.4.0.jar:C:\Users\Rama\.m2\repository\org\asynchttpclient\async-http-client\2.12.1\async-http-client-2.12.1.jar:C:\Users\Rama\.m2\repository\org\asynchttpclient\async-http-client-netty-utils\2.12.1\async-http-client-netty-utils-2.12.1.jar:C:\Users\Rama\.m2\repository\io\netty\netty-codec-socks\4.1.48.Final\netty-codec-socks-4.1.48.Final.jar:C:\Users\Rama\.m2\repository\io\netty\netty-handler-proxy\4.1.48.Final\netty-handler-proxy-4.1.48.Final.jar:C:\Users\Rama\.m2\repository\org\slf4j\slf4j-api\1.7.30\slf4j-api-1.7.30.jar:C:\Users\Rama\.m2\repository\com\sun\activation\javax.activation\1.2.0\javax.activation-1.2.0.jar:C:\Users\Rama\.m2\repository\org\seleniumhq\selenium\selenium-safari-driver\4.0.0-alpha-7\selenium-safari-driver-4.0.0-alpha-7.jar:C:\Users\Rama\.m2\repository\org\seleniumhq\selenium\selenium-support\4.0.0-alpha-7\selenium-support-4.0.0-alpha-7.jar:C:\Users\Rama\.m2\repository\org\testng\testng\7.3.0\testng-7.3.0.jar:C:\Users\Rama\.m2\repository\com\beust\jcommander\1.78\jcommander-1.78.jar:C:\Users\Rama\.m2\repository\org\apache\ant\ant\1.10.3\ant-1.10.3.jar:C:\Users\Rama\.m2\repository\org\apache\ant\ant-launcher\1.10.3\ant-launcher-1.10.3.jar:C:\Users\Rama\.m2\repository\junit\junit\4.12\junit-4.12.jar:C:\Users\Rama\.m2\repository\org\hamcrest\hamcrest-core\1.3\hamcrest-core-1.3.jar:C:\Users\Rama\.m2\repository\com\google\inject\guice\4.2.2\guice-4.2.2-no_aop.jar:C:\Users\Rama\.m2\repository\javax\inject\javax.inject\1\javax.inject-1.jar:C:\Users\Rama\.m2\repository\aopalliance\aopalliance\1.0\aopalliance-1.0.jar:C:\Users\Rama\.m2\repository\org\yaml\snakeyaml\1.21\snakeyaml-1.21.jar:C:\Users\Rama\.m2\repository\info\cukes\cucumber-junit\1.2.5\cucumber-junit-1.2.5.jar:C:\Users\Rama\.m2\repository\info\cukes\cucumber-core\1.2.5\cucumber-core-1.2.5.jar:C:\Users\Rama\.m2\repository\info\cukes\cucumber-html\0.2.3\cucumber-html-0.2.3.jar:C:\Users\Rama\.m2\repository\info\cukes\cucumber-jvm-deps\1.0.5\cucumber-jvm-deps-1.0.5.jar:C:\Users\Rama\.m2\repository\info\cukes\gherkin\2.12.2\gherkin-2.12.2.jar:C:\Users\Rama\.m2\repository\org\seleniumhq\selenium\selenium-server\3.141.59\selenium-server-3.141.59.jar:C:\Users\Rama\.m2\repository\net\bytebuddy\byte-buddy\1.8.15\byte-buddy-1.8.15.jar:C:\Users\Rama\.m2\repository\org\apache\commons\commons-exec\1.3\commons-exec-1.3.jar:C:\Users\Rama\.m2\repository\com\google\guava\guava\25.0-jre\guava-25.0-jre.jar:C:\Users\Rama\.m2\repository\com\google\code\findbugs\jsr305\1.3.9\jsr305-1.3.9.jar:C:\Users\Rama\.m2\repository\org\checkerframework\checker-compat-qual\2.0.0\checker-compat-qual-2.0.0.jar:C:\Users\Rama\.m2\repository\com\google\errorprone\error_prone_annotations\2.1.3\error_prone_annotations-2.1.3.jar:C:\Users\Rama\.m2\repository\com\google\j2objc\j2objc-annotations\1.1\j2objc-annotations-1.1.jar:C:\Users\Rama\.m2\repository\org\codehaus\mojo\animal-sniffer-annotations\1.14\animal-sniffer-annotations-1.14.jar:C:\Users\Rama\.m2\repository\net\jcip\jcip-annotations\1.0\jcip-annotations-1.0.jar:C:\Users\Rama\.m2\repository\org\seleniumhq\selenium\jetty-repacked\9.4.12.v20180830\jetty-repacked-9.4.12.v20180830.jar:C:\Users\Rama\.m2\repository\com\squareup\okhttp3\okhttp\3.11.0\okhttp-3.11.0.jar:C:\Users\Rama\.m2\repository\com\squareup\okio\okio\1.14.0\okio-1.14.0.jar:C:\Users\Rama\.m2\repository\javax\servlet\javax.servlet-api\3.1.0\javax.servlet-api-3.1.0.jar org.testng.remote.RemoteTestNG -serport 59792 -protocol json -d C:\Users\Rama\eclipse-workspace\first_maven\test-output C:\Users\Rama\AppData\Local\Temp\testng-eclipse-1630765348\testng-customsuite.xml

!ENTRY org.testng.eclipse 1 0 2021-03-01 21:38:18.339
!MESSAGE [TestNGLaunchConfigurationDelegate] Launching:
  Classpath: C:\Users\Rama\eclipse\java-2020-123\eclipse\configuration\org.eclipse.osgi\443\0\.cp\lib\testng-remote.jar C:\Users\Rama\eclipse-workspace\first_maven\target\test-classes C:\Users\Rama\eclipse-workspace\first_maven\target\classes C:\Users\Rama\.p2\pool\plugins\org.testng_7.3.0.r202008060316.jar C:\Users\Rama\.p2\pool\plugins\com.beust.jcommander_1.78.0.jar C:\Users\Rama\.p2\pool\plugins\org.apache-extras.beanshell.bsh_2.0.0.b6.jar C:\Users\Rama\.p2\pool\plugins\org.yaml.snakeyaml_1.21.0.jar C:\Users\Rama\.m2\repository\org\seleniumhq\selenium\selenium-java\4.0.0-alpha-7\selenium-java-4.0.0-alpha-7.jar C:\Users\Rama\.m2\repository\org\seleniumhq\selenium\selenium-api\4.0.0-alpha-7\selenium-api-4.0.0-alpha-7.jar C:\Users\Rama\.m2\repository\org\seleniumhq\selenium\selenium-chrome-driver\4.0.0-alpha-7\selenium-chrome-driver-4.0.0-alpha-7.jar C:\Users\Rama\.m2\repository\com\google\auto\service\auto-service-annotations\1.0-rc7\auto-service-annotations-1.0-rc7.jar C:\Users\Rama\.m2\repository\com\google\auto\service\auto-service\1.0-rc7\auto-service-1.0-rc7.jar C:\Users\Rama\.m2\repository\com\google\auto\auto-common\0.10\auto-common-0.10.jar C:\Users\Rama\.m2\repository\org\seleniumhq\selenium\selenium-chromium-driver\4.0.0-alpha-7\selenium-chromium-driver-4.0.0-alpha-7.jar C:\Users\Rama\.m2\repository\org\seleniumhq\selenium\selenium-devtools\4.0.0-alpha-7\selenium-devtools-4.0.0-alpha-7.jar C:\Users\Rama\.m2\repository\org\seleniumhq\selenium\selenium-http\4.0.0-alpha-7\selenium-http-4.0.0-alpha-7.jar C:\Users\Rama\.m2\repository\org\seleniumhq\selenium\selenium-json\4.0.0-alpha-7\selenium-json-4.0.0-alpha-7.jar C:\Users\Rama\.m2\repository\org\seleniumhq\selenium\selenium-devtools-v84\4.0.0-alpha-7\selenium-devtools-v84-4.0.0-alpha-7.jar C:\Users\Rama\.m2\repository\org\seleniumhq\selenium\selenium-devtools-v85\4.0.0-alpha-7\selenium-devtools-v85-4.0.0-alpha-7.jar C:\Users\Rama\.m2\repository\org\seleniumhq\selenium\selenium-devtools-v86\4.0.0-alpha-7\selenium-devtools-v86-4.0.0-alpha-7.jar C:\Users\Rama\.m2\repository\org\seleniumhq\selenium\selenium-devtools-v87\4.0.0-alpha-7\selenium-devtools-v87-4.0.0-alpha-7.jar C:\Users\Rama\.m2\repository\org\seleniumhq\selenium\selenium-edge-driver\4.0.0-alpha-7\selenium-edge-driver-4.0.0-alpha-7.jar C:\Users\Rama\.m2\repository\org\seleniumhq\selenium\selenium-edgehtml-driver\4.0.0-alpha-7\selenium-edgehtml-driver-4.0.0-alpha-7.jar C:\Users\Rama\.m2\repository\org\seleniumhq\selenium\selenium-firefox-driver\4.0.0-alpha-7\selenium-firefox-driver-4.0.0-alpha-7.jar C:\Users\Rama\.m2\repository\org\seleniumhq\selenium\selenium-firefox-xpi-driver\4.0.0-alpha-7\selenium-firefox-xpi-driver-4.0.0-alpha-7.jar C:\Users\Rama\.m2\repository\org\seleniumhq\selenium\selenium-ie-driver\4.0.0-alpha-7\selenium-ie-driver-4.0.0-alpha-7.jar C:\Users\Rama\.m2\repository\org\seleniumhq\selenium\selenium-opera-driver\4.0.0-alpha-7\selenium-opera-driver-4.0.0-alpha-7.jar C:\Users\Rama\.m2\repository\org\seleniumhq\selenium\selenium-remote-driver\4.0.0-alpha-7\selenium-remote-driver-4.0.0-alpha-7.jar C:\Users\Rama\.m2\repository\com\typesafe\netty\netty-reactive-streams\2.0.4\netty-reactive-streams-2.0.4.jar C:\Users\Rama\.m2\repository\io\netty\netty-handler\4.1.43.Final\netty-handler-4.1.43.Final.jar C:\Users\Rama\.m2\repository\org\reactivestreams\reactive-streams\1.0.3\reactive-streams-1.0.3.jar C:\Users\Rama\.m2\repository\io\grpc\grpc-context\1.32.1\grpc-context-1.32.1.jar C:\Users\Rama\.m2\repository\io\netty\netty-buffer\4.1.53.Final\netty-buffer-4.1.53.Final.jar C:\Users\Rama\.m2\repository\io\netty\netty-codec-http\4.1.53.Final\netty-codec-http-4.1.53.Final.jar C:\Users\Rama\.m2\repository\io\netty\netty-codec\4.1.53.Final\netty-codec-4.1.53.Final.jar C:\Users\Rama\.m2\repository\io\netty\netty-common\4.1.53.Final\netty-common-4.1.53.Final.jar C:\Users\Rama\.m2\repository\io\netty\netty-transport-native-epoll\4.1.53.Final\netty-transport-native-epoll-4.1.53.Final.jar C:\Users\Rama\.m2\repository\io\netty\netty-transport-native-epoll\4.1.53.Final\netty-transport-native-epoll-4.1.53.Final-linux-x86_64.jar C:\Users\Rama\.m2\repository\io\netty\netty-transport-native-kqueue\4.1.53.Final\netty-transport-native-kqueue-4.1.53.Final.jar C:\Users\Rama\.m2\repository\io\netty\netty-transport-native-kqueue\4.1.53.Final\netty-transport-native-kqueue-4.1.53.Final-osx-x86_64.jar C:\Users\Rama\.m2\repository\io\netty\netty-transport-native-unix-common\4.1.53.Final\netty-transport-native-unix-common-4.1.53.Final.jar C:\Users\Rama\.m2\repository\io\netty\netty-transport\4.1.53.Final\netty-transport-4.1.53.Final.jar C:\Users\Rama\.m2\repository\io\netty\netty-resolver\4.1.53.Final\netty-resolver-4.1.53.Final.jar C:\Users\Rama\.m2\repository\io\opentelemetry\opentelemetry-api\0.9.1\opentelemetry-api-0.9.1.jar C:\Users\Rama\.m2\repository\io\opentelemetry\opentelemetry-context-prop\0.9.1\opentelemetry-context-prop-0.9.1.jar C:\Users\Rama\.m2\repository\io\opentelemetry\opentelemetry-sdk\0.9.1\opentelemetry-sdk-0.9.1.jar C:\Users\Rama\.m2\repository\io\opentelemetry\opentelemetry-sdk-common\0.9.1\opentelemetry-sdk-common-0.9.1.jar C:\Users\Rama\.m2\repository\io\opentelemetry\opentelemetry-sdk-baggage\0.9.1\opentelemetry-sdk-baggage-0.9.1.jar C:\Users\Rama\.m2\repository\io\opentelemetry\opentelemetry-sdk-metrics\0.9.1\opentelemetry-sdk-metrics-0.9.1.jar C:\Users\Rama\.m2\repository\io\opentelemetry\opentelemetry-sdk-tracing\0.9.1\opentelemetry-sdk-tracing-0.9.1.jar C:\Users\Rama\.m2\repository\io\projectreactor\netty\reactor-netty-http\1.0.0\reactor-netty-http-1.0.0.jar C:\Users\Rama\.m2\repository\io\netty\netty-codec-http2\4.1.53.Final\netty-codec-http2-4.1.53.Final.jar C:\Users\Rama\.m2\repository\io\netty\netty-resolver-dns\4.1.53.Final\netty-resolver-dns-4.1.53.Final.jar C:\Users\Rama\.m2\repository\io\netty\netty-codec-dns\4.1.53.Final\netty-codec-dns-4.1.53.Final.jar C:\Users\Rama\.m2\repository\io\projectreactor\netty\reactor-netty-core\1.0.0\reactor-netty-core-1.0.0.jar C:\Users\Rama\.m2\repository\io\projectreactor\netty\reactor-netty\1.0.0\reactor-netty-1.0.0.jar C:\Users\Rama\.m2\repository\io\projectreactor\netty\reactor-netty-http-brave\1.0.0\reactor-netty-http-brave-1.0.0.jar C:\Users\Rama\.m2\repository\io\zipkin\brave\brave-instrumentation-http\5.12.7\brave-instrumentation-http-5.12.7.jar C:\Users\Rama\.m2\repository\io\zipkin\brave\brave\5.12.7\brave-5.12.7.jar C:\Users\Rama\.m2\repository\io\zipkin\reporter2\zipkin-reporter-brave\2.15.2\zipkin-reporter-brave-2.15.2.jar C:\Users\Rama\.m2\repository\io\zipkin\reporter2\zipkin-reporter\2.15.2\zipkin-reporter-2.15.2.jar C:\Users\Rama\.m2\repository\io\zipkin\zipkin2\zipkin\2.21.7\zipkin-2.21.7.jar C:\Users\Rama\.m2\repository\io\projectreactor\reactor-core\3.4.0\reactor-core-3.4.0.jar C:\Users\Rama\.m2\repository\org\asynchttpclient\async-http-client\2.12.1\async-http-client-2.12.1.jar C:\Users\Rama\.m2\repository\org\asynchttpclient\async-http-client-netty-utils\2.12.1\async-http-client-netty-utils-2.12.1.jar C:\Users\Rama\.m2\repository\io\netty\netty-codec-socks\4.1.48.Final\netty-codec-socks-4.1.48.Final.jar C:\Users\Rama\.m2\repository\io\netty\netty-handler-proxy\4.1.48.Final\netty-handler-proxy-4.1.48.Final.jar C:\Users\Rama\.m2\repository\com\sun\activation\javax.activation\1.2.0\javax.activation-1.2.0.jar C:\Users\Rama\.m2\repository\org\seleniumhq\selenium\selenium-safari-driver\4.0.0-alpha-7\selenium-safari-driver-4.0.0-alpha-7.jar C:\Users\Rama\.m2\repository\org\seleniumhq\selenium\selenium-support\4.0.0-alpha-7\selenium-support-4.0.0-alpha-7.jar C:\Users\Rama\.m2\repository\org\testng\testng\7.3.0\testng-7.3.0.jar C:\Users\Rama\.m2\repository\com\beust\jcommander\1.78\jcommander-1.78.jar C:\Users\Rama\.m2\repository\org\apache\ant\ant\1.10.3\ant-1.10.3.jar C:\Users\Rama\.m2\repository\org\apache\ant\ant-launcher\1.10.3\ant-launcher-1.10.3.jar C:\Users\Rama\.m2\repository\junit\junit\4.12\junit-4.12.jar C:\Users\Rama\.m2\repository\org\hamcrest\hamcrest-core\1.3\hamcrest-core-1.3.jar C:\Users\Rama\.m2\repository\com\google\inject\guice\4.2.2\guice-4.2.2-no_aop.jar C:\Users\Rama\.m2\repository\javax\inject\javax.inject\1\javax.inject-1.jar C:\Users\Rama\.m2\repository\aopalliance\aopalliance\1.0\aopalliance-1.0.jar C:\Users\Rama\.m2\repository\org\yaml\snakeyaml\1.21\snakeyaml-1.21.jar C:\Users\Rama\.m2\repository\info\cukes\cucumber-junit\1.2.5\cucumber-junit-1.2.5.jar C:\Users\Rama\.m2\repository\info\cukes\cucumber-core\1.2.5\cucumber-core-1.2.5.jar C:\Users\Rama\.m2\repository\info\cukes\cucumber-html\0.2.3\cucumber-html-0.2.3.jar C:\Users\Rama\.m2\repository\info\cukes\cucumber-jvm-deps\1.0.5\cucumber-jvm-deps-1.0.5.jar C:\Users\Rama\.m2\repository\info\cukes\gherkin\2.12.2\gherkin-2.12.2.jar C:\Users\Rama\.m2\repository\org\seleniumhq\selenium\selenium-server\3.141.59\selenium-server-3.141.59.jar C:\Users\Rama\.m2\repository\net\bytebuddy\byte-buddy\1.8.15\byte-buddy-1.8.15.jar C:\Users\Rama\.m2\repository\org\apache\commons\commons-exec\1.3\commons-exec-1.3.jar C:\Users\Rama\.m2\repository\com\google\guava\guava\25.0-jre\guava-25.0-jre.jar C:\Users\Rama\.m2\repository\com\google\code\findbugs\jsr305\1.3.9\jsr305-1.3.9.jar C:\Users\Rama\.m2\repository\org\checkerframework\checker-compat-qual\2.0.0\checker-compat-qual-2.0.0.jar C:\Users\Rama\.m2\repository\com\google\errorprone\error_prone_annotations\2.1.3\error_prone_annotations-2.1.3.jar C:\Users\Rama\.m2\repository\com\google\j2objc\j2objc-annotations\1.1\j2objc-annotations-1.1.jar C:\Users\Rama\.m2\repository\org\codehaus\mojo\animal-sniffer-annotations\1.14\animal-sniffer-annotations-1.14.jar C:\Users\Rama\.m2\repository\net\jcip\jcip-annotations\1.0\jcip-annotations-1.0.jar C:\Users\Rama\.m2\repository\org\seleniumhq\selenium\jetty-repacked\9.4.12.v20180830\jetty-repacked-9.4.12.v20180830.jar C:\Users\Rama\.m2\repository\com\squareup\okhttp3\okhttp\3.11.0\okhttp-3.11.0.jar C:\Users\Rama\.m2\repository\com\squareup\okio\okio\1.14.0\okio-1.14.0.jar C:\Users\Rama\.m2\repository\javax\servlet\javax.servlet-api\3.1.0\javax.servlet-api-3.1.0.jar C:\Users\Rama\.m2\repository\org\slf4j\slf4j-simple\1.6.1\slf4j-simple-1.6.1.jar C:\Users\Rama\.m2\repository\org\slf4j\slf4j-api\1.6.1\slf4j-api-1.6.1.jar
  VMArgs:    -ea
  Class:     org.testng.remote.RemoteTestNG
  Args:      -serport 59917 -protocol json -d C:\Users\Rama\eclipse-workspace\first_maven\test-output C:\Users\Rama\AppData\Local\Temp\testng-eclipse--1554374871\testng-customsuite.xml
java -ea -classpath C:\Users\Rama\eclipse\java-2020-123\eclipse\configuration\org.eclipse.osgi\443\0\.cp\lib\testng-remote.jar:C:\Users\Rama\eclipse-workspace\first_maven\target\test-classes:C:\Users\Rama\eclipse-workspace\first_maven\target\classes:C:\Users\Rama\.p2\pool\plugins\org.testng_7.3.0.r202008060316.jar:C:\Users\Rama\.p2\pool\plugins\com.beust.jcommander_1.78.0.jar:C:\Users\Rama\.p2\pool\plugins\org.apache-extras.beanshell.bsh_2.0.0.b6.jar:C:\Users\Rama\.p2\pool\plugins\org.yaml.snakeyaml_1.21.0.jar:C:\Users\Rama\.m2\repository\org\seleniumhq\selenium\selenium-java\4.0.0-alpha-7\selenium-java-4.0.0-alpha-7.jar:C:\Users\Rama\.m2\repository\org\seleniumhq\selenium\selenium-api\4.0.0-alpha-7\selenium-api-4.0.0-alpha-7.jar:C:\Users\Rama\.m2\repository\org\seleniumhq\selenium\selenium-chrome-driver\4.0.0-alpha-7\selenium-chrome-driver-4.0.0-alpha-7.jar:C:\Users\Rama\.m2\repository\com\google\auto\service\auto-service-annotations\1.0-rc7\auto-service-annotations-1.0-rc7.jar:C:\Users\Rama\.m2\repository\com\google\auto\service\auto-service\1.0-rc7\auto-service-1.0-rc7.jar:C:\Users\Rama\.m2\repository\com\google\auto\auto-common\0.10\auto-common-0.10.jar:C:\Users\Rama\.m2\repository\org\seleniumhq\selenium\selenium-chromium-driver\4.0.0-alpha-7\selenium-chromium-driver-4.0.0-alpha-7.jar:C:\Users\Rama\.m2\repository\org\seleniumhq\selenium\selenium-devtools\4.0.0-alpha-7\selenium-devtools-4.0.0-alpha-7.jar:C:\Users\Rama\.m2\repository\org\seleniumhq\selenium\selenium-http\4.0.0-alpha-7\selenium-http-4.0.0-alpha-7.jar:C:\Users\Rama\.m2\repository\org\seleniumhq\selenium\selenium-json\4.0.0-alpha-7\selenium-json-4.0.0-alpha-7.jar:C:\Users\Rama\.m2\repository\org\seleniumhq\selenium\selenium-devtools-v84\4.0.0-alpha-7\selenium-devtools-v84-4.0.0-alpha-7.jar:C:\Users\Rama\.m2\repository\org\seleniumhq\selenium\selenium-devtools-v85\4.0.0-alpha-7\selenium-devtools-v85-4.0.0-alpha-7.jar:C:\Users\Rama\.m2\repository\org\seleniumhq\selenium\selenium-devtools-v86\4.0.0-alpha-7\selenium-devtools-v86-4.0.0-alpha-7.jar:C:\Users\Rama\.m2\repository\org\seleniumhq\selenium\selenium-devtools-v87\4.0.0-alpha-7\selenium-devtools-v87-4.0.0-alpha-7.jar:C:\Users\Rama\.m2\repository\org\seleniumhq\selenium\selenium-edge-driver\4.0.0-alpha-7\selenium-edge-driver-4.0.0-alpha-7.jar:C:\Users\Rama\.m2\repository\org\seleniumhq\selenium\selenium-edgehtml-driver\4.0.0-alpha-7\selenium-edgehtml-driver-4.0.0-alpha-7.jar:C:\Users\Rama\.m2\repository\org\seleniumhq\selenium\selenium-firefox-driver\4.0.0-alpha-7\selenium-firefox-driver-4.0.0-alpha-7.jar:C:\Users\Rama\.m2\repository\org\seleniumhq\selenium\selenium-firefox-xpi-driver\4.0.0-alpha-7\selenium-firefox-xpi-driver-4.0.0-alpha-7.jar:C:\Users\Rama\.m2\repository\org\seleniumhq\selenium\selenium-ie-driver\4.0.0-alpha-7\selenium-ie-driver-4.0.0-alpha-7.jar:C:\Users\Rama\.m2\repository\org\seleniumhq\selenium\selenium-opera-driver\4.0.0-alpha-7\selenium-opera-driver-4.0.0-alpha-7.jar:C:\Users\Rama\.m2\repository\org\seleniumhq\selenium\selenium-remote-driver\4.0.0-alpha-7\selenium-remote-driver-4.0.0-alpha-7.jar:C:\Users\Rama\.m2\repository\com\typesafe\netty\netty-reactive-streams\2.0.4\netty-reactive-streams-2.0.4.jar:C:\Users\Rama\.m2\repository\io\netty\netty-handler\4.1.43.Final\netty-handler-4.1.43.Final.jar:C:\Users\Rama\.m2\repository\org\reactivestreams\reactive-streams\1.0.3\reactive-streams-1.0.3.jar:C:\Users\Rama\.m2\repository\io\grpc\grpc-context\1.32.1\grpc-context-1.32.1.jar:C:\Users\Rama\.m2\repository\io\netty\netty-buffer\4.1.53.Final\netty-buffer-4.1.53.Final.jar:C:\Users\Rama\.m2\repository\io\netty\netty-codec-http\4.1.53.Final\netty-codec-http-4.1.53.Final.jar:C:\Users\Rama\.m2\repository\io\netty\netty-codec\4.1.53.Final\netty-codec-4.1.53.Final.jar:C:\Users\Rama\.m2\repository\io\netty\netty-common\4.1.53.Final\netty-common-4.1.53.Final.jar:C:\Users\Rama\.m2\repository\io\netty\netty-transport-native-epoll\4.1.53.Final\netty-transport-native-epoll-4.1.53.Final.jar:C:\Users\Rama\.m2\repository\io\netty\netty-transport-native-epoll\4.1.53.Final\netty-transport-native-epoll-4.1.53.Final-linux-x86_64.jar:C:\Users\Rama\.m2\repository\io\netty\netty-transport-native-kqueue\4.1.53.Final\netty-transport-native-kqueue-4.1.53.Final.jar:C:\Users\Rama\.m2\repository\io\netty\netty-transport-native-kqueue\4.1.53.Final\netty-transport-native-kqueue-4.1.53.Final-osx-x86_64.jar:C:\Users\Rama\.m2\repository\io\netty\netty-transport-native-unix-common\4.1.53.Final\netty-transport-native-unix-common-4.1.53.Final.jar:C:\Users\Rama\.m2\repository\io\netty\netty-transport\4.1.53.Final\netty-transport-4.1.53.Final.jar:C:\Users\Rama\.m2\repository\io\netty\netty-resolver\4.1.53.Final\netty-resolver-4.1.53.Final.jar:C:\Users\Rama\.m2\repository\io\opentelemetry\opentelemetry-api\0.9.1\opentelemetry-api-0.9.1.jar:C:\Users\Rama\.m2\repository\io\opentelemetry\opentelemetry-context-prop\0.9.1\opentelemetry-context-prop-0.9.1.jar:C:\Users\Rama\.m2\repository\io\opentelemetry\opentelemetry-sdk\0.9.1\opentelemetry-sdk-0.9.1.jar:C:\Users\Rama\.m2\repository\io\opentelemetry\opentelemetry-sdk-common\0.9.1\opentelemetry-sdk-common-0.9.1.jar:C:\Users\Rama\.m2\repository\io\opentelemetry\opentelemetry-sdk-baggage\0.9.1\opentelemetry-sdk-baggage-0.9.1.jar:C:\Users\Rama\.m2\repository\io\opentelemetry\opentelemetry-sdk-metrics\0.9.1\opentelemetry-sdk-metrics-0.9.1.jar:C:\Users\Rama\.m2\repository\io\opentelemetry\opentelemetry-sdk-tracing\0.9.1\opentelemetry-sdk-tracing-0.9.1.jar:C:\Users\Rama\.m2\repository\io\projectreactor\netty\reactor-netty-http\1.0.0\reactor-netty-http-1.0.0.jar:C:\Users\Rama\.m2\repository\io\netty\netty-codec-http2\4.1.53.Final\netty-codec-http2-4.1.53.Final.jar:C:\Users\Rama\.m2\repository\io\netty\netty-resolver-dns\4.1.53.Final\netty-resolver-dns-4.1.53.Final.jar:C:\Users\Rama\.m2\repository\io\netty\netty-codec-dns\4.1.53.Final\netty-codec-dns-4.1.53.Final.jar:C:\Users\Rama\.m2\repository\io\projectreactor\netty\reactor-netty-core\1.0.0\reactor-netty-core-1.0.0.jar:C:\Users\Rama\.m2\repository\io\projectreactor\netty\reactor-netty\1.0.0\reactor-netty-1.0.0.jar:C:\Users\Rama\.m2\repository\io\projectreactor\netty\reactor-netty-http-brave\1.0.0\reactor-netty-http-brave-1.0.0.jar:C:\Users\Rama\.m2\repository\io\zipkin\brave\brave-instrumentation-http\5.12.7\brave-instrumentation-http-5.12.7.jar:C:\Users\Rama\.m2\repository\io\zipkin\brave\brave\5.12.7\brave-5.12.7.jar:C:\Users\Rama\.m2\repository\io\zipkin\reporter2\zipkin-reporter-brave\2.15.2\zipkin-reporter-brave-2.15.2.jar:C:\Users\Rama\.m2\repository\io\zipkin\reporter2\zipkin-reporter\2.15.2\zipkin-reporter-2.15.2.jar:C:\Users\Rama\.m2\repository\io\zipkin\zipkin2\zipkin\2.21.7\zipkin-2.21.7.jar:C:\Users\Rama\.m2\repository\io\projectreactor\reactor-core\3.4.0\reactor-core-3.4.0.jar:C:\Users\Rama\.m2\repository\org\asynchttpclient\async-http-client\2.12.1\async-http-client-2.12.1.jar:C:\Users\Rama\.m2\repository\org\asynchttpclient\async-http-client-netty-utils\2.12.1\async-http-client-netty-utils-2.12.1.jar:C:\Users\Rama\.m2\repository\io\netty\netty-codec-socks\4.1.48.Final\netty-codec-socks-4.1.48.Final.jar:C:\Users\Rama\.m2\repository\io\netty\netty-handler-proxy\4.1.48.Final\netty-handler-proxy-4.1.48.Final.jar:C:\Users\Rama\.m2\repository\com\sun\activation\javax.activation\1.2.0\javax.activation-1.2.0.jar:C:\Users\Rama\.m2\repository\org\seleniumhq\selenium\selenium-safari-driver\4.0.0-alpha-7\selenium-safari-driver-4.0.0-alpha-7.jar:C:\Users\Rama\.m2\repository\org\seleniumhq\selenium\selenium-support\4.0.0-alpha-7\selenium-support-4.0.0-alpha-7.jar:C:\Users\Rama\.m2\repository\org\testng\testng\7.3.0\testng-7.3.0.jar:C:\Users\Rama\.m2\repository\com\beust\jcommander\1.78\jcommander-1.78.jar:C:\Users\Rama\.m2\repository\org\apache\ant\ant\1.10.3\ant-1.10.3.jar:C:\Users\Rama\.m2\repository\org\apache\ant\ant-launcher\1.10.3\ant-launcher-1.10.3.jar:C:\Users\Rama\.m2\repository\junit\junit\4.12\junit-4.12.jar:C:\Users\Rama\.m2\repository\org\hamcrest\hamcrest-core\1.3\hamcrest-core-1.3.jar:C:\Users\Rama\.m2\repository\com\google\inject\guice\4.2.2\guice-4.2.2-no_aop.jar:C:\Users\Rama\.m2\repository\javax\inject\javax.inject\1\javax.inject-1.jar:C:\Users\Rama\.m2\repository\aopalliance\aopalliance\1.0\aopalliance-1.0.jar:C:\Users\Rama\.m2\repository\org\yaml\snakeyaml\1.21\snakeyaml-1.21.jar:C:\Users\Rama\.m2\repository\info\cukes\cucumber-junit\1.2.5\cucumber-junit-1.2.5.jar:C:\Users\Rama\.m2\repository\info\cukes\cucumber-core\1.2.5\cucumber-core-1.2.5.jar:C:\Users\Rama\.m2\repository\info\cukes\cucumber-html\0.2.3\cucumber-html-0.2.3.jar:C:\Users\Rama\.m2\repository\info\cukes\cucumber-jvm-deps\1.0.5\cucumber-jvm-deps-1.0.5.jar:C:\Users\Rama\.m2\repository\info\cukes\gherkin\2.12.2\gherkin-2.12.2.jar:C:\Users\Rama\.m2\repository\org\seleniumhq\selenium\selenium-server\3.141.59\selenium-server-3.141.59.jar:C:\Users\Rama\.m2\repository\net\bytebuddy\byte-buddy\1.8.15\byte-buddy-1.8.15.jar:C:\Users\Rama\.m2\repository\org\apache\commons\commons-exec\1.3\commons-exec-1.3.jar:C:\Users\Rama\.m2\repository\com\google\guava\guava\25.0-jre\guava-25.0-jre.jar:C:\Users\Rama\.m2\repository\com\google\code\findbugs\jsr305\1.3.9\jsr305-1.3.9.jar:C:\Users\Rama\.m2\repository\org\checkerframework\checker-compat-qual\2.0.0\checker-compat-qual-2.0.0.jar:C:\Users\Rama\.m2\repository\com\google\errorprone\error_prone_annotations\2.1.3\error_prone_annotations-2.1.3.jar:C:\Users\Rama\.m2\repository\com\google\j2objc\j2objc-annotations\1.1\j2objc-annotations-1.1.jar:C:\Users\Rama\.m2\repository\org\codehaus\mojo\animal-sniffer-annotations\1.14\animal-sniffer-annotations-1.14.jar:C:\Users\Rama\.m2\repository\net\jcip\jcip-annotations\1.0\jcip-annotations-1.0.jar:C:\Users\Rama\.m2\repository\org\seleniumhq\selenium\jetty-repacked\9.4.12.v20180830\jetty-repacked-9.4.12.v20180830.jar:C:\Users\Rama\.m2\repository\com\squareup\okhttp3\okhttp\3.11.0\okhttp-3.11.0.jar:C:\Users\Rama\.m2\repository\com\squareup\okio\okio\1.14.0\okio-1.14.0.jar:C:\Users\Rama\.m2\repository\javax\servlet\javax.servlet-api\3.1.0\javax.servlet-api-3.1.0.jar:C:\Users\Rama\.m2\repository\org\slf4j\slf4j-simple\1.6.1\slf4j-simple-1.6.1.jar:C:\Users\Rama\.m2\repository\org\slf4j\slf4j-api\1.6.1\slf4j-api-1.6.1.jar org.testng.remote.RemoteTestNG -serport 59917 -protocol json -d C:\Users\Rama\eclipse-workspace\first_maven\test-output C:\Users\Rama\AppData\Local\Temp\testng-eclipse--1554374871\testng-customsuite.xml

!ENTRY org.testng.eclipse 1 0 2021-03-01 21:42:39.452
!MESSAGE [TestNGLaunchConfigurationDelegate] Launching:
  Classpath: C:\Users\Rama\eclipse\java-2020-123\eclipse\configuration\org.eclipse.osgi\443\0\.cp\lib\testng-remote.jar C:\Users\Rama\eclipse-workspace\first_maven\target\test-classes C:\Users\Rama\eclipse-workspace\first_maven\target\classes C:\Users\Rama\.p2\pool\plugins\org.testng_7.3.0.r202008060316.jar C:\Users\Rama\.p2\pool\plugins\com.beust.jcommander_1.78.0.jar C:\Users\Rama\.p2\pool\plugins\org.apache-extras.beanshell.bsh_2.0.0.b6.jar C:\Users\Rama\.p2\pool\plugins\org.yaml.snakeyaml_1.21.0.jar C:\Users\Rama\.m2\repository\org\seleniumhq\selenium\selenium-java\4.0.0-alpha-7\selenium-java-4.0.0-alpha-7.jar C:\Users\Rama\.m2\repository\org\seleniumhq\selenium\selenium-api\4.0.0-alpha-7\selenium-api-4.0.0-alpha-7.jar C:\Users\Rama\.m2\repository\org\seleniumhq\selenium\selenium-chrome-driver\4.0.0-alpha-7\selenium-chrome-driver-4.0.0-alpha-7.jar C:\Users\Rama\.m2\repository\com\google\auto\service\auto-service-annotations\1.0-rc7\auto-service-annotations-1.0-rc7.jar C:\Users\Rama\.m2\repository\com\google\auto\service\auto-service\1.0-rc7\auto-service-1.0-rc7.jar C:\Users\Rama\.m2\repository\com\google\auto\auto-common\0.10\auto-common-0.10.jar C:\Users\Rama\.m2\repository\org\seleniumhq\selenium\selenium-chromium-driver\4.0.0-alpha-7\selenium-chromium-driver-4.0.0-alpha-7.jar C:\Users\Rama\.m2\repository\org\seleniumhq\selenium\selenium-devtools\4.0.0-alpha-7\selenium-devtools-4.0.0-alpha-7.jar C:\Users\Rama\.m2\repository\org\seleniumhq\selenium\selenium-http\4.0.0-alpha-7\selenium-http-4.0.0-alpha-7.jar C:\Users\Rama\.m2\repository\org\seleniumhq\selenium\selenium-json\4.0.0-alpha-7\selenium-json-4.0.0-alpha-7.jar C:\Users\Rama\.m2\repository\org\seleniumhq\selenium\selenium-devtools-v84\4.0.0-alpha-7\selenium-devtools-v84-4.0.0-alpha-7.jar C:\Users\Rama\.m2\repository\org\seleniumhq\selenium\selenium-devtools-v85\4.0.0-alpha-7\selenium-devtools-v85-4.0.0-alpha-7.jar C:\Users\Rama\.m2\repository\org\seleniumhq\selenium\selenium-devtools-v86\4.0.0-alpha-7\selenium-devtools-v86-4.0.0-alpha-7.jar C:\Users\Rama\.m2\repository\org\seleniumhq\selenium\selenium-devtools-v87\4.0.0-alpha-7\selenium-devtools-v87-4.0.0-alpha-7.jar C:\Users\Rama\.m2\repository\org\seleniumhq\selenium\selenium-edge-driver\4.0.0-alpha-7\selenium-edge-driver-4.0.0-alpha-7.jar C:\Users\Rama\.m2\repository\org\seleniumhq\selenium\selenium-edgehtml-driver\4.0.0-alpha-7\selenium-edgehtml-driver-4.0.0-alpha-7.jar C:\Users\Rama\.m2\repository\org\seleniumhq\selenium\selenium-firefox-driver\4.0.0-alpha-7\selenium-firefox-driver-4.0.0-alpha-7.jar C:\Users\Rama\.m2\repository\org\seleniumhq\selenium\selenium-firefox-xpi-driver\4.0.0-alpha-7\selenium-firefox-xpi-driver-4.0.0-alpha-7.jar C:\Users\Rama\.m2\repository\org\seleniumhq\selenium\selenium-ie-driver\4.0.0-alpha-7\selenium-ie-driver-4.0.0-alpha-7.jar C:\Users\Rama\.m2\repository\org\seleniumhq\selenium\selenium-opera-driver\4.0.0-alpha-7\selenium-opera-driver-4.0.0-alpha-7.jar C:\Users\Rama\.m2\repository\org\seleniumhq\selenium\selenium-remote-driver\4.0.0-alpha-7\selenium-remote-driver-4.0.0-alpha-7.jar C:\Users\Rama\.m2\repository\com\typesafe\netty\netty-reactive-streams\2.0.4\netty-reactive-streams-2.0.4.jar C:\Users\Rama\.m2\repository\io\netty\netty-handler\4.1.43.Final\netty-handler-4.1.43.Final.jar C:\Users\Rama\.m2\repository\org\reactivestreams\reactive-streams\1.0.3\reactive-streams-1.0.3.jar C:\Users\Rama\.m2\repository\io\grpc\grpc-context\1.32.1\grpc-context-1.32.1.jar C:\Users\Rama\.m2\repository\io\netty\netty-buffer\4.1.53.Final\netty-buffer-4.1.53.Final.jar C:\Users\Rama\.m2\repository\io\netty\netty-codec-http\4.1.53.Final\netty-codec-http-4.1.53.Final.jar C:\Users\Rama\.m2\repository\io\netty\netty-codec\4.1.53.Final\netty-codec-4.1.53.Final.jar C:\Users\Rama\.m2\repository\io\netty\netty-common\4.1.53.Final\netty-common-4.1.53.Final.jar C:\Users\Rama\.m2\repository\io\netty\netty-transport-native-epoll\4.1.53.Final\netty-transport-native-epoll-4.1.53.Final.jar C:\Users\Rama\.m2\repository\io\netty\netty-transport-native-epoll\4.1.53.Final\netty-transport-native-epoll-4.1.53.Final-linux-x86_64.jar C:\Users\Rama\.m2\repository\io\netty\netty-transport-native-kqueue\4.1.53.Final\netty-transport-native-kqueue-4.1.53.Final.jar C:\Users\Rama\.m2\repository\io\netty\netty-transport-native-kqueue\4.1.53.Final\netty-transport-native-kqueue-4.1.53.Final-osx-x86_64.jar C:\Users\Rama\.m2\repository\io\netty\netty-transport-native-unix-common\4.1.53.Final\netty-transport-native-unix-common-4.1.53.Final.jar C:\Users\Rama\.m2\repository\io\netty\netty-transport\4.1.53.Final\netty-transport-4.1.53.Final.jar C:\Users\Rama\.m2\repository\io\netty\netty-resolver\4.1.53.Final\netty-resolver-4.1.53.Final.jar C:\Users\Rama\.m2\repository\io\opentelemetry\opentelemetry-api\0.9.1\opentelemetry-api-0.9.1.jar C:\Users\Rama\.m2\repository\io\opentelemetry\opentelemetry-context-prop\0.9.1\opentelemetry-context-prop-0.9.1.jar C:\Users\Rama\.m2\repository\io\opentelemetry\opentelemetry-sdk\0.9.1\opentelemetry-sdk-0.9.1.jar C:\Users\Rama\.m2\repository\io\opentelemetry\opentelemetry-sdk-common\0.9.1\opentelemetry-sdk-common-0.9.1.jar C:\Users\Rama\.m2\repository\io\opentelemetry\opentelemetry-sdk-baggage\0.9.1\opentelemetry-sdk-baggage-0.9.1.jar C:\Users\Rama\.m2\repository\io\opentelemetry\opentelemetry-sdk-metrics\0.9.1\opentelemetry-sdk-metrics-0.9.1.jar C:\Users\Rama\.m2\repository\io\opentelemetry\opentelemetry-sdk-tracing\0.9.1\opentelemetry-sdk-tracing-0.9.1.jar C:\Users\Rama\.m2\repository\io\projectreactor\netty\reactor-netty-http\1.0.0\reactor-netty-http-1.0.0.jar C:\Users\Rama\.m2\repository\io\netty\netty-codec-http2\4.1.53.Final\netty-codec-http2-4.1.53.Final.jar C:\Users\Rama\.m2\repository\io\netty\netty-resolver-dns\4.1.53.Final\netty-resolver-dns-4.1.53.Final.jar C:\Users\Rama\.m2\repository\io\netty\netty-codec-dns\4.1.53.Final\netty-codec-dns-4.1.53.Final.jar C:\Users\Rama\.m2\repository\io\projectreactor\netty\reactor-netty-core\1.0.0\reactor-netty-core-1.0.0.jar C:\Users\Rama\.m2\repository\io\projectreactor\netty\reactor-netty\1.0.0\reactor-netty-1.0.0.jar C:\Users\Rama\.m2\repository\io\projectreactor\netty\reactor-netty-http-brave\1.0.0\reactor-netty-http-brave-1.0.0.jar C:\Users\Rama\.m2\repository\io\zipkin\brave\brave-instrumentation-http\5.12.7\brave-instrumentation-http-5.12.7.jar C:\Users\Rama\.m2\repository\io\zipkin\brave\brave\5.12.7\brave-5.12.7.jar C:\Users\Rama\.m2\repository\io\zipkin\reporter2\zipkin-reporter-brave\2.15.2\zipkin-reporter-brave-2.15.2.jar C:\Users\Rama\.m2\repository\io\zipkin\reporter2\zipkin-reporter\2.15.2\zipkin-reporter-2.15.2.jar C:\Users\Rama\.m2\repository\io\zipkin\zipkin2\zipkin\2.21.7\zipkin-2.21.7.jar C:\Users\Rama\.m2\repository\io\projectreactor\reactor-core\3.4.0\reactor-core-3.4.0.jar C:\Users\Rama\.m2\repository\org\asynchttpclient\async-http-client\2.12.1\async-http-client-2.12.1.jar C:\Users\Rama\.m2\repository\org\asynchttpclient\async-http-client-netty-utils\2.12.1\async-http-client-netty-utils-2.12.1.jar C:\Users\Rama\.m2\repository\io\netty\netty-codec-socks\4.1.48.Final\netty-codec-socks-4.1.48.Final.jar C:\Users\Rama\.m2\repository\io\netty\netty-handler-proxy\4.1.48.Final\netty-handler-proxy-4.1.48.Final.jar C:\Users\Rama\.m2\repository\org\slf4j\slf4j-api\1.7.30\slf4j-api-1.7.30.jar C:\Users\Rama\.m2\repository\com\sun\activation\javax.activation\1.2.0\javax.activation-1.2.0.jar C:\Users\Rama\.m2\repository\org\seleniumhq\selenium\selenium-safari-driver\4.0.0-alpha-7\selenium-safari-driver-4.0.0-alpha-7.jar C:\Users\Rama\.m2\repository\org\seleniumhq\selenium\selenium-support\4.0.0-alpha-7\selenium-support-4.0.0-alpha-7.jar C:\Users\Rama\.m2\repository\org\testng\testng\7.3.0\testng-7.3.0.jar C:\Users\Rama\.m2\repository\com\beust\jcommander\1.78\jcommander-1.78.jar C:\Users\Rama\.m2\repository\org\apache\ant\ant\1.10.3\ant-1.10.3.jar C:\Users\Rama\.m2\repository\org\apache\ant\ant-launcher\1.10.3\ant-launcher-1.10.3.jar C:\Users\Rama\.m2\repository\junit\junit\4.12\junit-4.12.jar C:\Users\Rama\.m2\repository\org\hamcrest\hamcrest-core\1.3\hamcrest-core-1.3.jar C:\Users\Rama\.m2\repository\com\google\inject\guice\4.2.2\guice-4.2.2-no_aop.jar C:\Users\Rama\.m2\repository\javax\inject\javax.inject\1\javax.inject-1.jar C:\Users\Rama\.m2\repository\aopalliance\aopalliance\1.0\aopalliance-1.0.jar C:\Users\Rama\.m2\repository\org\yaml\snakeyaml\1.21\snakeyaml-1.21.jar C:\Users\Rama\.m2\repository\info\cukes\cucumber-junit\1.2.5\cucumber-junit-1.2.5.jar C:\Users\Rama\.m2\repository\info\cukes\cucumber-core\1.2.5\cucumber-core-1.2.5.jar C:\Users\Rama\.m2\repository\info\cukes\cucumber-html\0.2.3\cucumber-html-0.2.3.jar C:\Users\Rama\.m2\repository\info\cukes\cucumber-jvm-deps\1.0.5\cucumber-jvm-deps-1.0.5.jar C:\Users\Rama\.m2\repository\info\cukes\gherkin\2.12.2\gherkin-2.12.2.jar C:\Users\Rama\.m2\repository\org\seleniumhq\selenium\selenium-server\3.141.59\selenium-server-3.141.59.jar C:\Users\Rama\.m2\repository\net\bytebuddy\byte-buddy\1.8.15\byte-buddy-1.8.15.jar C:\Users\Rama\.m2\repository\org\apache\commons\commons-exec\1.3\commons-exec-1.3.jar C:\Users\Rama\.m2\repository\com\google\guava\guava\25.0-jre\guava-25.0-jre.jar C:\Users\Rama\.m2\repository\com\google\code\findbugs\jsr305\1.3.9\jsr305-1.3.9.jar C:\Users\Rama\.m2\repository\org\checkerframework\checker-compat-qual\2.0.0\checker-compat-qual-2.0.0.jar C:\Users\Rama\.m2\repository\com\google\errorprone\error_prone_annotations\2.1.3\error_prone_annotations-2.1.3.jar C:\Users\Rama\.m2\repository\com\google\j2objc\j2objc-annotations\1.1\j2objc-annotations-1.1.jar C:\Users\Rama\.m2\repository\org\codehaus\mojo\animal-sniffer-annotations\1.14\animal-sniffer-annotations-1.14.jar C:\Users\Rama\.m2\repository\net\jcip\jcip-annotations\1.0\jcip-annotations-1.0.jar C:\Users\Rama\.m2\repository\org\seleniumhq\selenium\jetty-repacked\9.4.12.v20180830\jetty-repacked-9.4.12.v20180830.jar C:\Users\Rama\.m2\repository\com\squareup\okhttp3\okhttp\3.11.0\okhttp-3.11.0.jar C:\Users\Rama\.m2\repository\com\squareup\okio\okio\1.14.0\okio-1.14.0.jar C:\Users\Rama\.m2\repository\javax\servlet\javax.servlet-api\3.1.0\javax.servlet-api-3.1.0.jar
  VMArgs:    -ea
  Class:     org.testng.remote.RemoteTestNG
  Args:      -serport 59954 -protocol json -d C:\Users\Rama\eclipse-workspace\first_maven\test-output C:\Users\Rama\AppData\Local\Temp\testng-eclipse-851624755\testng-customsuite.xml
java -ea -classpath C:\Users\Rama\eclipse\java-2020-123\eclipse\configuration\org.eclipse.osgi\443\0\.cp\lib\testng-remote.jar:C:\Users\Rama\eclipse-workspace\first_maven\target\test-classes:C:\Users\Rama\eclipse-workspace\first_maven\target\classes:C:\Users\Rama\.p2\pool\plugins\org.testng_7.3.0.r202008060316.jar:C:\Users\Rama\.p2\pool\plugins\com.beust.jcommander_1.78.0.jar:C:\Users\Rama\.p2\pool\plugins\org.apache-extras.beanshell.bsh_2.0.0.b6.jar:C:\Users\Rama\.p2\pool\plugins\org.yaml.snakeyaml_1.21.0.jar:C:\Users\Rama\.m2\repository\org\seleniumhq\selenium\selenium-java\4.0.0-alpha-7\selenium-java-4.0.0-alpha-7.jar:C:\Users\Rama\.m2\repository\org\seleniumhq\selenium\selenium-api\4.0.0-alpha-7\selenium-api-4.0.0-alpha-7.jar:C:\Users\Rama\.m2\repository\org\seleniumhq\selenium\selenium-chrome-driver\4.0.0-alpha-7\selenium-chrome-driver-4.0.0-alpha-7.jar:C:\Users\Rama\.m2\repository\com\google\auto\service\auto-service-annotations\1.0-rc7\auto-service-annotations-1.0-rc7.jar:C:\Users\Rama\.m2\repository\com\google\auto\service\auto-service\1.0-rc7\auto-service-1.0-rc7.jar:C:\Users\Rama\.m2\repository\com\google\auto\auto-common\0.10\auto-common-0.10.jar:C:\Users\Rama\.m2\repository\org\seleniumhq\selenium\selenium-chromium-driver\4.0.0-alpha-7\selenium-chromium-driver-4.0.0-alpha-7.jar:C:\Users\Rama\.m2\repository\org\seleniumhq\selenium\selenium-devtools\4.0.0-alpha-7\selenium-devtools-4.0.0-alpha-7.jar:C:\Users\Rama\.m2\repository\org\seleniumhq\selenium\selenium-http\4.0.0-alpha-7\selenium-http-4.0.0-alpha-7.jar:C:\Users\Rama\.m2\repository\org\seleniumhq\selenium\selenium-json\4.0.0-alpha-7\selenium-json-4.0.0-alpha-7.jar:C:\Users\Rama\.m2\repository\org\seleniumhq\selenium\selenium-devtools-v84\4.0.0-alpha-7\selenium-devtools-v84-4.0.0-alpha-7.jar:C:\Users\Rama\.m2\repository\org\seleniumhq\selenium\selenium-devtools-v85\4.0.0-alpha-7\selenium-devtools-v85-4.0.0-alpha-7.jar:C:\Users\Rama\.m2\repository\org\seleniumhq\selenium\selenium-devtools-v86\4.0.0-alpha-7\selenium-devtools-v86-4.0.0-alpha-7.jar:C:\Users\Rama\.m2\repository\org\seleniumhq\selenium\selenium-devtools-v87\4.0.0-alpha-7\selenium-devtools-v87-4.0.0-alpha-7.jar:C:\Users\Rama\.m2\repository\org\seleniumhq\selenium\selenium-edge-driver\4.0.0-alpha-7\selenium-edge-driver-4.0.0-alpha-7.jar:C:\Users\Rama\.m2\repository\org\seleniumhq\selenium\selenium-edgehtml-driver\4.0.0-alpha-7\selenium-edgehtml-driver-4.0.0-alpha-7.jar:C:\Users\Rama\.m2\repository\org\seleniumhq\selenium\selenium-firefox-driver\4.0.0-alpha-7\selenium-firefox-driver-4.0.0-alpha-7.jar:C:\Users\Rama\.m2\repository\org\seleniumhq\selenium\selenium-firefox-xpi-driver\4.0.0-alpha-7\selenium-firefox-xpi-driver-4.0.0-alpha-7.jar:C:\Users\Rama\.m2\repository\org\seleniumhq\selenium\selenium-ie-driver\4.0.0-alpha-7\selenium-ie-driver-4.0.0-alpha-7.jar:C:\Users\Rama\.m2\repository\org\seleniumhq\selenium\selenium-opera-driver\4.0.0-alpha-7\selenium-opera-driver-4.0.0-alpha-7.jar:C:\Users\Rama\.m2\repository\org\seleniumhq\selenium\selenium-remote-driver\4.0.0-alpha-7\selenium-remote-driver-4.0.0-alpha-7.jar:C:\Users\Rama\.m2\repository\com\typesafe\netty\netty-reactive-streams\2.0.4\netty-reactive-streams-2.0.4.jar:C:\Users\Rama\.m2\repository\io\netty\netty-handler\4.1.43.Final\netty-handler-4.1.43.Final.jar:C:\Users\Rama\.m2\repository\org\reactivestreams\reactive-streams\1.0.3\reactive-streams-1.0.3.jar:C:\Users\Rama\.m2\repository\io\grpc\grpc-context\1.32.1\grpc-context-1.32.1.jar:C:\Users\Rama\.m2\repository\io\netty\netty-buffer\4.1.53.Final\netty-buffer-4.1.53.Final.jar:C:\Users\Rama\.m2\repository\io\netty\netty-codec-http\4.1.53.Final\netty-codec-http-4.1.53.Final.jar:C:\Users\Rama\.m2\repository\io\netty\netty-codec\4.1.53.Final\netty-codec-4.1.53.Final.jar:C:\Users\Rama\.m2\repository\io\netty\netty-common\4.1.53.Final\netty-common-4.1.53.Final.jar:C:\Users\Rama\.m2\repository\io\netty\netty-transport-native-epoll\4.1.53.Final\netty-transport-native-epoll-4.1.53.Final.jar:C:\Users\Rama\.m2\repository\io\netty\netty-transport-native-epoll\4.1.53.Final\netty-transport-native-epoll-4.1.53.Final-linux-x86_64.jar:C:\Users\Rama\.m2\repository\io\netty\netty-transport-native-kqueue\4.1.53.Final\netty-transport-native-kqueue-4.1.53.Final.jar:C:\Users\Rama\.m2\repository\io\netty\netty-transport-native-kqueue\4.1.53.Final\netty-transport-native-kqueue-4.1.53.Final-osx-x86_64.jar:C:\Users\Rama\.m2\repository\io\netty\netty-transport-native-unix-common\4.1.53.Final\netty-transport-native-unix-common-4.1.53.Final.jar:C:\Users\Rama\.m2\repository\io\netty\netty-transport\4.1.53.Final\netty-transport-4.1.53.Final.jar:C:\Users\Rama\.m2\repository\io\netty\netty-resolver\4.1.53.Final\netty-resolver-4.1.53.Final.jar:C:\Users\Rama\.m2\repository\io\opentelemetry\opentelemetry-api\0.9.1\opentelemetry-api-0.9.1.jar:C:\Users\Rama\.m2\repository\io\opentelemetry\opentelemetry-context-prop\0.9.1\opentelemetry-context-prop-0.9.1.jar:C:\Users\Rama\.m2\repository\io\opentelemetry\opentelemetry-sdk\0.9.1\opentelemetry-sdk-0.9.1.jar:C:\Users\Rama\.m2\repository\io\opentelemetry\opentelemetry-sdk-common\0.9.1\opentelemetry-sdk-common-0.9.1.jar:C:\Users\Rama\.m2\repository\io\opentelemetry\opentelemetry-sdk-baggage\0.9.1\opentelemetry-sdk-baggage-0.9.1.jar:C:\Users\Rama\.m2\repository\io\opentelemetry\opentelemetry-sdk-metrics\0.9.1\opentelemetry-sdk-metrics-0.9.1.jar:C:\Users\Rama\.m2\repository\io\opentelemetry\opentelemetry-sdk-tracing\0.9.1\opentelemetry-sdk-tracing-0.9.1.jar:C:\Users\Rama\.m2\repository\io\projectreactor\netty\reactor-netty-http\1.0.0\reactor-netty-http-1.0.0.jar:C:\Users\Rama\.m2\repository\io\netty\netty-codec-http2\4.1.53.Final\netty-codec-http2-4.1.53.Final.jar:C:\Users\Rama\.m2\repository\io\netty\netty-resolver-dns\4.1.53.Final\netty-resolver-dns-4.1.53.Final.jar:C:\Users\Rama\.m2\repository\io\netty\netty-codec-dns\4.1.53.Final\netty-codec-dns-4.1.53.Final.jar:C:\Users\Rama\.m2\repository\io\projectreactor\netty\reactor-netty-core\1.0.0\reactor-netty-core-1.0.0.jar:C:\Users\Rama\.m2\repository\io\projectreactor\netty\reactor-netty\1.0.0\reactor-netty-1.0.0.jar:C:\Users\Rama\.m2\repository\io\projectreactor\netty\reactor-netty-http-brave\1.0.0\reactor-netty-http-brave-1.0.0.jar:C:\Users\Rama\.m2\repository\io\zipkin\brave\brave-instrumentation-http\5.12.7\brave-instrumentation-http-5.12.7.jar:C:\Users\Rama\.m2\repository\io\zipkin\brave\brave\5.12.7\brave-5.12.7.jar:C:\Users\Rama\.m2\repository\io\zipkin\reporter2\zipkin-reporter-brave\2.15.2\zipkin-reporter-brave-2.15.2.jar:C:\Users\Rama\.m2\repository\io\zipkin\reporter2\zipkin-reporter\2.15.2\zipkin-reporter-2.15.2.jar:C:\Users\Rama\.m2\repository\io\zipkin\zipkin2\zipkin\2.21.7\zipkin-2.21.7.jar:C:\Users\Rama\.m2\repository\io\projectreactor\reactor-core\3.4.0\reactor-core-3.4.0.jar:C:\Users\Rama\.m2\repository\org\asynchttpclient\async-http-client\2.12.1\async-http-client-2.12.1.jar:C:\Users\Rama\.m2\repository\org\asynchttpclient\async-http-client-netty-utils\2.12.1\async-http-client-netty-utils-2.12.1.jar:C:\Users\Rama\.m2\repository\io\netty\netty-codec-socks\4.1.48.Final\netty-codec-socks-4.1.48.Final.jar:C:\Users\Rama\.m2\repository\io\netty\netty-handler-proxy\4.1.48.Final\netty-handler-proxy-4.1.48.Final.jar:C:\Users\Rama\.m2\repository\org\slf4j\slf4j-api\1.7.30\slf4j-api-1.7.30.jar:C:\Users\Rama\.m2\repository\com\sun\activation\javax.activation\1.2.0\javax.activation-1.2.0.jar:C:\Users\Rama\.m2\repository\org\seleniumhq\selenium\selenium-safari-driver\4.0.0-alpha-7\selenium-safari-driver-4.0.0-alpha-7.jar:C:\Users\Rama\.m2\repository\org\seleniumhq\selenium\selenium-support\4.0.0-alpha-7\selenium-support-4.0.0-alpha-7.jar:C:\Users\Rama\.m2\repository\org\testng\testng\7.3.0\testng-7.3.0.jar:C:\Users\Rama\.m2\repository\com\beust\jcommander\1.78\jcommander-1.78.jar:C:\Users\Rama\.m2\repository\org\apache\ant\ant\1.10.3\ant-1.10.3.jar:C:\Users\Rama\.m2\repository\org\apache\ant\ant-launcher\1.10.3\ant-launcher-1.10.3.jar:C:\Users\Rama\.m2\repository\junit\junit\4.12\junit-4.12.jar:C:\Users\Rama\.m2\repository\org\hamcrest\hamcrest-core\1.3\hamcrest-core-1.3.jar:C:\Users\Rama\.m2\repository\com\google\inject\guice\4.2.2\guice-4.2.2-no_aop.jar:C:\Users\Rama\.m2\repository\javax\inject\javax.inject\1\javax.inject-1.jar:C:\Users\Rama\.m2\repository\aopalliance\aopalliance\1.0\aopalliance-1.0.jar:C:\Users\Rama\.m2\repository\org\yaml\snakeyaml\1.21\snakeyaml-1.21.jar:C:\Users\Rama\.m2\repository\info\cukes\cucumber-junit\1.2.5\cucumber-junit-1.2.5.jar:C:\Users\Rama\.m2\repository\info\cukes\cucumber-core\1.2.5\cucumber-core-1.2.5.jar:C:\Users\Rama\.m2\repository\info\cukes\cucumber-html\0.2.3\cucumber-html-0.2.3.jar:C:\Users\Rama\.m2\repository\info\cukes\cucumber-jvm-deps\1.0.5\cucumber-jvm-deps-1.0.5.jar:C:\Users\Rama\.m2\repository\info\cukes\gherkin\2.12.2\gherkin-2.12.2.jar:C:\Users\Rama\.m2\repository\org\seleniumhq\selenium\selenium-server\3.141.59\selenium-server-3.141.59.jar:C:\Users\Rama\.m2\repository\net\bytebuddy\byte-buddy\1.8.15\byte-buddy-1.8.15.jar:C:\Users\Rama\.m2\repository\org\apache\commons\commons-exec\1.3\commons-exec-1.3.jar:C:\Users\Rama\.m2\repository\com\google\guava\guava\25.0-jre\guava-25.0-jre.jar:C:\Users\Rama\.m2\repository\com\google\code\findbugs\jsr305\1.3.9\jsr305-1.3.9.jar:C:\Users\Rama\.m2\repository\org\checkerframework\checker-compat-qual\2.0.0\checker-compat-qual-2.0.0.jar:C:\Users\Rama\.m2\repository\com\google\errorprone\error_prone_annotations\2.1.3\error_prone_annotations-2.1.3.jar:C:\Users\Rama\.m2\repository\com\google\j2objc\j2objc-annotations\1.1\j2objc-annotations-1.1.jar:C:\Users\Rama\.m2\repository\org\codehaus\mojo\animal-sniffer-annotations\1.14\animal-sniffer-annotations-1.14.jar:C:\Users\Rama\.m2\repository\net\jcip\jcip-annotations\1.0\jcip-annotations-1.0.jar:C:\Users\Rama\.m2\repository\org\seleniumhq\selenium\jetty-repacked\9.4.12.v20180830\jetty-repacked-9.4.12.v20180830.jar:C:\Users\Rama\.m2\repository\com\squareup\okhttp3\okhttp\3.11.0\okhttp-3.11.0.jar:C:\Users\Rama\.m2\repository\com\squareup\okio\okio\1.14.0\okio-1.14.0.jar:C:\Users\Rama\.m2\repository\javax\servlet\javax.servlet-api\3.1.0\javax.servlet-api-3.1.0.jar org.testng.remote.RemoteTestNG -serport 59954 -protocol json -d C:\Users\Rama\eclipse-workspace\first_maven\test-output C:\Users\Rama\AppData\Local\Temp\testng-eclipse-851624755\testng-customsuite.xml

!ENTRY org.eclipse.jdt.junit.core 4 4 2021-03-01 22:58:47.762
!MESSAGE Error
!STACK 0
java.lang.Exception: Unexpected TestElement type for testId '5': TestSuite: | Samuel | Miller | sammillerjoe12@gmail.com | Pass@123 | 12 | Dec | 1989 | Male | : Not Started - Undefined (6)
	at org.eclipse.jdt.internal.junit.model.TestRunSession$TestSessionNotifier.logUnexpectedTest(TestRunSession.java:801)
	at org.eclipse.jdt.internal.junit.model.TestRunSession$TestSessionNotifier.testStarted(TestRunSession.java:708)
	at org.eclipse.jdt.internal.junit.model.RemoteTestRunnerClient$5.run(RemoteTestRunnerClient.java:537)
	at org.eclipse.core.runtime.SafeRunner.run(SafeRunner.java:45)
	at org.eclipse.jdt.internal.junit.model.RemoteTestRunnerClient.notifyTestStarted(RemoteTestRunnerClient.java:533)
	at org.eclipse.jdt.internal.junit.model.RemoteTestRunnerClient.access$6(RemoteTestRunnerClient.java:529)
	at org.eclipse.jdt.internal.junit.model.RemoteTestRunnerClient$DefaultProcessingState.readMessage(RemoteTestRunnerClient.java:92)
	at org.eclipse.jdt.internal.junit.model.RemoteTestRunnerClient.receiveMessage(RemoteTestRunnerClient.java:378)
	at org.eclipse.jdt.internal.junit.model.RemoteTestRunnerClient.access$27(RemoteTestRunnerClient.java:377)
	at org.eclipse.jdt.internal.junit.model.RemoteTestRunnerClient$ServerConnection.run(RemoteTestRunnerClient.java:273)

!ENTRY org.eclipse.jdt.junit.core 4 4 2021-03-01 23:00:49.209
!MESSAGE Error
!STACK 0
java.lang.Exception: Unexpected TestElement type for testId '5': TestSuite: | Samuel | Miller | sammillerjoe12@gmail.com | Pass@123 | 12 | Dec | 1989 | Male | : Completed - OK (6)
	at org.eclipse.jdt.internal.junit.model.TestRunSession$TestSessionNotifier.logUnexpectedTest(TestRunSession.java:801)
	at org.eclipse.jdt.internal.junit.model.TestRunSession$TestSessionNotifier.testEnded(TestRunSession.java:738)
	at org.eclipse.jdt.internal.junit.model.RemoteTestRunnerClient$4.run(RemoteTestRunnerClient.java:523)
	at org.eclipse.core.runtime.SafeRunner.run(SafeRunner.java:45)
	at org.eclipse.jdt.internal.junit.model.RemoteTestRunnerClient.notifyTestEnded(RemoteTestRunnerClient.java:519)
	at org.eclipse.jdt.internal.junit.model.RemoteTestRunnerClient.access$7(RemoteTestRunnerClient.java:515)
	at org.eclipse.jdt.internal.junit.model.RemoteTestRunnerClient$DefaultProcessingState.readMessage(RemoteTestRunnerClient.java:96)
	at org.eclipse.jdt.internal.junit.model.RemoteTestRunnerClient.receiveMessage(RemoteTestRunnerClient.java:378)
	at org.eclipse.jdt.internal.junit.model.RemoteTestRunnerClient.access$27(RemoteTestRunnerClient.java:377)
	at org.eclipse.jdt.internal.junit.model.RemoteTestRunnerClient$ServerConnection.run(RemoteTestRunnerClient.java:273)

!ENTRY org.eclipse.jdt.junit.core 4 4 2021-03-01 23:00:49.210
!MESSAGE Error
!STACK 0
java.lang.Exception: Unexpected TestElement type for testId '12': TestSuite: | Kurt | Wyatt | wyatt23@gmail.com | Pass@@143 | 23 | Oct | 2000 | Female | : Not Started - Undefined (6)
	at org.eclipse.jdt.internal.junit.model.TestRunSession$TestSessionNotifier.logUnexpectedTest(TestRunSession.java:801)
	at org.eclipse.jdt.internal.junit.model.TestRunSession$TestSessionNotifier.testStarted(TestRunSession.java:708)
	at org.eclipse.jdt.internal.junit.model.RemoteTestRunnerClient$5.run(RemoteTestRunnerClient.java:537)
	at org.eclipse.core.runtime.SafeRunner.run(SafeRunner.java:45)
	at org.eclipse.jdt.internal.junit.model.RemoteTestRunnerClient.notifyTestStarted(RemoteTestRunnerClient.java:533)
	at org.eclipse.jdt.internal.junit.model.RemoteTestRunnerClient.access$6(RemoteTestRunnerClient.java:529)
	at org.eclipse.jdt.internal.junit.model.RemoteTestRunnerClient$DefaultProcessingState.readMessage(RemoteTestRunnerClient.java:92)
	at org.eclipse.jdt.internal.junit.model.RemoteTestRunnerClient.receiveMessage(RemoteTestRunnerClient.java:378)
	at org.eclipse.jdt.internal.junit.model.RemoteTestRunnerClient.access$27(RemoteTestRunnerClient.java:377)
	at org.eclipse.jdt.internal.junit.model.RemoteTestRunnerClient$ServerConnection.run(RemoteTestRunnerClient.java:273)

!ENTRY org.eclipse.jdt.junit.core 4 4 2021-03-01 23:01:04.318
!MESSAGE Error
!STACK 0
java.lang.Exception: Unexpected TestElement type for testId '12': TestSuite: | Kurt | Wyatt | wyatt23@gmail.com | Pass@@143 | 23 | Oct | 2000 | Female | : Completed - OK (6)
	at org.eclipse.jdt.internal.junit.model.TestRunSession$TestSessionNotifier.logUnexpectedTest(TestRunSession.java:801)
	at org.eclipse.jdt.internal.junit.model.TestRunSession$TestSessionNotifier.testEnded(TestRunSession.java:738)
	at org.eclipse.jdt.internal.junit.model.RemoteTestRunnerClient$4.run(RemoteTestRunnerClient.java:523)
	at org.eclipse.core.runtime.SafeRunner.run(SafeRunner.java:45)
	at org.eclipse.jdt.internal.junit.model.RemoteTestRunnerClient.notifyTestEnded(RemoteTestRunnerClient.java:519)
	at org.eclipse.jdt.internal.junit.model.RemoteTestRunnerClient.access$7(RemoteTestRunnerClient.java:515)
	at org.eclipse.jdt.internal.junit.model.RemoteTestRunnerClient$DefaultProcessingState.readMessage(RemoteTestRunnerClient.java:96)
	at org.eclipse.jdt.internal.junit.model.RemoteTestRunnerClient.receiveMessage(RemoteTestRunnerClient.java:378)
	at org.eclipse.jdt.internal.junit.model.RemoteTestRunnerClient.access$27(RemoteTestRunnerClient.java:377)
	at org.eclipse.jdt.internal.junit.model.RemoteTestRunnerClient$ServerConnection.run(RemoteTestRunnerClient.java:273)

!ENTRY org.eclipse.jdt.junit.core 4 4 2021-03-01 23:06:57.182
!MESSAGE Error
!STACK 0
java.lang.Exception: Unexpected TestElement type for testId '5': TestSuite: | Chrome | Samuel | Miller | sammillerjoe12@gmail.com | Pass@123 | 12 | Dec | 1989 | Male | : Not Started - Undefined (6)
	at org.eclipse.jdt.internal.junit.model.TestRunSession$TestSessionNotifier.logUnexpectedTest(TestRunSession.java:801)
	at org.eclipse.jdt.internal.junit.model.TestRunSession$TestSessionNotifier.testStarted(TestRunSession.java:708)
	at org.eclipse.jdt.internal.junit.model.RemoteTestRunnerClient$5.run(RemoteTestRunnerClient.java:537)
	at org.eclipse.core.runtime.SafeRunner.run(SafeRunner.java:45)
	at org.eclipse.jdt.internal.junit.model.RemoteTestRunnerClient.notifyTestStarted(RemoteTestRunnerClient.java:533)
	at org.eclipse.jdt.internal.junit.model.RemoteTestRunnerClient.access$6(RemoteTestRunnerClient.java:529)
	at org.eclipse.jdt.internal.junit.model.RemoteTestRunnerClient$DefaultProcessingState.readMessage(RemoteTestRunnerClient.java:92)
	at org.eclipse.jdt.internal.junit.model.RemoteTestRunnerClient.receiveMessage(RemoteTestRunnerClient.java:378)
	at org.eclipse.jdt.internal.junit.model.RemoteTestRunnerClient.access$27(RemoteTestRunnerClient.java:377)
	at org.eclipse.jdt.internal.junit.model.RemoteTestRunnerClient$ServerConnection.run(RemoteTestRunnerClient.java:273)

!ENTRY org.eclipse.jdt.junit.core 4 4 2021-03-01 23:08:41.958
!MESSAGE Error
!STACK 0
java.lang.Exception: Unexpected TestElement type for testId '5': TestSuite: | Chrome | Samuel | Miller | sammillerjoe12@gmail.com | Pass@123 | 12 | Dec | 1989 | Male | : Completed - OK (6)
	at org.eclipse.jdt.internal.junit.model.TestRunSession$TestSessionNotifier.logUnexpectedTest(TestRunSession.java:801)
	at org.eclipse.jdt.internal.junit.model.TestRunSession$TestSessionNotifier.testEnded(TestRunSession.java:738)
	at org.eclipse.jdt.internal.junit.model.RemoteTestRunnerClient$4.run(RemoteTestRunnerClient.java:523)
	at org.eclipse.core.runtime.SafeRunner.run(SafeRunner.java:45)
	at org.eclipse.jdt.internal.junit.model.RemoteTestRunnerClient.notifyTestEnded(RemoteTestRunnerClient.java:519)
	at org.eclipse.jdt.internal.junit.model.RemoteTestRunnerClient.access$7(RemoteTestRunnerClient.java:515)
	at org.eclipse.jdt.internal.junit.model.RemoteTestRunnerClient$DefaultProcessingState.readMessage(RemoteTestRunnerClient.java:96)
	at org.eclipse.jdt.internal.junit.model.RemoteTestRunnerClient.receiveMessage(RemoteTestRunnerClient.java:378)
	at org.eclipse.jdt.internal.junit.model.RemoteTestRunnerClient.access$27(RemoteTestRunnerClient.java:377)
	at org.eclipse.jdt.internal.junit.model.RemoteTestRunnerClient$ServerConnection.run(RemoteTestRunnerClient.java:273)

!ENTRY org.eclipse.jdt.junit.core 4 4 2021-03-01 23:08:41.959
!MESSAGE Error
!STACK 0
java.lang.Exception: Unexpected TestElement type for testId '12': TestSuite: | FireFox | Kurt | Wyatt | wyatt23@gmail.com | Pass@@143 | 23 | Oct | 2000 | Female | : Not Started - Undefined (6)
	at org.eclipse.jdt.internal.junit.model.TestRunSession$TestSessionNotifier.logUnexpectedTest(TestRunSession.java:801)
	at org.eclipse.jdt.internal.junit.model.TestRunSession$TestSessionNotifier.testStarted(TestRunSession.java:708)
	at org.eclipse.jdt.internal.junit.model.RemoteTestRunnerClient$5.run(RemoteTestRunnerClient.java:537)
	at org.eclipse.core.runtime.SafeRunner.run(SafeRunner.java:45)
	at org.eclipse.jdt.internal.junit.model.RemoteTestRunnerClient.notifyTestStarted(RemoteTestRunnerClient.java:533)
	at org.eclipse.jdt.internal.junit.model.RemoteTestRunnerClient.access$6(RemoteTestRunnerClient.java:529)
	at org.eclipse.jdt.internal.junit.model.RemoteTestRunnerClient$DefaultProcessingState.readMessage(RemoteTestRunnerClient.java:92)
	at org.eclipse.jdt.internal.junit.model.RemoteTestRunnerClient.receiveMessage(RemoteTestRunnerClient.java:378)
	at org.eclipse.jdt.internal.junit.model.RemoteTestRunnerClient.access$27(RemoteTestRunnerClient.java:377)
	at org.eclipse.jdt.internal.junit.model.RemoteTestRunnerClient$ServerConnection.run(RemoteTestRunnerClient.java:273)

!ENTRY org.eclipse.jdt.junit.core 4 4 2021-03-01 23:08:53.032
!MESSAGE Error
!STACK 0
java.lang.Exception: Unexpected TestElement type for testId '12': TestSuite: | FireFox | Kurt | Wyatt | wyatt23@gmail.com | Pass@@143 | 23 | Oct | 2000 | Female | : Completed - OK (6)
	at org.eclipse.jdt.internal.junit.model.TestRunSession$TestSessionNotifier.logUnexpectedTest(TestRunSession.java:801)
	at org.eclipse.jdt.internal.junit.model.TestRunSession$TestSessionNotifier.testEnded(TestRunSession.java:738)
	at org.eclipse.jdt.internal.junit.model.RemoteTestRunnerClient$4.run(RemoteTestRunnerClient.java:523)
	at org.eclipse.core.runtime.SafeRunner.run(SafeRunner.java:45)
	at org.eclipse.jdt.internal.junit.model.RemoteTestRunnerClient.notifyTestEnded(RemoteTestRunnerClient.java:519)
	at org.eclipse.jdt.internal.junit.model.RemoteTestRunnerClient.access$7(RemoteTestRunnerClient.java:515)
	at org.eclipse.jdt.internal.junit.model.RemoteTestRunnerClient$DefaultProcessingState.readMessage(RemoteTestRunnerClient.java:96)
	at org.eclipse.jdt.internal.junit.model.RemoteTestRunnerClient.receiveMessage(RemoteTestRunnerClient.java:378)
	at org.eclipse.jdt.internal.junit.model.RemoteTestRunnerClient.access$27(RemoteTestRunnerClient.java:377)
	at org.eclipse.jdt.internal.junit.model.RemoteTestRunnerClient$ServerConnection.run(RemoteTestRunnerClient.java:273)

!ENTRY org.eclipse.jdt.junit.core 4 4 2021-03-01 23:09:28.414
!MESSAGE Error
!STACK 0
java.lang.Exception: Unexpected TestElement type for testId '5': TestSuite: | Chrome | Samuel | Miller | sammillerjoe12@gmail.com | Pass@123 | 12 | Dec | 1989 | Male | : Not Started - Undefined (6)
	at org.eclipse.jdt.internal.junit.model.TestRunSession$TestSessionNotifier.logUnexpectedTest(TestRunSession.java:801)
	at org.eclipse.jdt.internal.junit.model.TestRunSession$TestSessionNotifier.testStarted(TestRunSession.java:708)
	at org.eclipse.jdt.internal.junit.model.RemoteTestRunnerClient$5.run(RemoteTestRunnerClient.java:537)
	at org.eclipse.core.runtime.SafeRunner.run(SafeRunner.java:45)
	at org.eclipse.jdt.internal.junit.model.RemoteTestRunnerClient.notifyTestStarted(RemoteTestRunnerClient.java:533)
	at org.eclipse.jdt.internal.junit.model.RemoteTestRunnerClient.access$6(RemoteTestRunnerClient.java:529)
	at org.eclipse.jdt.internal.junit.model.RemoteTestRunnerClient$DefaultProcessingState.readMessage(RemoteTestRunnerClient.java:92)
	at org.eclipse.jdt.internal.junit.model.RemoteTestRunnerClient.receiveMessage(RemoteTestRunnerClient.java:378)
	at org.eclipse.jdt.internal.junit.model.RemoteTestRunnerClient.access$27(RemoteTestRunnerClient.java:377)
	at org.eclipse.jdt.internal.junit.model.RemoteTestRunnerClient$ServerConnection.run(RemoteTestRunnerClient.java:273)

!ENTRY org.eclipse.jdt.junit.core 4 4 2021-03-01 23:09:43.070
!MESSAGE Error
!STACK 0
java.lang.Exception: Unexpected TestElement type for testId '5': TestSuite: | Chrome | Samuel | Miller | sammillerjoe12@gmail.com | Pass@123 | 12 | Dec | 1989 | Male | : Completed - OK (6)
	at org.eclipse.jdt.internal.junit.model.TestRunSession$TestSessionNotifier.logUnexpectedTest(TestRunSession.java:801)
	at org.eclipse.jdt.internal.junit.model.TestRunSession$TestSessionNotifier.testEnded(TestRunSession.java:738)
	at org.eclipse.jdt.internal.junit.model.RemoteTestRunnerClient$4.run(RemoteTestRunnerClient.java:523)
	at org.eclipse.core.runtime.SafeRunner.run(SafeRunner.java:45)
	at org.eclipse.jdt.internal.junit.model.RemoteTestRunnerClient.notifyTestEnded(RemoteTestRunnerClient.java:519)
	at org.eclipse.jdt.internal.junit.model.RemoteTestRunnerClient.access$7(RemoteTestRunnerClient.java:515)
	at org.eclipse.jdt.internal.junit.model.RemoteTestRunnerClient$DefaultProcessingState.readMessage(RemoteTestRunnerClient.java:96)
	at org.eclipse.jdt.internal.junit.model.RemoteTestRunnerClient.receiveMessage(RemoteTestRunnerClient.java:378)
	at org.eclipse.jdt.internal.junit.model.RemoteTestRunnerClient.access$27(RemoteTestRunnerClient.java:377)
	at org.eclipse.jdt.internal.junit.model.RemoteTestRunnerClient$ServerConnection.run(RemoteTestRunnerClient.java:273)

!ENTRY org.eclipse.jdt.junit.core 4 4 2021-03-01 23:09:43.071
!MESSAGE Error
!STACK 0
java.lang.Exception: Unexpected TestElement type for testId '12': TestSuite: | FireFox | Kurt | Wyatt | wyatt23@gmail.com | Pass@@143 | 23 | Oct | 2000 | Female | : Not Started - Undefined (6)
	at org.eclipse.jdt.internal.junit.model.TestRunSession$TestSessionNotifier.logUnexpectedTest(TestRunSession.java:801)
	at org.eclipse.jdt.internal.junit.model.TestRunSession$TestSessionNotifier.testStarted(TestRunSession.java:708)
	at org.eclipse.jdt.internal.junit.model.RemoteTestRunnerClient$5.run(RemoteTestRunnerClient.java:537)
	at org.eclipse.core.runtime.SafeRunner.run(SafeRunner.java:45)
	at org.eclipse.jdt.internal.junit.model.RemoteTestRunnerClient.notifyTestStarted(RemoteTestRunnerClient.java:533)
	at org.eclipse.jdt.internal.junit.model.RemoteTestRunnerClient.access$6(RemoteTestRunnerClient.java:529)
	at org.eclipse.jdt.internal.junit.model.RemoteTestRunnerClient$DefaultProcessingState.readMessage(RemoteTestRunnerClient.java:92)
	at org.eclipse.jdt.internal.junit.model.RemoteTestRunnerClient.receiveMessage(RemoteTestRunnerClient.java:378)
	at org.eclipse.jdt.internal.junit.model.RemoteTestRunnerClient.access$27(RemoteTestRunnerClient.java:377)
	at org.eclipse.jdt.internal.junit.model.RemoteTestRunnerClient$ServerConnection.run(RemoteTestRunnerClient.java:273)

!ENTRY org.eclipse.jdt.junit.core 4 4 2021-03-01 23:10:26.587
!MESSAGE Error
!STACK 0
java.lang.Exception: Unexpected TestElement type for testId '12': TestSuite: | FireFox | Kurt | Wyatt | wyatt23@gmail.com | Pass@@143 | 23 | Oct | 2000 | Female | : Completed - OK (6)
	at org.eclipse.jdt.internal.junit.model.TestRunSession$TestSessionNotifier.logUnexpectedTest(TestRunSession.java:801)
	at org.eclipse.jdt.internal.junit.model.TestRunSession$TestSessionNotifier.testEnded(TestRunSession.java:738)
	at org.eclipse.jdt.internal.junit.model.RemoteTestRunnerClient$4.run(RemoteTestRunnerClient.java:523)
	at org.eclipse.core.runtime.SafeRunner.run(SafeRunner.java:45)
	at org.eclipse.jdt.internal.junit.model.RemoteTestRunnerClient.notifyTestEnded(RemoteTestRunnerClient.java:519)
	at org.eclipse.jdt.internal.junit.model.RemoteTestRunnerClient.access$7(RemoteTestRunnerClient.java:515)
	at org.eclipse.jdt.internal.junit.model.RemoteTestRunnerClient$DefaultProcessingState.readMessage(RemoteTestRunnerClient.java:96)
	at org.eclipse.jdt.internal.junit.model.RemoteTestRunnerClient.receiveMessage(RemoteTestRunnerClient.java:378)
	at org.eclipse.jdt.internal.junit.model.RemoteTestRunnerClient.access$27(RemoteTestRunnerClient.java:377)
	at org.eclipse.jdt.internal.junit.model.RemoteTestRunnerClient$ServerConnection.run(RemoteTestRunnerClient.java:273)

!ENTRY org.eclipse.jdt.junit.core 4 4 2021-03-01 23:11:18.311
!MESSAGE Error
!STACK 0
java.lang.Exception: Unexpected TestElement type for testId '5': TestSuite: | Chrome | Samuel | Miller | sammillerjoe12@gmail.com | Pass@123 | 12 | Dec | 1989 | Male | : Not Started - Undefined (6)
	at org.eclipse.jdt.internal.junit.model.TestRunSession$TestSessionNotifier.logUnexpectedTest(TestRunSession.java:801)
	at org.eclipse.jdt.internal.junit.model.TestRunSession$TestSessionNotifier.testStarted(TestRunSession.java:708)
	at org.eclipse.jdt.internal.junit.model.RemoteTestRunnerClient$5.run(RemoteTestRunnerClient.java:537)
	at org.eclipse.core.runtime.SafeRunner.run(SafeRunner.java:45)
	at org.eclipse.jdt.internal.junit.model.RemoteTestRunnerClient.notifyTestStarted(RemoteTestRunnerClient.java:533)
	at org.eclipse.jdt.internal.junit.model.RemoteTestRunnerClient.access$6(RemoteTestRunnerClient.java:529)
	at org.eclipse.jdt.internal.junit.model.RemoteTestRunnerClient$DefaultProcessingState.readMessage(RemoteTestRunnerClient.java:92)
	at org.eclipse.jdt.internal.junit.model.RemoteTestRunnerClient.receiveMessage(RemoteTestRunnerClient.java:378)
	at org.eclipse.jdt.internal.junit.model.RemoteTestRunnerClient.access$27(RemoteTestRunnerClient.java:377)
	at org.eclipse.jdt.internal.junit.model.RemoteTestRunnerClient$ServerConnection.run(RemoteTestRunnerClient.java:273)

!ENTRY org.eclipse.jdt.junit.core 4 4 2021-03-01 23:12:26.617
!MESSAGE Error
!STACK 0
java.lang.Exception: Unexpected TestElement type for testId '5': TestSuite: | Chrome | Samuel | Miller | sammillerjoe12@gmail.com | Pass@123 | 12 | Dec | 1989 | Male | : Completed - OK (6)
	at org.eclipse.jdt.internal.junit.model.TestRunSession$TestSessionNotifier.logUnexpectedTest(TestRunSession.java:801)
	at org.eclipse.jdt.internal.junit.model.TestRunSession$TestSessionNotifier.testEnded(TestRunSession.java:738)
	at org.eclipse.jdt.internal.junit.model.RemoteTestRunnerClient$4.run(RemoteTestRunnerClient.java:523)
	at org.eclipse.core.runtime.SafeRunner.run(SafeRunner.java:45)
	at org.eclipse.jdt.internal.junit.model.RemoteTestRunnerClient.notifyTestEnded(RemoteTestRunnerClient.java:519)
	at org.eclipse.jdt.internal.junit.model.RemoteTestRunnerClient.access$7(RemoteTestRunnerClient.java:515)
	at org.eclipse.jdt.internal.junit.model.RemoteTestRunnerClient$DefaultProcessingState.readMessage(RemoteTestRunnerClient.java:96)
	at org.eclipse.jdt.internal.junit.model.RemoteTestRunnerClient.receiveMessage(RemoteTestRunnerClient.java:378)
	at org.eclipse.jdt.internal.junit.model.RemoteTestRunnerClient.access$27(RemoteTestRunnerClient.java:377)
	at org.eclipse.jdt.internal.junit.model.RemoteTestRunnerClient$ServerConnection.run(RemoteTestRunnerClient.java:273)

!ENTRY org.eclipse.jdt.junit.core 4 4 2021-03-01 23:12:26.618
!MESSAGE Error
!STACK 0
java.lang.Exception: Unexpected TestElement type for testId '12': TestSuite: | FireFox | Kurt | Wyatt | wyatt23@gmail.com | Pass@@143 | 23 | Oct | 2000 | Female | : Not Started - Undefined (6)
	at org.eclipse.jdt.internal.junit.model.TestRunSession$TestSessionNotifier.logUnexpectedTest(TestRunSession.java:801)
	at org.eclipse.jdt.internal.junit.model.TestRunSession$TestSessionNotifier.testStarted(TestRunSession.java:708)
	at org.eclipse.jdt.internal.junit.model.RemoteTestRunnerClient$5.run(RemoteTestRunnerClient.java:537)
	at org.eclipse.core.runtime.SafeRunner.run(SafeRunner.java:45)
	at org.eclipse.jdt.internal.junit.model.RemoteTestRunnerClient.notifyTestStarted(RemoteTestRunnerClient.java:533)
	at org.eclipse.jdt.internal.junit.model.RemoteTestRunnerClient.access$6(RemoteTestRunnerClient.java:529)
	at org.eclipse.jdt.internal.junit.model.RemoteTestRunnerClient$DefaultProcessingState.readMessage(RemoteTestRunnerClient.java:92)
	at org.eclipse.jdt.internal.junit.model.RemoteTestRunnerClient.receiveMessage(RemoteTestRunnerClient.java:378)
	at org.eclipse.jdt.internal.junit.model.RemoteTestRunnerClient.access$27(RemoteTestRunnerClient.java:377)
	at org.eclipse.jdt.internal.junit.model.RemoteTestRunnerClient$ServerConnection.run(RemoteTestRunnerClient.java:273)

!ENTRY org.eclipse.jdt.junit.core 4 4 2021-03-01 23:12:46.488
!MESSAGE Error
!STACK 0
java.lang.Exception: Unexpected TestElement type for testId '12': TestSuite: | FireFox | Kurt | Wyatt | wyatt23@gmail.com | Pass@@143 | 23 | Oct | 2000 | Female | : Completed - OK (6)
	at org.eclipse.jdt.internal.junit.model.TestRunSession$TestSessionNotifier.logUnexpectedTest(TestRunSession.java:801)
	at org.eclipse.jdt.internal.junit.model.TestRunSession$TestSessionNotifier.testEnded(TestRunSession.java:738)
	at org.eclipse.jdt.internal.junit.model.RemoteTestRunnerClient$4.run(RemoteTestRunnerClient.java:523)
	at org.eclipse.core.runtime.SafeRunner.run(SafeRunner.java:45)
	at org.eclipse.jdt.internal.junit.model.RemoteTestRunnerClient.notifyTestEnded(RemoteTestRunnerClient.java:519)
	at org.eclipse.jdt.internal.junit.model.RemoteTestRunnerClient.access$7(RemoteTestRunnerClient.java:515)
	at org.eclipse.jdt.internal.junit.model.RemoteTestRunnerClient$DefaultProcessingState.readMessage(RemoteTestRunnerClient.java:96)
	at org.eclipse.jdt.internal.junit.model.RemoteTestRunnerClient.receiveMessage(RemoteTestRunnerClient.java:378)
	at org.eclipse.jdt.internal.junit.model.RemoteTestRunnerClient.access$27(RemoteTestRunnerClient.java:377)
	at org.eclipse.jdt.internal.junit.model.RemoteTestRunnerClient$ServerConnection.run(RemoteTestRunnerClient.java:273)

!ENTRY org.eclipse.jdt.junit.core 4 4 2021-03-01 23:17:20.541
!MESSAGE Error
!STACK 0
java.lang.Exception: Unexpected TestElement type for testId '5': TestSuite: | Chrome | Samuel | Miller | sammillerjoe12@gmail.com | Pass@123 | 12 | Dec | 1989 | Male | : Not Started - Undefined (6)
	at org.eclipse.jdt.internal.junit.model.TestRunSession$TestSessionNotifier.logUnexpectedTest(TestRunSession.java:801)
	at org.eclipse.jdt.internal.junit.model.TestRunSession$TestSessionNotifier.testStarted(TestRunSession.java:708)
	at org.eclipse.jdt.internal.junit.model.RemoteTestRunnerClient$5.run(RemoteTestRunnerClient.java:537)
	at org.eclipse.core.runtime.SafeRunner.run(SafeRunner.java:45)
	at org.eclipse.jdt.internal.junit.model.RemoteTestRunnerClient.notifyTestStarted(RemoteTestRunnerClient.java:533)
	at org.eclipse.jdt.internal.junit.model.RemoteTestRunnerClient.access$6(RemoteTestRunnerClient.java:529)
	at org.eclipse.jdt.internal.junit.model.RemoteTestRunnerClient$DefaultProcessingState.readMessage(RemoteTestRunnerClient.java:92)
	at org.eclipse.jdt.internal.junit.model.RemoteTestRunnerClient.receiveMessage(RemoteTestRunnerClient.java:378)
	at org.eclipse.jdt.internal.junit.model.RemoteTestRunnerClient.access$27(RemoteTestRunnerClient.java:377)
	at org.eclipse.jdt.internal.junit.model.RemoteTestRunnerClient$ServerConnection.run(RemoteTestRunnerClient.java:273)

!ENTRY org.eclipse.jdt.junit.core 4 4 2021-03-01 23:19:03.299
!MESSAGE Error
!STACK 0
java.lang.Exception: Unexpected TestElement type for testId '5': TestSuite: | Chrome | Samuel | Miller | sammillerjoe12@gmail.com | Pass@123 | 12 | Dec | 1989 | Male | : Completed - OK (6)
	at org.eclipse.jdt.internal.junit.model.TestRunSession$TestSessionNotifier.logUnexpectedTest(TestRunSession.java:801)
	at org.eclipse.jdt.internal.junit.model.TestRunSession$TestSessionNotifier.testEnded(TestRunSession.java:738)
	at org.eclipse.jdt.internal.junit.model.RemoteTestRunnerClient$4.run(RemoteTestRunnerClient.java:523)
	at org.eclipse.core.runtime.SafeRunner.run(SafeRunner.java:45)
	at org.eclipse.jdt.internal.junit.model.RemoteTestRunnerClient.notifyTestEnded(RemoteTestRunnerClient.java:519)
	at org.eclipse.jdt.internal.junit.model.RemoteTestRunnerClient.access$7(RemoteTestRunnerClient.java:515)
	at org.eclipse.jdt.internal.junit.model.RemoteTestRunnerClient$DefaultProcessingState.readMessage(RemoteTestRunnerClient.java:96)
	at org.eclipse.jdt.internal.junit.model.RemoteTestRunnerClient.receiveMessage(RemoteTestRunnerClient.java:378)
	at org.eclipse.jdt.internal.junit.model.RemoteTestRunnerClient.access$27(RemoteTestRunnerClient.java:377)
	at org.eclipse.jdt.internal.junit.model.RemoteTestRunnerClient$ServerConnection.run(RemoteTestRunnerClient.java:273)

!ENTRY org.eclipse.jdt.junit.core 4 4 2021-03-01 23:19:03.301
!MESSAGE Error
!STACK 0
java.lang.Exception: Unexpected TestElement type for testId '12': TestSuite: | FireFox | Kurt | Wyatt | wyatt23@gmail.com | Pass@@143 | 23 | Oct | 2000 | Female | : Not Started - Undefined (6)
	at org.eclipse.jdt.internal.junit.model.TestRunSession$TestSessionNotifier.logUnexpectedTest(TestRunSession.java:801)
	at org.eclipse.jdt.internal.junit.model.TestRunSession$TestSessionNotifier.testStarted(TestRunSession.java:708)
	at org.eclipse.jdt.internal.junit.model.RemoteTestRunnerClient$5.run(RemoteTestRunnerClient.java:537)
	at org.eclipse.core.runtime.SafeRunner.run(SafeRunner.java:45)
	at org.eclipse.jdt.internal.junit.model.RemoteTestRunnerClient.notifyTestStarted(RemoteTestRunnerClient.java:533)
	at org.eclipse.jdt.internal.junit.model.RemoteTestRunnerClient.access$6(RemoteTestRunnerClient.java:529)
	at org.eclipse.jdt.internal.junit.model.RemoteTestRunnerClient$DefaultProcessingState.readMessage(RemoteTestRunnerClient.java:92)
	at org.eclipse.jdt.internal.junit.model.RemoteTestRunnerClient.receiveMessage(RemoteTestRunnerClient.java:378)
	at org.eclipse.jdt.internal.junit.model.RemoteTestRunnerClient.access$27(RemoteTestRunnerClient.java:377)
	at org.eclipse.jdt.internal.junit.model.RemoteTestRunnerClient$ServerConnection.run(RemoteTestRunnerClient.java:273)

!ENTRY org.eclipse.jdt.junit.core 4 4 2021-03-01 23:19:39.923
!MESSAGE Error
!STACK 0
java.lang.Exception: Unexpected TestElement type for testId '12': TestSuite: | FireFox | Kurt | Wyatt | wyatt23@gmail.com | Pass@@143 | 23 | Oct | 2000 | Female | : Completed - OK (6)
	at org.eclipse.jdt.internal.junit.model.TestRunSession$TestSessionNotifier.logUnexpectedTest(TestRunSession.java:801)
	at org.eclipse.jdt.internal.junit.model.TestRunSession$TestSessionNotifier.testEnded(TestRunSession.java:738)
	at org.eclipse.jdt.internal.junit.model.RemoteTestRunnerClient$4.run(RemoteTestRunnerClient.java:523)
	at org.eclipse.core.runtime.SafeRunner.run(SafeRunner.java:45)
	at org.eclipse.jdt.internal.junit.model.RemoteTestRunnerClient.notifyTestEnded(RemoteTestRunnerClient.java:519)
	at org.eclipse.jdt.internal.junit.model.RemoteTestRunnerClient.access$7(RemoteTestRunnerClient.java:515)
	at org.eclipse.jdt.internal.junit.model.RemoteTestRunnerClient$DefaultProcessingState.readMessage(RemoteTestRunnerClient.java:96)
	at org.eclipse.jdt.internal.junit.model.RemoteTestRunnerClient.receiveMessage(RemoteTestRunnerClient.java:378)
	at org.eclipse.jdt.internal.junit.model.RemoteTestRunnerClient.access$27(RemoteTestRunnerClient.java:377)
	at org.eclipse.jdt.internal.junit.model.RemoteTestRunnerClient$ServerConnection.run(RemoteTestRunnerClient.java:273)

!ENTRY org.testng.eclipse 1 0 2021-03-01 23:21:10.300
!MESSAGE [TestNGLaunchConfigurationDelegate] Launching:
  Classpath: C:\Users\Rama\eclipse\java-2020-123\eclipse\configuration\org.eclipse.osgi\443\0\.cp\lib\testng-remote.jar C:\Users\Rama\eclipse-workspace\first_maven\target\test-classes C:\Users\Rama\eclipse-workspace\first_maven\target\classes C:\Users\Rama\.p2\pool\plugins\org.testng_7.3.0.r202008060316.jar C:\Users\Rama\.p2\pool\plugins\com.beust.jcommander_1.78.0.jar C:\Users\Rama\.p2\pool\plugins\org.apache-extras.beanshell.bsh_2.0.0.b6.jar C:\Users\Rama\.p2\pool\plugins\org.yaml.snakeyaml_1.21.0.jar C:\Users\Rama\.m2\repository\org\seleniumhq\selenium\selenium-java\4.0.0-alpha-7\selenium-java-4.0.0-alpha-7.jar C:\Users\Rama\.m2\repository\org\seleniumhq\selenium\selenium-api\4.0.0-alpha-7\selenium-api-4.0.0-alpha-7.jar C:\Users\Rama\.m2\repository\org\seleniumhq\selenium\selenium-chrome-driver\4.0.0-alpha-7\selenium-chrome-driver-4.0.0-alpha-7.jar C:\Users\Rama\.m2\repository\com\google\auto\service\auto-service-annotations\1.0-rc7\auto-service-annotations-1.0-rc7.jar C:\Users\Rama\.m2\repository\com\google\auto\service\auto-service\1.0-rc7\auto-service-1.0-rc7.jar C:\Users\Rama\.m2\repository\com\google\auto\auto-common\0.10\auto-common-0.10.jar C:\Users\Rama\.m2\repository\org\seleniumhq\selenium\selenium-chromium-driver\4.0.0-alpha-7\selenium-chromium-driver-4.0.0-alpha-7.jar C:\Users\Rama\.m2\repository\org\seleniumhq\selenium\selenium-devtools\4.0.0-alpha-7\selenium-devtools-4.0.0-alpha-7.jar C:\Users\Rama\.m2\repository\org\seleniumhq\selenium\selenium-http\4.0.0-alpha-7\selenium-http-4.0.0-alpha-7.jar C:\Users\Rama\.m2\repository\org\seleniumhq\selenium\selenium-json\4.0.0-alpha-7\selenium-json-4.0.0-alpha-7.jar C:\Users\Rama\.m2\repository\org\seleniumhq\selenium\selenium-devtools-v84\4.0.0-alpha-7\selenium-devtools-v84-4.0.0-alpha-7.jar C:\Users\Rama\.m2\repository\org\seleniumhq\selenium\selenium-devtools-v85\4.0.0-alpha-7\selenium-devtools-v85-4.0.0-alpha-7.jar C:\Users\Rama\.m2\repository\org\seleniumhq\selenium\selenium-devtools-v86\4.0.0-alpha-7\selenium-devtools-v86-4.0.0-alpha-7.jar C:\Users\Rama\.m2\repository\org\seleniumhq\selenium\selenium-devtools-v87\4.0.0-alpha-7\selenium-devtools-v87-4.0.0-alpha-7.jar C:\Users\Rama\.m2\repository\org\seleniumhq\selenium\selenium-edge-driver\4.0.0-alpha-7\selenium-edge-driver-4.0.0-alpha-7.jar C:\Users\Rama\.m2\repository\org\seleniumhq\selenium\selenium-edgehtml-driver\4.0.0-alpha-7\selenium-edgehtml-driver-4.0.0-alpha-7.jar C:\Users\Rama\.m2\repository\org\seleniumhq\selenium\selenium-firefox-driver\4.0.0-alpha-7\selenium-firefox-driver-4.0.0-alpha-7.jar C:\Users\Rama\.m2\repository\org\seleniumhq\selenium\selenium-firefox-xpi-driver\4.0.0-alpha-7\selenium-firefox-xpi-driver-4.0.0-alpha-7.jar C:\Users\Rama\.m2\repository\org\seleniumhq\selenium\selenium-ie-driver\4.0.0-alpha-7\selenium-ie-driver-4.0.0-alpha-7.jar C:\Users\Rama\.m2\repository\org\seleniumhq\selenium\selenium-opera-driver\4.0.0-alpha-7\selenium-opera-driver-4.0.0-alpha-7.jar C:\Users\Rama\.m2\repository\org\seleniumhq\selenium\selenium-remote-driver\4.0.0-alpha-7\selenium-remote-driver-4.0.0-alpha-7.jar C:\Users\Rama\.m2\repository\com\typesafe\netty\netty-reactive-streams\2.0.4\netty-reactive-streams-2.0.4.jar C:\Users\Rama\.m2\repository\io\netty\netty-handler\4.1.43.Final\netty-handler-4.1.43.Final.jar C:\Users\Rama\.m2\repository\org\reactivestreams\reactive-streams\1.0.3\reactive-streams-1.0.3.jar C:\Users\Rama\.m2\repository\io\grpc\grpc-context\1.32.1\grpc-context-1.32.1.jar C:\Users\Rama\.m2\repository\io\netty\netty-buffer\4.1.53.Final\netty-buffer-4.1.53.Final.jar C:\Users\Rama\.m2\repository\io\netty\netty-codec-http\4.1.53.Final\netty-codec-http-4.1.53.Final.jar C:\Users\Rama\.m2\repository\io\netty\netty-codec\4.1.53.Final\netty-codec-4.1.53.Final.jar C:\Users\Rama\.m2\repository\io\netty\netty-common\4.1.53.Final\netty-common-4.1.53.Final.jar C:\Users\Rama\.m2\repository\io\netty\netty-transport-native-epoll\4.1.53.Final\netty-transport-native-epoll-4.1.53.Final.jar C:\Users\Rama\.m2\repository\io\netty\netty-transport-native-epoll\4.1.53.Final\netty-transport-native-epoll-4.1.53.Final-linux-x86_64.jar C:\Users\Rama\.m2\repository\io\netty\netty-transport-native-kqueue\4.1.53.Final\netty-transport-native-kqueue-4.1.53.Final.jar C:\Users\Rama\.m2\repository\io\netty\netty-transport-native-kqueue\4.1.53.Final\netty-transport-native-kqueue-4.1.53.Final-osx-x86_64.jar C:\Users\Rama\.m2\repository\io\netty\netty-transport-native-unix-common\4.1.53.Final\netty-transport-native-unix-common-4.1.53.Final.jar C:\Users\Rama\.m2\repository\io\netty\netty-transport\4.1.53.Final\netty-transport-4.1.53.Final.jar C:\Users\Rama\.m2\repository\io\netty\netty-resolver\4.1.53.Final\netty-resolver-4.1.53.Final.jar C:\Users\Rama\.m2\repository\io\opentelemetry\opentelemetry-api\0.9.1\opentelemetry-api-0.9.1.jar C:\Users\Rama\.m2\repository\io\opentelemetry\opentelemetry-context-prop\0.9.1\opentelemetry-context-prop-0.9.1.jar C:\Users\Rama\.m2\repository\io\opentelemetry\opentelemetry-sdk\0.9.1\opentelemetry-sdk-0.9.1.jar C:\Users\Rama\.m2\repository\io\opentelemetry\opentelemetry-sdk-common\0.9.1\opentelemetry-sdk-common-0.9.1.jar C:\Users\Rama\.m2\repository\io\opentelemetry\opentelemetry-sdk-baggage\0.9.1\opentelemetry-sdk-baggage-0.9.1.jar C:\Users\Rama\.m2\repository\io\opentelemetry\opentelemetry-sdk-metrics\0.9.1\opentelemetry-sdk-metrics-0.9.1.jar C:\Users\Rama\.m2\repository\io\opentelemetry\opentelemetry-sdk-tracing\0.9.1\opentelemetry-sdk-tracing-0.9.1.jar C:\Users\Rama\.m2\repository\io\projectreactor\netty\reactor-netty-http\1.0.0\reactor-netty-http-1.0.0.jar C:\Users\Rama\.m2\repository\io\netty\netty-codec-http2\4.1.53.Final\netty-codec-http2-4.1.53.Final.jar C:\Users\Rama\.m2\repository\io\netty\netty-resolver-dns\4.1.53.Final\netty-resolver-dns-4.1.53.Final.jar C:\Users\Rama\.m2\repository\io\netty\netty-codec-dns\4.1.53.Final\netty-codec-dns-4.1.53.Final.jar C:\Users\Rama\.m2\repository\io\projectreactor\netty\reactor-netty-core\1.0.0\reactor-netty-core-1.0.0.jar C:\Users\Rama\.m2\repository\io\projectreactor\netty\reactor-netty\1.0.0\reactor-netty-1.0.0.jar C:\Users\Rama\.m2\repository\io\projectreactor\netty\reactor-netty-http-brave\1.0.0\reactor-netty-http-brave-1.0.0.jar C:\Users\Rama\.m2\repository\io\zipkin\brave\brave-instrumentation-http\5.12.7\brave-instrumentation-http-5.12.7.jar C:\Users\Rama\.m2\repository\io\zipkin\brave\brave\5.12.7\brave-5.12.7.jar C:\Users\Rama\.m2\repository\io\zipkin\reporter2\zipkin-reporter-brave\2.15.2\zipkin-reporter-brave-2.15.2.jar C:\Users\Rama\.m2\repository\io\zipkin\reporter2\zipkin-reporter\2.15.2\zipkin-reporter-2.15.2.jar C:\Users\Rama\.m2\repository\io\zipkin\zipkin2\zipkin\2.21.7\zipkin-2.21.7.jar C:\Users\Rama\.m2\repository\io\projectreactor\reactor-core\3.4.0\reactor-core-3.4.0.jar C:\Users\Rama\.m2\repository\org\asynchttpclient\async-http-client\2.12.1\async-http-client-2.12.1.jar C:\Users\Rama\.m2\repository\org\asynchttpclient\async-http-client-netty-utils\2.12.1\async-http-client-netty-utils-2.12.1.jar C:\Users\Rama\.m2\repository\io\netty\netty-codec-socks\4.1.48.Final\netty-codec-socks-4.1.48.Final.jar C:\Users\Rama\.m2\repository\io\netty\netty-handler-proxy\4.1.48.Final\netty-handler-proxy-4.1.48.Final.jar C:\Users\Rama\.m2\repository\org\slf4j\slf4j-api\1.7.30\slf4j-api-1.7.30.jar C:\Users\Rama\.m2\repository\com\sun\activation\javax.activation\1.2.0\javax.activation-1.2.0.jar C:\Users\Rama\.m2\repository\org\seleniumhq\selenium\selenium-safari-driver\4.0.0-alpha-7\selenium-safari-driver-4.0.0-alpha-7.jar C:\Users\Rama\.m2\repository\org\seleniumhq\selenium\selenium-support\4.0.0-alpha-7\selenium-support-4.0.0-alpha-7.jar C:\Users\Rama\.m2\repository\org\testng\testng\7.3.0\testng-7.3.0.jar C:\Users\Rama\.m2\repository\com\beust\jcommander\1.78\jcommander-1.78.jar C:\Users\Rama\.m2\repository\org\apache\ant\ant\1.10.3\ant-1.10.3.jar C:\Users\Rama\.m2\repository\org\apache\ant\ant-launcher\1.10.3\ant-launcher-1.10.3.jar C:\Users\Rama\.m2\repository\junit\junit\4.12\junit-4.12.jar C:\Users\Rama\.m2\repository\org\hamcrest\hamcrest-core\1.3\hamcrest-core-1.3.jar C:\Users\Rama\.m2\repository\com\google\inject\guice\4.2.2\guice-4.2.2-no_aop.jar C:\Users\Rama\.m2\repository\javax\inject\javax.inject\1\javax.inject-1.jar C:\Users\Rama\.m2\repository\aopalliance\aopalliance\1.0\aopalliance-1.0.jar C:\Users\Rama\.m2\repository\org\yaml\snakeyaml\1.21\snakeyaml-1.21.jar C:\Users\Rama\.m2\repository\info\cukes\cucumber-junit\1.2.5\cucumber-junit-1.2.5.jar C:\Users\Rama\.m2\repository\info\cukes\cucumber-core\1.2.5\cucumber-core-1.2.5.jar C:\Users\Rama\.m2\repository\info\cukes\cucumber-html\0.2.3\cucumber-html-0.2.3.jar C:\Users\Rama\.m2\repository\info\cukes\cucumber-jvm-deps\1.0.5\cucumber-jvm-deps-1.0.5.jar C:\Users\Rama\.m2\repository\info\cukes\gherkin\2.12.2\gherkin-2.12.2.jar C:\Users\Rama\.m2\repository\org\seleniumhq\selenium\selenium-server\3.141.59\selenium-server-3.141.59.jar C:\Users\Rama\.m2\repository\net\bytebuddy\byte-buddy\1.8.15\byte-buddy-1.8.15.jar C:\Users\Rama\.m2\repository\org\apache\commons\commons-exec\1.3\commons-exec-1.3.jar C:\Users\Rama\.m2\repository\com\google\guava\guava\25.0-jre\guava-25.0-jre.jar C:\Users\Rama\.m2\repository\com\google\code\findbugs\jsr305\1.3.9\jsr305-1.3.9.jar C:\Users\Rama\.m2\repository\org\checkerframework\checker-compat-qual\2.0.0\checker-compat-qual-2.0.0.jar C:\Users\Rama\.m2\repository\com\google\errorprone\error_prone_annotations\2.1.3\error_prone_annotations-2.1.3.jar C:\Users\Rama\.m2\repository\com\google\j2objc\j2objc-annotations\1.1\j2objc-annotations-1.1.jar C:\Users\Rama\.m2\repository\org\codehaus\mojo\animal-sniffer-annotations\1.14\animal-sniffer-annotations-1.14.jar C:\Users\Rama\.m2\repository\net\jcip\jcip-annotations\1.0\jcip-annotations-1.0.jar C:\Users\Rama\.m2\repository\org\seleniumhq\selenium\jetty-repacked\9.4.12.v20180830\jetty-repacked-9.4.12.v20180830.jar C:\Users\Rama\.m2\repository\com\squareup\okhttp3\okhttp\3.11.0\okhttp-3.11.0.jar C:\Users\Rama\.m2\repository\com\squareup\okio\okio\1.14.0\okio-1.14.0.jar C:\Users\Rama\.m2\repository\javax\servlet\javax.servlet-api\3.1.0\javax.servlet-api-3.1.0.jar
  VMArgs:    -ea
  Class:     org.testng.remote.RemoteTestNG
  Args:      -serport 50891 -protocol json -d C:\Users\Rama\eclipse-workspace\first_maven\test-output C:\Users\Rama\AppData\Local\Temp\testng-eclipse--1712479906\testng-customsuite.xml
java -ea -classpath C:\Users\Rama\eclipse\java-2020-123\eclipse\configuration\org.eclipse.osgi\443\0\.cp\lib\testng-remote.jar:C:\Users\Rama\eclipse-workspace\first_maven\target\test-classes:C:\Users\Rama\eclipse-workspace\first_maven\target\classes:C:\Users\Rama\.p2\pool\plugins\org.testng_7.3.0.r202008060316.jar:C:\Users\Rama\.p2\pool\plugins\com.beust.jcommander_1.78.0.jar:C:\Users\Rama\.p2\pool\plugins\org.apache-extras.beanshell.bsh_2.0.0.b6.jar:C:\Users\Rama\.p2\pool\plugins\org.yaml.snakeyaml_1.21.0.jar:C:\Users\Rama\.m2\repository\org\seleniumhq\selenium\selenium-java\4.0.0-alpha-7\selenium-java-4.0.0-alpha-7.jar:C:\Users\Rama\.m2\repository\org\seleniumhq\selenium\selenium-api\4.0.0-alpha-7\selenium-api-4.0.0-alpha-7.jar:C:\Users\Rama\.m2\repository\org\seleniumhq\selenium\selenium-chrome-driver\4.0.0-alpha-7\selenium-chrome-driver-4.0.0-alpha-7.jar:C:\Users\Rama\.m2\repository\com\google\auto\service\auto-service-annotations\1.0-rc7\auto-service-annotations-1.0-rc7.jar:C:\Users\Rama\.m2\repository\com\google\auto\service\auto-service\1.0-rc7\auto-service-1.0-rc7.jar:C:\Users\Rama\.m2\repository\com\google\auto\auto-common\0.10\auto-common-0.10.jar:C:\Users\Rama\.m2\repository\org\seleniumhq\selenium\selenium-chromium-driver\4.0.0-alpha-7\selenium-chromium-driver-4.0.0-alpha-7.jar:C:\Users\Rama\.m2\repository\org\seleniumhq\selenium\selenium-devtools\4.0.0-alpha-7\selenium-devtools-4.0.0-alpha-7.jar:C:\Users\Rama\.m2\repository\org\seleniumhq\selenium\selenium-http\4.0.0-alpha-7\selenium-http-4.0.0-alpha-7.jar:C:\Users\Rama\.m2\repository\org\seleniumhq\selenium\selenium-json\4.0.0-alpha-7\selenium-json-4.0.0-alpha-7.jar:C:\Users\Rama\.m2\repository\org\seleniumhq\selenium\selenium-devtools-v84\4.0.0-alpha-7\selenium-devtools-v84-4.0.0-alpha-7.jar:C:\Users\Rama\.m2\repository\org\seleniumhq\selenium\selenium-devtools-v85\4.0.0-alpha-7\selenium-devtools-v85-4.0.0-alpha-7.jar:C:\Users\Rama\.m2\repository\org\seleniumhq\selenium\selenium-devtools-v86\4.0.0-alpha-7\selenium-devtools-v86-4.0.0-alpha-7.jar:C:\Users\Rama\.m2\repository\org\seleniumhq\selenium\selenium-devtools-v87\4.0.0-alpha-7\selenium-devtools-v87-4.0.0-alpha-7.jar:C:\Users\Rama\.m2\repository\org\seleniumhq\selenium\selenium-edge-driver\4.0.0-alpha-7\selenium-edge-driver-4.0.0-alpha-7.jar:C:\Users\Rama\.m2\repository\org\seleniumhq\selenium\selenium-edgehtml-driver\4.0.0-alpha-7\selenium-edgehtml-driver-4.0.0-alpha-7.jar:C:\Users\Rama\.m2\repository\org\seleniumhq\selenium\selenium-firefox-driver\4.0.0-alpha-7\selenium-firefox-driver-4.0.0-alpha-7.jar:C:\Users\Rama\.m2\repository\org\seleniumhq\selenium\selenium-firefox-xpi-driver\4.0.0-alpha-7\selenium-firefox-xpi-driver-4.0.0-alpha-7.jar:C:\Users\Rama\.m2\repository\org\seleniumhq\selenium\selenium-ie-driver\4.0.0-alpha-7\selenium-ie-driver-4.0.0-alpha-7.jar:C:\Users\Rama\.m2\repository\org\seleniumhq\selenium\selenium-opera-driver\4.0.0-alpha-7\selenium-opera-driver-4.0.0-alpha-7.jar:C:\Users\Rama\.m2\repository\org\seleniumhq\selenium\selenium-remote-driver\4.0.0-alpha-7\selenium-remote-driver-4.0.0-alpha-7.jar:C:\Users\Rama\.m2\repository\com\typesafe\netty\netty-reactive-streams\2.0.4\netty-reactive-streams-2.0.4.jar:C:\Users\Rama\.m2\repository\io\netty\netty-handler\4.1.43.Final\netty-handler-4.1.43.Final.jar:C:\Users\Rama\.m2\repository\org\reactivestreams\reactive-streams\1.0.3\reactive-streams-1.0.3.jar:C:\Users\Rama\.m2\repository\io\grpc\grpc-context\1.32.1\grpc-context-1.32.1.jar:C:\Users\Rama\.m2\repository\io\netty\netty-buffer\4.1.53.Final\netty-buffer-4.1.53.Final.jar:C:\Users\Rama\.m2\repository\io\netty\netty-codec-http\4.1.53.Final\netty-codec-http-4.1.53.Final.jar:C:\Users\Rama\.m2\repository\io\netty\netty-codec\4.1.53.Final\netty-codec-4.1.53.Final.jar:C:\Users\Rama\.m2\repository\io\netty\netty-common\4.1.53.Final\netty-common-4.1.53.Final.jar:C:\Users\Rama\.m2\repository\io\netty\netty-transport-native-epoll\4.1.53.Final\netty-transport-native-epoll-4.1.53.Final.jar:C:\Users\Rama\.m2\repository\io\netty\netty-transport-native-epoll\4.1.53.Final\netty-transport-native-epoll-4.1.53.Final-linux-x86_64.jar:C:\Users\Rama\.m2\repository\io\netty\netty-transport-native-kqueue\4.1.53.Final\netty-transport-native-kqueue-4.1.53.Final.jar:C:\Users\Rama\.m2\repository\io\netty\netty-transport-native-kqueue\4.1.53.Final\netty-transport-native-kqueue-4.1.53.Final-osx-x86_64.jar:C:\Users\Rama\.m2\repository\io\netty\netty-transport-native-unix-common\4.1.53.Final\netty-transport-native-unix-common-4.1.53.Final.jar:C:\Users\Rama\.m2\repository\io\netty\netty-transport\4.1.53.Final\netty-transport-4.1.53.Final.jar:C:\Users\Rama\.m2\repository\io\netty\netty-resolver\4.1.53.Final\netty-resolver-4.1.53.Final.jar:C:\Users\Rama\.m2\repository\io\opentelemetry\opentelemetry-api\0.9.1\opentelemetry-api-0.9.1.jar:C:\Users\Rama\.m2\repository\io\opentelemetry\opentelemetry-context-prop\0.9.1\opentelemetry-context-prop-0.9.1.jar:C:\Users\Rama\.m2\repository\io\opentelemetry\opentelemetry-sdk\0.9.1\opentelemetry-sdk-0.9.1.jar:C:\Users\Rama\.m2\repository\io\opentelemetry\opentelemetry-sdk-common\0.9.1\opentelemetry-sdk-common-0.9.1.jar:C:\Users\Rama\.m2\repository\io\opentelemetry\opentelemetry-sdk-baggage\0.9.1\opentelemetry-sdk-baggage-0.9.1.jar:C:\Users\Rama\.m2\repository\io\opentelemetry\opentelemetry-sdk-metrics\0.9.1\opentelemetry-sdk-metrics-0.9.1.jar:C:\Users\Rama\.m2\repository\io\opentelemetry\opentelemetry-sdk-tracing\0.9.1\opentelemetry-sdk-tracing-0.9.1.jar:C:\Users\Rama\.m2\repository\io\projectreactor\netty\reactor-netty-http\1.0.0\reactor-netty-http-1.0.0.jar:C:\Users\Rama\.m2\repository\io\netty\netty-codec-http2\4.1.53.Final\netty-codec-http2-4.1.53.Final.jar:C:\Users\Rama\.m2\repository\io\netty\netty-resolver-dns\4.1.53.Final\netty-resolver-dns-4.1.53.Final.jar:C:\Users\Rama\.m2\repository\io\netty\netty-codec-dns\4.1.53.Final\netty-codec-dns-4.1.53.Final.jar:C:\Users\Rama\.m2\repository\io\projectreactor\netty\reactor-netty-core\1.0.0\reactor-netty-core-1.0.0.jar:C:\Users\Rama\.m2\repository\io\projectreactor\netty\reactor-netty\1.0.0\reactor-netty-1.0.0.jar:C:\Users\Rama\.m2\repository\io\projectreactor\netty\reactor-netty-http-brave\1.0.0\reactor-netty-http-brave-1.0.0.jar:C:\Users\Rama\.m2\repository\io\zipkin\brave\brave-instrumentation-http\5.12.7\brave-instrumentation-http-5.12.7.jar:C:\Users\Rama\.m2\repository\io\zipkin\brave\brave\5.12.7\brave-5.12.7.jar:C:\Users\Rama\.m2\repository\io\zipkin\reporter2\zipkin-reporter-brave\2.15.2\zipkin-reporter-brave-2.15.2.jar:C:\Users\Rama\.m2\repository\io\zipkin\reporter2\zipkin-reporter\2.15.2\zipkin-reporter-2.15.2.jar:C:\Users\Rama\.m2\repository\io\zipkin\zipkin2\zipkin\2.21.7\zipkin-2.21.7.jar:C:\Users\Rama\.m2\repository\io\projectreactor\reactor-core\3.4.0\reactor-core-3.4.0.jar:C:\Users\Rama\.m2\repository\org\asynchttpclient\async-http-client\2.12.1\async-http-client-2.12.1.jar:C:\Users\Rama\.m2\repository\org\asynchttpclient\async-http-client-netty-utils\2.12.1\async-http-client-netty-utils-2.12.1.jar:C:\Users\Rama\.m2\repository\io\netty\netty-codec-socks\4.1.48.Final\netty-codec-socks-4.1.48.Final.jar:C:\Users\Rama\.m2\repository\io\netty\netty-handler-proxy\4.1.48.Final\netty-handler-proxy-4.1.48.Final.jar:C:\Users\Rama\.m2\repository\org\slf4j\slf4j-api\1.7.30\slf4j-api-1.7.30.jar:C:\Users\Rama\.m2\repository\com\sun\activation\javax.activation\1.2.0\javax.activation-1.2.0.jar:C:\Users\Rama\.m2\repository\org\seleniumhq\selenium\selenium-safari-driver\4.0.0-alpha-7\selenium-safari-driver-4.0.0-alpha-7.jar:C:\Users\Rama\.m2\repository\org\seleniumhq\selenium\selenium-support\4.0.0-alpha-7\selenium-support-4.0.0-alpha-7.jar:C:\Users\Rama\.m2\repository\org\testng\testng\7.3.0\testng-7.3.0.jar:C:\Users\Rama\.m2\repository\com\beust\jcommander\1.78\jcommander-1.78.jar:C:\Users\Rama\.m2\repository\org\apache\ant\ant\1.10.3\ant-1.10.3.jar:C:\Users\Rama\.m2\repository\org\apache\ant\ant-launcher\1.10.3\ant-launcher-1.10.3.jar:C:\Users\Rama\.m2\repository\junit\junit\4.12\junit-4.12.jar:C:\Users\Rama\.m2\repository\org\hamcrest\hamcrest-core\1.3\hamcrest-core-1.3.jar:C:\Users\Rama\.m2\repository\com\google\inject\guice\4.2.2\guice-4.2.2-no_aop.jar:C:\Users\Rama\.m2\repository\javax\inject\javax.inject\1\javax.inject-1.jar:C:\Users\Rama\.m2\repository\aopalliance\aopalliance\1.0\aopalliance-1.0.jar:C:\Users\Rama\.m2\repository\org\yaml\snakeyaml\1.21\snakeyaml-1.21.jar:C:\Users\Rama\.m2\repository\info\cukes\cucumber-junit\1.2.5\cucumber-junit-1.2.5.jar:C:\Users\Rama\.m2\repository\info\cukes\cucumber-core\1.2.5\cucumber-core-1.2.5.jar:C:\Users\Rama\.m2\repository\info\cukes\cucumber-html\0.2.3\cucumber-html-0.2.3.jar:C:\Users\Rama\.m2\repository\info\cukes\cucumber-jvm-deps\1.0.5\cucumber-jvm-deps-1.0.5.jar:C:\Users\Rama\.m2\repository\info\cukes\gherkin\2.12.2\gherkin-2.12.2.jar:C:\Users\Rama\.m2\repository\org\seleniumhq\selenium\selenium-server\3.141.59\selenium-server-3.141.59.jar:C:\Users\Rama\.m2\repository\net\bytebuddy\byte-buddy\1.8.15\byte-buddy-1.8.15.jar:C:\Users\Rama\.m2\repository\org\apache\commons\commons-exec\1.3\commons-exec-1.3.jar:C:\Users\Rama\.m2\repository\com\google\guava\guava\25.0-jre\guava-25.0-jre.jar:C:\Users\Rama\.m2\repository\com\google\code\findbugs\jsr305\1.3.9\jsr305-1.3.9.jar:C:\Users\Rama\.m2\repository\org\checkerframework\checker-compat-qual\2.0.0\checker-compat-qual-2.0.0.jar:C:\Users\Rama\.m2\repository\com\google\errorprone\error_prone_annotations\2.1.3\error_prone_annotations-2.1.3.jar:C:\Users\Rama\.m2\repository\com\google\j2objc\j2objc-annotations\1.1\j2objc-annotations-1.1.jar:C:\Users\Rama\.m2\repository\org\codehaus\mojo\animal-sniffer-annotations\1.14\animal-sniffer-annotations-1.14.jar:C:\Users\Rama\.m2\repository\net\jcip\jcip-annotations\1.0\jcip-annotations-1.0.jar:C:\Users\Rama\.m2\repository\org\seleniumhq\selenium\jetty-repacked\9.4.12.v20180830\jetty-repacked-9.4.12.v20180830.jar:C:\Users\Rama\.m2\repository\com\squareup\okhttp3\okhttp\3.11.0\okhttp-3.11.0.jar:C:\Users\Rama\.m2\repository\com\squareup\okio\okio\1.14.0\okio-1.14.0.jar:C:\Users\Rama\.m2\repository\javax\servlet\javax.servlet-api\3.1.0\javax.servlet-api-3.1.0.jar org.testng.remote.RemoteTestNG -serport 50891 -protocol json -d C:\Users\Rama\eclipse-workspace\first_maven\test-output C:\Users\Rama\AppData\Local\Temp\testng-eclipse--1712479906\testng-customsuite.xml

!ENTRY org.eclipse.jdt.junit.core 4 4 2021-03-02 00:38:37.481
!MESSAGE Error
!STACK 0
java.lang.Exception: Unexpected TestElement type for testId '5': TestSuite: | Samuel | Miller | sammillerjoe12@gmail.com | Pass@123 | 12 | Dec | 1989 | Male | : Not Started - Undefined (6)
	at org.eclipse.jdt.internal.junit.model.TestRunSession$TestSessionNotifier.logUnexpectedTest(TestRunSession.java:801)
	at org.eclipse.jdt.internal.junit.model.TestRunSession$TestSessionNotifier.testStarted(TestRunSession.java:708)
	at org.eclipse.jdt.internal.junit.model.RemoteTestRunnerClient$5.run(RemoteTestRunnerClient.java:537)
	at org.eclipse.core.runtime.SafeRunner.run(SafeRunner.java:45)
	at org.eclipse.jdt.internal.junit.model.RemoteTestRunnerClient.notifyTestStarted(RemoteTestRunnerClient.java:533)
	at org.eclipse.jdt.internal.junit.model.RemoteTestRunnerClient.access$6(RemoteTestRunnerClient.java:529)
	at org.eclipse.jdt.internal.junit.model.RemoteTestRunnerClient$DefaultProcessingState.readMessage(RemoteTestRunnerClient.java:92)
	at org.eclipse.jdt.internal.junit.model.RemoteTestRunnerClient.receiveMessage(RemoteTestRunnerClient.java:378)
	at org.eclipse.jdt.internal.junit.model.RemoteTestRunnerClient.access$27(RemoteTestRunnerClient.java:377)
	at org.eclipse.jdt.internal.junit.model.RemoteTestRunnerClient$ServerConnection.run(RemoteTestRunnerClient.java:273)

!ENTRY org.eclipse.jdt.junit.core 4 4 2021-03-02 00:38:37.704
!MESSAGE Error
!STACK 0
java.lang.Exception: Unexpected TestElement type for testId '5': TestSuite: | Samuel | Miller | sammillerjoe12@gmail.com | Pass@123 | 12 | Dec | 1989 | Male | : Completed - OK (6)
	at org.eclipse.jdt.internal.junit.model.TestRunSession$TestSessionNotifier.logUnexpectedTest(TestRunSession.java:801)
	at org.eclipse.jdt.internal.junit.model.TestRunSession$TestSessionNotifier.testStarted(TestRunSession.java:708)
	at org.eclipse.jdt.internal.junit.model.RemoteTestRunnerClient$5.run(RemoteTestRunnerClient.java:537)
	at org.eclipse.core.runtime.SafeRunner.run(SafeRunner.java:45)
	at org.eclipse.jdt.internal.junit.model.RemoteTestRunnerClient.notifyTestStarted(RemoteTestRunnerClient.java:533)
	at org.eclipse.jdt.internal.junit.model.RemoteTestRunnerClient.access$6(RemoteTestRunnerClient.java:529)
	at org.eclipse.jdt.internal.junit.model.RemoteTestRunnerClient$DefaultProcessingState.readMessage(RemoteTestRunnerClient.java:92)
	at org.eclipse.jdt.internal.junit.model.RemoteTestRunnerClient.receiveMessage(RemoteTestRunnerClient.java:378)
	at org.eclipse.jdt.internal.junit.model.RemoteTestRunnerClient.access$27(RemoteTestRunnerClient.java:377)
	at org.eclipse.jdt.internal.junit.model.RemoteTestRunnerClient$ServerConnection.run(RemoteTestRunnerClient.java:273)

!ENTRY org.eclipse.jdt.junit.core 4 4 2021-03-02 00:38:37.705
!MESSAGE Error
!STACK 0
java.lang.Exception: Unexpected TestElement type for testId '5': TestSuite: | Samuel | Miller | sammillerjoe12@gmail.com | Pass@123 | 12 | Dec | 1989 | Male | : Completed - OK (6)
	at org.eclipse.jdt.internal.junit.model.TestRunSession$TestSessionNotifier.logUnexpectedTest(TestRunSession.java:801)
	at org.eclipse.jdt.internal.junit.model.TestRunSession$TestSessionNotifier.testEnded(TestRunSession.java:738)
	at org.eclipse.jdt.internal.junit.model.RemoteTestRunnerClient$4.run(RemoteTestRunnerClient.java:523)
	at org.eclipse.core.runtime.SafeRunner.run(SafeRunner.java:45)
	at org.eclipse.jdt.internal.junit.model.RemoteTestRunnerClient.notifyTestEnded(RemoteTestRunnerClient.java:519)
	at org.eclipse.jdt.internal.junit.model.RemoteTestRunnerClient.access$7(RemoteTestRunnerClient.java:515)
	at org.eclipse.jdt.internal.junit.model.RemoteTestRunnerClient$DefaultProcessingState.readMessage(RemoteTestRunnerClient.java:96)
	at org.eclipse.jdt.internal.junit.model.RemoteTestRunnerClient.receiveMessage(RemoteTestRunnerClient.java:378)
	at org.eclipse.jdt.internal.junit.model.RemoteTestRunnerClient.access$27(RemoteTestRunnerClient.java:377)
	at org.eclipse.jdt.internal.junit.model.RemoteTestRunnerClient$ServerConnection.run(RemoteTestRunnerClient.java:273)

!ENTRY org.eclipse.jdt.junit.core 4 4 2021-03-02 00:38:37.706
!MESSAGE Error
!STACK 0
java.lang.Exception: Unexpected TestElement type for testId '12': TestSuite: | Kurt | Wyatt | wyatt23@gmail.com | Pass@@143 | 23 | Oct | 2000 | Female | : Not Started - Undefined (6)
	at org.eclipse.jdt.internal.junit.model.TestRunSession$TestSessionNotifier.logUnexpectedTest(TestRunSession.java:801)
	at org.eclipse.jdt.internal.junit.model.TestRunSession$TestSessionNotifier.testStarted(TestRunSession.java:708)
	at org.eclipse.jdt.internal.junit.model.RemoteTestRunnerClient$5.run(RemoteTestRunnerClient.java:537)
	at org.eclipse.core.runtime.SafeRunner.run(SafeRunner.java:45)
	at org.eclipse.jdt.internal.junit.model.RemoteTestRunnerClient.notifyTestStarted(RemoteTestRunnerClient.java:533)
	at org.eclipse.jdt.internal.junit.model.RemoteTestRunnerClient.access$6(RemoteTestRunnerClient.java:529)
	at org.eclipse.jdt.internal.junit.model.RemoteTestRunnerClient$DefaultProcessingState.readMessage(RemoteTestRunnerClient.java:92)
	at org.eclipse.jdt.internal.junit.model.RemoteTestRunnerClient.receiveMessage(RemoteTestRunnerClient.java:378)
	at org.eclipse.jdt.internal.junit.model.RemoteTestRunnerClient.access$27(RemoteTestRunnerClient.java:377)
	at org.eclipse.jdt.internal.junit.model.RemoteTestRunnerClient$ServerConnection.run(RemoteTestRunnerClient.java:273)

!ENTRY org.eclipse.jdt.junit.core 4 4 2021-03-02 00:38:37.708
!MESSAGE Error
!STACK 0
java.lang.Exception: Unexpected TestElement type for testId '12': TestSuite: | Kurt | Wyatt | wyatt23@gmail.com | Pass@@143 | 23 | Oct | 2000 | Female | : Completed - OK (6)
	at org.eclipse.jdt.internal.junit.model.TestRunSession$TestSessionNotifier.logUnexpectedTest(TestRunSession.java:801)
	at org.eclipse.jdt.internal.junit.model.TestRunSession$TestSessionNotifier.testStarted(TestRunSession.java:708)
	at org.eclipse.jdt.internal.junit.model.RemoteTestRunnerClient$5.run(RemoteTestRunnerClient.java:537)
	at org.eclipse.core.runtime.SafeRunner.run(SafeRunner.java:45)
	at org.eclipse.jdt.internal.junit.model.RemoteTestRunnerClient.notifyTestStarted(RemoteTestRunnerClient.java:533)
	at org.eclipse.jdt.internal.junit.model.RemoteTestRunnerClient.access$6(RemoteTestRunnerClient.java:529)
	at org.eclipse.jdt.internal.junit.model.RemoteTestRunnerClient$DefaultProcessingState.readMessage(RemoteTestRunnerClient.java:92)
	at org.eclipse.jdt.internal.junit.model.RemoteTestRunnerClient.receiveMessage(RemoteTestRunnerClient.java:378)
	at org.eclipse.jdt.internal.junit.model.RemoteTestRunnerClient.access$27(RemoteTestRunnerClient.java:377)
	at org.eclipse.jdt.internal.junit.model.RemoteTestRunnerClient$ServerConnection.run(RemoteTestRunnerClient.java:273)

!ENTRY org.eclipse.jdt.junit.core 4 4 2021-03-02 00:38:37.709
!MESSAGE Error
!STACK 0
java.lang.Exception: Unexpected TestElement type for testId '12': TestSuite: | Kurt | Wyatt | wyatt23@gmail.com | Pass@@143 | 23 | Oct | 2000 | Female | : Completed - OK (6)
	at org.eclipse.jdt.internal.junit.model.TestRunSession$TestSessionNotifier.logUnexpectedTest(TestRunSession.java:801)
	at org.eclipse.jdt.internal.junit.model.TestRunSession$TestSessionNotifier.testEnded(TestRunSession.java:738)
	at org.eclipse.jdt.internal.junit.model.RemoteTestRunnerClient$4.run(RemoteTestRunnerClient.java:523)
	at org.eclipse.core.runtime.SafeRunner.run(SafeRunner.java:45)
	at org.eclipse.jdt.internal.junit.model.RemoteTestRunnerClient.notifyTestEnded(RemoteTestRunnerClient.java:519)
	at org.eclipse.jdt.internal.junit.model.RemoteTestRunnerClient.access$7(RemoteTestRunnerClient.java:515)
	at org.eclipse.jdt.internal.junit.model.RemoteTestRunnerClient$DefaultProcessingState.readMessage(RemoteTestRunnerClient.java:96)
	at org.eclipse.jdt.internal.junit.model.RemoteTestRunnerClient.receiveMessage(RemoteTestRunnerClient.java:378)
	at org.eclipse.jdt.internal.junit.model.RemoteTestRunnerClient.access$27(RemoteTestRunnerClient.java:377)
	at org.eclipse.jdt.internal.junit.model.RemoteTestRunnerClient$ServerConnection.run(RemoteTestRunnerClient.java:273)

!ENTRY org.eclipse.jdt.junit.core 4 4 2021-03-02 00:39:32.992
!MESSAGE Error
!STACK 0
java.lang.Exception: Unexpected TestElement type for testId '5': TestSuite: | Samuel | Miller | sammillerjoe12@gmail.com | Pass@123 | 12 | Dec | 1989 | Male | : Not Started - Undefined (6)
	at org.eclipse.jdt.internal.junit.model.TestRunSession$TestSessionNotifier.logUnexpectedTest(TestRunSession.java:801)
	at org.eclipse.jdt.internal.junit.model.TestRunSession$TestSessionNotifier.testStarted(TestRunSession.java:708)
	at org.eclipse.jdt.internal.junit.model.RemoteTestRunnerClient$5.run(RemoteTestRunnerClient.java:537)
	at org.eclipse.core.runtime.SafeRunner.run(SafeRunner.java:45)
	at org.eclipse.jdt.internal.junit.model.RemoteTestRunnerClient.notifyTestStarted(RemoteTestRunnerClient.java:533)
	at org.eclipse.jdt.internal.junit.model.RemoteTestRunnerClient.access$6(RemoteTestRunnerClient.java:529)
	at org.eclipse.jdt.internal.junit.model.RemoteTestRunnerClient$DefaultProcessingState.readMessage(RemoteTestRunnerClient.java:92)
	at org.eclipse.jdt.internal.junit.model.RemoteTestRunnerClient.receiveMessage(RemoteTestRunnerClient.java:378)
	at org.eclipse.jdt.internal.junit.model.RemoteTestRunnerClient.access$27(RemoteTestRunnerClient.java:377)
	at org.eclipse.jdt.internal.junit.model.RemoteTestRunnerClient$ServerConnection.run(RemoteTestRunnerClient.java:273)

!ENTRY org.eclipse.jdt.junit.core 4 4 2021-03-02 00:41:30.574
!MESSAGE Error
!STACK 0
java.lang.Exception: Unexpected TestElement type for testId '5': TestSuite: | Samuel | Miller | sammillerjoe12@gmail.com | Pass@123 | 12 | Dec | 1989 | Male | : Completed - OK (6)
	at org.eclipse.jdt.internal.junit.model.TestRunSession$TestSessionNotifier.logUnexpectedTest(TestRunSession.java:801)
	at org.eclipse.jdt.internal.junit.model.TestRunSession$TestSessionNotifier.testEnded(TestRunSession.java:738)
	at org.eclipse.jdt.internal.junit.model.RemoteTestRunnerClient$4.run(RemoteTestRunnerClient.java:523)
	at org.eclipse.core.runtime.SafeRunner.run(SafeRunner.java:45)
	at org.eclipse.jdt.internal.junit.model.RemoteTestRunnerClient.notifyTestEnded(RemoteTestRunnerClient.java:519)
	at org.eclipse.jdt.internal.junit.model.RemoteTestRunnerClient.access$7(RemoteTestRunnerClient.java:515)
	at org.eclipse.jdt.internal.junit.model.RemoteTestRunnerClient$DefaultProcessingState.readMessage(RemoteTestRunnerClient.java:96)
	at org.eclipse.jdt.internal.junit.model.RemoteTestRunnerClient.receiveMessage(RemoteTestRunnerClient.java:378)
	at org.eclipse.jdt.internal.junit.model.RemoteTestRunnerClient.access$27(RemoteTestRunnerClient.java:377)
	at org.eclipse.jdt.internal.junit.model.RemoteTestRunnerClient$ServerConnection.run(RemoteTestRunnerClient.java:273)

!ENTRY org.eclipse.jdt.junit.core 4 4 2021-03-02 00:41:30.677
!MESSAGE Error
!STACK 0
java.lang.Exception: Unexpected TestElement type for testId '12': TestSuite: | Kurt | Wyatt | wyatt23@gmail.com | Pass@@143 | 23 | Oct | 2000 | Female | : Not Started - Undefined (6)
	at org.eclipse.jdt.internal.junit.model.TestRunSession$TestSessionNotifier.logUnexpectedTest(TestRunSession.java:801)
	at org.eclipse.jdt.internal.junit.model.TestRunSession$TestSessionNotifier.testStarted(TestRunSession.java:708)
	at org.eclipse.jdt.internal.junit.model.RemoteTestRunnerClient$5.run(RemoteTestRunnerClient.java:537)
	at org.eclipse.core.runtime.SafeRunner.run(SafeRunner.java:45)
	at org.eclipse.jdt.internal.junit.model.RemoteTestRunnerClient.notifyTestStarted(RemoteTestRunnerClient.java:533)
	at org.eclipse.jdt.internal.junit.model.RemoteTestRunnerClient.access$6(RemoteTestRunnerClient.java:529)
	at org.eclipse.jdt.internal.junit.model.RemoteTestRunnerClient$DefaultProcessingState.readMessage(RemoteTestRunnerClient.java:92)
	at org.eclipse.jdt.internal.junit.model.RemoteTestRunnerClient.receiveMessage(RemoteTestRunnerClient.java:378)
	at org.eclipse.jdt.internal.junit.model.RemoteTestRunnerClient.access$27(RemoteTestRunnerClient.java:377)
	at org.eclipse.jdt.internal.junit.model.RemoteTestRunnerClient$ServerConnection.run(RemoteTestRunnerClient.java:273)

!ENTRY org.eclipse.jdt.junit.core 4 4 2021-03-02 00:41:41.052
!MESSAGE Error
!STACK 0
java.lang.Exception: Unexpected TestElement type for testId '12': TestSuite: | Kurt | Wyatt | wyatt23@gmail.com | Pass@@143 | 23 | Oct | 2000 | Female | : Completed - OK (6)
	at org.eclipse.jdt.internal.junit.model.TestRunSession$TestSessionNotifier.logUnexpectedTest(TestRunSession.java:801)
	at org.eclipse.jdt.internal.junit.model.TestRunSession$TestSessionNotifier.testEnded(TestRunSession.java:738)
	at org.eclipse.jdt.internal.junit.model.RemoteTestRunnerClient$4.run(RemoteTestRunnerClient.java:523)
	at org.eclipse.core.runtime.SafeRunner.run(SafeRunner.java:45)
	at org.eclipse.jdt.internal.junit.model.RemoteTestRunnerClient.notifyTestEnded(RemoteTestRunnerClient.java:519)
	at org.eclipse.jdt.internal.junit.model.RemoteTestRunnerClient.access$7(RemoteTestRunnerClient.java:515)
	at org.eclipse.jdt.internal.junit.model.RemoteTestRunnerClient$DefaultProcessingState.readMessage(RemoteTestRunnerClient.java:96)
	at org.eclipse.jdt.internal.junit.model.RemoteTestRunnerClient.receiveMessage(RemoteTestRunnerClient.java:378)
	at org.eclipse.jdt.internal.junit.model.RemoteTestRunnerClient.access$27(RemoteTestRunnerClient.java:377)
	at org.eclipse.jdt.internal.junit.model.RemoteTestRunnerClient$ServerConnection.run(RemoteTestRunnerClient.java:273)
!SESSION 2021-03-02 10:33:16.353 -----------------------------------------------
eclipse.buildId=4.18.0.I20201202-1800
java.version=15.0.2
java.vendor=Oracle Corporation
BootLoader constants: OS=win32, ARCH=x86_64, WS=win32, NL=en_US
Framework arguments:  -product org.eclipse.epp.package.java.product
Command-line arguments:  -os win32 -ws win32 -arch x86_64 -product org.eclipse.epp.package.java.product

!ENTRY org.eclipse.jface 2 0 2021-03-02 10:33:34.429
!MESSAGE Keybinding conflicts occurred.  They may interfere with normal accelerator operation.
!SUBENTRY 1 org.eclipse.jface 2 0 2021-03-02 10:33:34.429
!MESSAGE A conflict occurred for CTRL+SHIFT+T:
Binding(CTRL+SHIFT+T,
	ParameterizedCommand(Command(org.eclipse.jdt.ui.navigate.open.type,Open Type,
		Open a type in a Java editor,
		Category(org.eclipse.ui.category.navigate,Navigate,null,true),
		org.eclipse.ui.internal.WorkbenchHandlerServiceHandler@5d5ae6aa,
		,,true),null),
	org.eclipse.ui.defaultAcceleratorConfiguration,
	org.eclipse.ui.contexts.window,,,system)
Binding(CTRL+SHIFT+T,
	ParameterizedCommand(Command(org.eclipse.lsp4e.symbolinworkspace,Go to Symbol in Workspace,
		,
		Category(org.eclipse.lsp4e.category,Language Servers,null,true),
		org.eclipse.ui.internal.WorkbenchHandlerServiceHandler@2bc2e022,
		,,true),null),
	org.eclipse.ui.defaultAcceleratorConfiguration,
	org.eclipse.ui.contexts.window,,,system)

!ENTRY org.eclipse.egit.ui 2 0 2021-03-02 10:33:54.116
!MESSAGE Warning: The environment variable HOME is not set. The following directory will be used to store the Git
user global configuration and to define the default location to store repositories: 'C:\Users\Rama'. If this is
not correct please set the HOME environment variable and restart Eclipse. Otherwise Git for Windows and
EGit might behave differently since they see different configuration options.
This warning can be switched off on the Team > Git > Confirmations and Warnings preference page.

!ENTRY org.eclipse.jface 2 0 2021-03-02 10:37:06.185
!MESSAGE Keybinding conflicts occurred.  They may interfere with normal accelerator operation.
!SUBENTRY 1 org.eclipse.jface 2 0 2021-03-02 10:37:06.185
!MESSAGE A conflict occurred for CTRL+SHIFT+F:
Binding(CTRL+SHIFT+F,
	ParameterizedCommand(Command(org.eclipse.lsp4e.format,Format,
		,
		Category(org.eclipse.lsp4e.category,Language Servers,null,true),
		org.eclipse.ui.internal.WorkbenchHandlerServiceHandler@699794d,
		,,true),null),
	org.eclipse.ui.defaultAcceleratorConfiguration,
	org.eclipse.ui.textEditorScope,,,system)
Binding(CTRL+SHIFT+F,
	ParameterizedCommand(Command(cucumber.eclipse.editor.formmater.pretty_formatter,Pretty format feature file,
		Format,
		Category(cucumber.eclipse.editor.formmtter,Formatter,null,true),
		org.eclipse.ui.internal.WorkbenchHandlerServiceHandler@ad7cc49,
		,,true),null),
	org.eclipse.ui.defaultAcceleratorConfiguration,
	cucumber.eclipse.editor.featureEditorScope,,,system)

!ENTRY org.eclipse.jdt.junit.core 4 4 2021-03-02 10:37:40.686
!MESSAGE Error
!STACK 0
java.lang.Exception: Unexpected TestElement type for testId '5': TestSuite: | Samuel | Miller | sammillerjoe12@gmail.com | Pass@123 | 12 | Dec | 1989 | Male | : Not Started - Undefined (6)
	at org.eclipse.jdt.internal.junit.model.TestRunSession$TestSessionNotifier.logUnexpectedTest(TestRunSession.java:801)
	at org.eclipse.jdt.internal.junit.model.TestRunSession$TestSessionNotifier.testStarted(TestRunSession.java:708)
	at org.eclipse.jdt.internal.junit.model.RemoteTestRunnerClient$5.run(RemoteTestRunnerClient.java:537)
	at org.eclipse.core.runtime.SafeRunner.run(SafeRunner.java:45)
	at org.eclipse.jdt.internal.junit.model.RemoteTestRunnerClient.notifyTestStarted(RemoteTestRunnerClient.java:533)
	at org.eclipse.jdt.internal.junit.model.RemoteTestRunnerClient.access$6(RemoteTestRunnerClient.java:529)
	at org.eclipse.jdt.internal.junit.model.RemoteTestRunnerClient$DefaultProcessingState.readMessage(RemoteTestRunnerClient.java:92)
	at org.eclipse.jdt.internal.junit.model.RemoteTestRunnerClient.receiveMessage(RemoteTestRunnerClient.java:378)
	at org.eclipse.jdt.internal.junit.model.RemoteTestRunnerClient.access$27(RemoteTestRunnerClient.java:377)
	at org.eclipse.jdt.internal.junit.model.RemoteTestRunnerClient$ServerConnection.run(RemoteTestRunnerClient.java:273)

!ENTRY org.eclipse.jdt.junit.core 4 4 2021-03-02 10:38:30.397
!MESSAGE Error
!STACK 0
java.lang.Exception: Unexpected TestElement type for testId '5': TestSuite: | Samuel | Miller | sammillerjoe12@gmail.com | Pass@123 | 12 | Dec | 1989 | Male | : Completed - OK (6)
	at org.eclipse.jdt.internal.junit.model.TestRunSession$TestSessionNotifier.logUnexpectedTest(TestRunSession.java:801)
	at org.eclipse.jdt.internal.junit.model.TestRunSession$TestSessionNotifier.testEnded(TestRunSession.java:738)
	at org.eclipse.jdt.internal.junit.model.RemoteTestRunnerClient$4.run(RemoteTestRunnerClient.java:523)
	at org.eclipse.core.runtime.SafeRunner.run(SafeRunner.java:45)
	at org.eclipse.jdt.internal.junit.model.RemoteTestRunnerClient.notifyTestEnded(RemoteTestRunnerClient.java:519)
	at org.eclipse.jdt.internal.junit.model.RemoteTestRunnerClient.access$7(RemoteTestRunnerClient.java:515)
	at org.eclipse.jdt.internal.junit.model.RemoteTestRunnerClient$DefaultProcessingState.readMessage(RemoteTestRunnerClient.java:96)
	at org.eclipse.jdt.internal.junit.model.RemoteTestRunnerClient.receiveMessage(RemoteTestRunnerClient.java:378)
	at org.eclipse.jdt.internal.junit.model.RemoteTestRunnerClient.access$27(RemoteTestRunnerClient.java:377)
	at org.eclipse.jdt.internal.junit.model.RemoteTestRunnerClient$ServerConnection.run(RemoteTestRunnerClient.java:273)

!ENTRY org.eclipse.jdt.junit.core 4 4 2021-03-02 10:38:30.399
!MESSAGE Error
!STACK 0
java.lang.Exception: Unexpected TestElement type for testId '12': TestSuite: | Kurt | Wyatt | wyatt23@gmail.com | Pass@@143 | 23 | Oct | 2000 | Female | : Not Started - Undefined (6)
	at org.eclipse.jdt.internal.junit.model.TestRunSession$TestSessionNotifier.logUnexpectedTest(TestRunSession.java:801)
	at org.eclipse.jdt.internal.junit.model.TestRunSession$TestSessionNotifier.testStarted(TestRunSession.java:708)
	at org.eclipse.jdt.internal.junit.model.RemoteTestRunnerClient$5.run(RemoteTestRunnerClient.java:537)
	at org.eclipse.core.runtime.SafeRunner.run(SafeRunner.java:45)
	at org.eclipse.jdt.internal.junit.model.RemoteTestRunnerClient.notifyTestStarted(RemoteTestRunnerClient.java:533)
	at org.eclipse.jdt.internal.junit.model.RemoteTestRunnerClient.access$6(RemoteTestRunnerClient.java:529)
	at org.eclipse.jdt.internal.junit.model.RemoteTestRunnerClient$DefaultProcessingState.readMessage(RemoteTestRunnerClient.java:92)
	at org.eclipse.jdt.internal.junit.model.RemoteTestRunnerClient.receiveMessage(RemoteTestRunnerClient.java:378)
	at org.eclipse.jdt.internal.junit.model.RemoteTestRunnerClient.access$27(RemoteTestRunnerClient.java:377)
	at org.eclipse.jdt.internal.junit.model.RemoteTestRunnerClient$ServerConnection.run(RemoteTestRunnerClient.java:273)

!ENTRY org.eclipse.jdt.junit.core 4 4 2021-03-02 10:38:39.844
!MESSAGE Error
!STACK 0
java.lang.Exception: Unexpected TestElement type for testId '12': TestSuite: | Kurt | Wyatt | wyatt23@gmail.com | Pass@@143 | 23 | Oct | 2000 | Female | : Completed - OK (6)
	at org.eclipse.jdt.internal.junit.model.TestRunSession$TestSessionNotifier.logUnexpectedTest(TestRunSession.java:801)
	at org.eclipse.jdt.internal.junit.model.TestRunSession$TestSessionNotifier.testEnded(TestRunSession.java:738)
	at org.eclipse.jdt.internal.junit.model.RemoteTestRunnerClient$4.run(RemoteTestRunnerClient.java:523)
	at org.eclipse.core.runtime.SafeRunner.run(SafeRunner.java:45)
	at org.eclipse.jdt.internal.junit.model.RemoteTestRunnerClient.notifyTestEnded(RemoteTestRunnerClient.java:519)
	at org.eclipse.jdt.internal.junit.model.RemoteTestRunnerClient.access$7(RemoteTestRunnerClient.java:515)
	at org.eclipse.jdt.internal.junit.model.RemoteTestRunnerClient$DefaultProcessingState.readMessage(RemoteTestRunnerClient.java:96)
	at org.eclipse.jdt.internal.junit.model.RemoteTestRunnerClient.receiveMessage(RemoteTestRunnerClient.java:378)
	at org.eclipse.jdt.internal.junit.model.RemoteTestRunnerClient.access$27(RemoteTestRunnerClient.java:377)
	at org.eclipse.jdt.internal.junit.model.RemoteTestRunnerClient$ServerConnection.run(RemoteTestRunnerClient.java:273)

!ENTRY org.testng.eclipse 1 0 2021-03-02 10:40:16.404
!MESSAGE [TestNGLaunchConfigurationDelegate] Launching:
  Classpath: C:\Users\Rama\eclipse\java-2020-123\eclipse\configuration\org.eclipse.osgi\443\0\.cp\lib\testng-remote.jar C:\Users\Rama\eclipse-workspace\first_maven\target\test-classes C:\Users\Rama\eclipse-workspace\first_maven\target\classes C:\Users\Rama\.p2\pool\plugins\org.testng_7.3.0.r202008060316.jar C:\Users\Rama\.p2\pool\plugins\com.beust.jcommander_1.78.0.jar C:\Users\Rama\.p2\pool\plugins\org.apache-extras.beanshell.bsh_2.0.0.b6.jar C:\Users\Rama\.p2\pool\plugins\org.yaml.snakeyaml_1.21.0.jar C:\Users\Rama\.m2\repository\org\seleniumhq\selenium\selenium-java\4.0.0-alpha-7\selenium-java-4.0.0-alpha-7.jar C:\Users\Rama\.m2\repository\org\seleniumhq\selenium\selenium-api\4.0.0-alpha-7\selenium-api-4.0.0-alpha-7.jar C:\Users\Rama\.m2\repository\org\seleniumhq\selenium\selenium-chrome-driver\4.0.0-alpha-7\selenium-chrome-driver-4.0.0-alpha-7.jar C:\Users\Rama\.m2\repository\com\google\auto\service\auto-service-annotations\1.0-rc7\auto-service-annotations-1.0-rc7.jar C:\Users\Rama\.m2\repository\com\google\auto\service\auto-service\1.0-rc7\auto-service-1.0-rc7.jar C:\Users\Rama\.m2\repository\com\google\auto\auto-common\0.10\auto-common-0.10.jar C:\Users\Rama\.m2\repository\org\seleniumhq\selenium\selenium-chromium-driver\4.0.0-alpha-7\selenium-chromium-driver-4.0.0-alpha-7.jar C:\Users\Rama\.m2\repository\org\seleniumhq\selenium\selenium-devtools\4.0.0-alpha-7\selenium-devtools-4.0.0-alpha-7.jar C:\Users\Rama\.m2\repository\org\seleniumhq\selenium\selenium-http\4.0.0-alpha-7\selenium-http-4.0.0-alpha-7.jar C:\Users\Rama\.m2\repository\org\seleniumhq\selenium\selenium-json\4.0.0-alpha-7\selenium-json-4.0.0-alpha-7.jar C:\Users\Rama\.m2\repository\org\seleniumhq\selenium\selenium-devtools-v84\4.0.0-alpha-7\selenium-devtools-v84-4.0.0-alpha-7.jar C:\Users\Rama\.m2\repository\org\seleniumhq\selenium\selenium-devtools-v85\4.0.0-alpha-7\selenium-devtools-v85-4.0.0-alpha-7.jar C:\Users\Rama\.m2\repository\org\seleniumhq\selenium\selenium-devtools-v86\4.0.0-alpha-7\selenium-devtools-v86-4.0.0-alpha-7.jar C:\Users\Rama\.m2\repository\org\seleniumhq\selenium\selenium-devtools-v87\4.0.0-alpha-7\selenium-devtools-v87-4.0.0-alpha-7.jar C:\Users\Rama\.m2\repository\org\seleniumhq\selenium\selenium-edge-driver\4.0.0-alpha-7\selenium-edge-driver-4.0.0-alpha-7.jar C:\Users\Rama\.m2\repository\org\seleniumhq\selenium\selenium-edgehtml-driver\4.0.0-alpha-7\selenium-edgehtml-driver-4.0.0-alpha-7.jar C:\Users\Rama\.m2\repository\org\seleniumhq\selenium\selenium-firefox-driver\4.0.0-alpha-7\selenium-firefox-driver-4.0.0-alpha-7.jar C:\Users\Rama\.m2\repository\org\seleniumhq\selenium\selenium-firefox-xpi-driver\4.0.0-alpha-7\selenium-firefox-xpi-driver-4.0.0-alpha-7.jar C:\Users\Rama\.m2\repository\org\seleniumhq\selenium\selenium-ie-driver\4.0.0-alpha-7\selenium-ie-driver-4.0.0-alpha-7.jar C:\Users\Rama\.m2\repository\org\seleniumhq\selenium\selenium-opera-driver\4.0.0-alpha-7\selenium-opera-driver-4.0.0-alpha-7.jar C:\Users\Rama\.m2\repository\org\seleniumhq\selenium\selenium-remote-driver\4.0.0-alpha-7\selenium-remote-driver-4.0.0-alpha-7.jar C:\Users\Rama\.m2\repository\com\typesafe\netty\netty-reactive-streams\2.0.4\netty-reactive-streams-2.0.4.jar C:\Users\Rama\.m2\repository\io\netty\netty-handler\4.1.43.Final\netty-handler-4.1.43.Final.jar C:\Users\Rama\.m2\repository\org\reactivestreams\reactive-streams\1.0.3\reactive-streams-1.0.3.jar C:\Users\Rama\.m2\repository\io\grpc\grpc-context\1.32.1\grpc-context-1.32.1.jar C:\Users\Rama\.m2\repository\io\netty\netty-buffer\4.1.53.Final\netty-buffer-4.1.53.Final.jar C:\Users\Rama\.m2\repository\io\netty\netty-codec-http\4.1.53.Final\netty-codec-http-4.1.53.Final.jar C:\Users\Rama\.m2\repository\io\netty\netty-codec\4.1.53.Final\netty-codec-4.1.53.Final.jar C:\Users\Rama\.m2\repository\io\netty\netty-common\4.1.53.Final\netty-common-4.1.53.Final.jar C:\Users\Rama\.m2\repository\io\netty\netty-transport-native-epoll\4.1.53.Final\netty-transport-native-epoll-4.1.53.Final.jar C:\Users\Rama\.m2\repository\io\netty\netty-transport-native-epoll\4.1.53.Final\netty-transport-native-epoll-4.1.53.Final-linux-x86_64.jar C:\Users\Rama\.m2\repository\io\netty\netty-transport-native-kqueue\4.1.53.Final\netty-transport-native-kqueue-4.1.53.Final.jar C:\Users\Rama\.m2\repository\io\netty\netty-transport-native-kqueue\4.1.53.Final\netty-transport-native-kqueue-4.1.53.Final-osx-x86_64.jar C:\Users\Rama\.m2\repository\io\netty\netty-transport-native-unix-common\4.1.53.Final\netty-transport-native-unix-common-4.1.53.Final.jar C:\Users\Rama\.m2\repository\io\netty\netty-transport\4.1.53.Final\netty-transport-4.1.53.Final.jar C:\Users\Rama\.m2\repository\io\netty\netty-resolver\4.1.53.Final\netty-resolver-4.1.53.Final.jar C:\Users\Rama\.m2\repository\io\opentelemetry\opentelemetry-api\0.9.1\opentelemetry-api-0.9.1.jar C:\Users\Rama\.m2\repository\io\opentelemetry\opentelemetry-context-prop\0.9.1\opentelemetry-context-prop-0.9.1.jar C:\Users\Rama\.m2\repository\io\opentelemetry\opentelemetry-sdk\0.9.1\opentelemetry-sdk-0.9.1.jar C:\Users\Rama\.m2\repository\io\opentelemetry\opentelemetry-sdk-common\0.9.1\opentelemetry-sdk-common-0.9.1.jar C:\Users\Rama\.m2\repository\io\opentelemetry\opentelemetry-sdk-baggage\0.9.1\opentelemetry-sdk-baggage-0.9.1.jar C:\Users\Rama\.m2\repository\io\opentelemetry\opentelemetry-sdk-metrics\0.9.1\opentelemetry-sdk-metrics-0.9.1.jar C:\Users\Rama\.m2\repository\io\opentelemetry\opentelemetry-sdk-tracing\0.9.1\opentelemetry-sdk-tracing-0.9.1.jar C:\Users\Rama\.m2\repository\io\projectreactor\netty\reactor-netty-http\1.0.0\reactor-netty-http-1.0.0.jar C:\Users\Rama\.m2\repository\io\netty\netty-codec-http2\4.1.53.Final\netty-codec-http2-4.1.53.Final.jar C:\Users\Rama\.m2\repository\io\netty\netty-resolver-dns\4.1.53.Final\netty-resolver-dns-4.1.53.Final.jar C:\Users\Rama\.m2\repository\io\netty\netty-codec-dns\4.1.53.Final\netty-codec-dns-4.1.53.Final.jar C:\Users\Rama\.m2\repository\io\projectreactor\netty\reactor-netty-core\1.0.0\reactor-netty-core-1.0.0.jar C:\Users\Rama\.m2\repository\io\projectreactor\netty\reactor-netty\1.0.0\reactor-netty-1.0.0.jar C:\Users\Rama\.m2\repository\io\projectreactor\netty\reactor-netty-http-brave\1.0.0\reactor-netty-http-brave-1.0.0.jar C:\Users\Rama\.m2\repository\io\zipkin\brave\brave-instrumentation-http\5.12.7\brave-instrumentation-http-5.12.7.jar C:\Users\Rama\.m2\repository\io\zipkin\brave\brave\5.12.7\brave-5.12.7.jar C:\Users\Rama\.m2\repository\io\zipkin\reporter2\zipkin-reporter-brave\2.15.2\zipkin-reporter-brave-2.15.2.jar C:\Users\Rama\.m2\repository\io\zipkin\reporter2\zipkin-reporter\2.15.2\zipkin-reporter-2.15.2.jar C:\Users\Rama\.m2\repository\io\zipkin\zipkin2\zipkin\2.21.7\zipkin-2.21.7.jar C:\Users\Rama\.m2\repository\io\projectreactor\reactor-core\3.4.0\reactor-core-3.4.0.jar C:\Users\Rama\.m2\repository\org\asynchttpclient\async-http-client\2.12.1\async-http-client-2.12.1.jar C:\Users\Rama\.m2\repository\org\asynchttpclient\async-http-client-netty-utils\2.12.1\async-http-client-netty-utils-2.12.1.jar C:\Users\Rama\.m2\repository\io\netty\netty-codec-socks\4.1.48.Final\netty-codec-socks-4.1.48.Final.jar C:\Users\Rama\.m2\repository\io\netty\netty-handler-proxy\4.1.48.Final\netty-handler-proxy-4.1.48.Final.jar C:\Users\Rama\.m2\repository\org\slf4j\slf4j-api\1.7.30\slf4j-api-1.7.30.jar C:\Users\Rama\.m2\repository\com\sun\activation\javax.activation\1.2.0\javax.activation-1.2.0.jar C:\Users\Rama\.m2\repository\org\seleniumhq\selenium\selenium-safari-driver\4.0.0-alpha-7\selenium-safari-driver-4.0.0-alpha-7.jar C:\Users\Rama\.m2\repository\org\seleniumhq\selenium\selenium-support\4.0.0-alpha-7\selenium-support-4.0.0-alpha-7.jar C:\Users\Rama\.m2\repository\org\testng\testng\7.3.0\testng-7.3.0.jar C:\Users\Rama\.m2\repository\com\beust\jcommander\1.78\jcommander-1.78.jar C:\Users\Rama\.m2\repository\org\apache\ant\ant\1.10.3\ant-1.10.3.jar C:\Users\Rama\.m2\repository\org\apache\ant\ant-launcher\1.10.3\ant-launcher-1.10.3.jar C:\Users\Rama\.m2\repository\junit\junit\4.12\junit-4.12.jar C:\Users\Rama\.m2\repository\org\hamcrest\hamcrest-core\1.3\hamcrest-core-1.3.jar C:\Users\Rama\.m2\repository\com\google\inject\guice\4.2.2\guice-4.2.2-no_aop.jar C:\Users\Rama\.m2\repository\javax\inject\javax.inject\1\javax.inject-1.jar C:\Users\Rama\.m2\repository\aopalliance\aopalliance\1.0\aopalliance-1.0.jar C:\Users\Rama\.m2\repository\org\yaml\snakeyaml\1.21\snakeyaml-1.21.jar C:\Users\Rama\.m2\repository\info\cukes\cucumber-junit\1.2.5\cucumber-junit-1.2.5.jar C:\Users\Rama\.m2\repository\info\cukes\cucumber-core\1.2.5\cucumber-core-1.2.5.jar C:\Users\Rama\.m2\repository\info\cukes\cucumber-html\0.2.3\cucumber-html-0.2.3.jar C:\Users\Rama\.m2\repository\info\cukes\cucumber-jvm-deps\1.0.5\cucumber-jvm-deps-1.0.5.jar C:\Users\Rama\.m2\repository\info\cukes\gherkin\2.12.2\gherkin-2.12.2.jar C:\Users\Rama\.m2\repository\org\seleniumhq\selenium\selenium-server\3.141.59\selenium-server-3.141.59.jar C:\Users\Rama\.m2\repository\net\bytebuddy\byte-buddy\1.8.15\byte-buddy-1.8.15.jar C:\Users\Rama\.m2\repository\org\apache\commons\commons-exec\1.3\commons-exec-1.3.jar C:\Users\Rama\.m2\repository\com\google\guava\guava\25.0-jre\guava-25.0-jre.jar C:\Users\Rama\.m2\repository\com\google\code\findbugs\jsr305\1.3.9\jsr305-1.3.9.jar C:\Users\Rama\.m2\repository\org\checkerframework\checker-compat-qual\2.0.0\checker-compat-qual-2.0.0.jar C:\Users\Rama\.m2\repository\com\google\errorprone\error_prone_annotations\2.1.3\error_prone_annotations-2.1.3.jar C:\Users\Rama\.m2\repository\com\google\j2objc\j2objc-annotations\1.1\j2objc-annotations-1.1.jar C:\Users\Rama\.m2\repository\org\codehaus\mojo\animal-sniffer-annotations\1.14\animal-sniffer-annotations-1.14.jar C:\Users\Rama\.m2\repository\net\jcip\jcip-annotations\1.0\jcip-annotations-1.0.jar C:\Users\Rama\.m2\repository\org\seleniumhq\selenium\jetty-repacked\9.4.12.v20180830\jetty-repacked-9.4.12.v20180830.jar C:\Users\Rama\.m2\repository\com\squareup\okhttp3\okhttp\3.11.0\okhttp-3.11.0.jar C:\Users\Rama\.m2\repository\com\squareup\okio\okio\1.14.0\okio-1.14.0.jar C:\Users\Rama\.m2\repository\javax\servlet\javax.servlet-api\3.1.0\javax.servlet-api-3.1.0.jar
  VMArgs:    -ea
  Class:     org.testng.remote.RemoteTestNG
  Args:      -serport 61758 -protocol json -d C:\Users\Rama\eclipse-workspace\first_maven\test-output C:\Users\Rama\AppData\Local\Temp\testng-eclipse--1258815578\testng-customsuite.xml
java -ea -classpath C:\Users\Rama\eclipse\java-2020-123\eclipse\configuration\org.eclipse.osgi\443\0\.cp\lib\testng-remote.jar:C:\Users\Rama\eclipse-workspace\first_maven\target\test-classes:C:\Users\Rama\eclipse-workspace\first_maven\target\classes:C:\Users\Rama\.p2\pool\plugins\org.testng_7.3.0.r202008060316.jar:C:\Users\Rama\.p2\pool\plugins\com.beust.jcommander_1.78.0.jar:C:\Users\Rama\.p2\pool\plugins\org.apache-extras.beanshell.bsh_2.0.0.b6.jar:C:\Users\Rama\.p2\pool\plugins\org.yaml.snakeyaml_1.21.0.jar:C:\Users\Rama\.m2\repository\org\seleniumhq\selenium\selenium-java\4.0.0-alpha-7\selenium-java-4.0.0-alpha-7.jar:C:\Users\Rama\.m2\repository\org\seleniumhq\selenium\selenium-api\4.0.0-alpha-7\selenium-api-4.0.0-alpha-7.jar:C:\Users\Rama\.m2\repository\org\seleniumhq\selenium\selenium-chrome-driver\4.0.0-alpha-7\selenium-chrome-driver-4.0.0-alpha-7.jar:C:\Users\Rama\.m2\repository\com\google\auto\service\auto-service-annotations\1.0-rc7\auto-service-annotations-1.0-rc7.jar:C:\Users\Rama\.m2\repository\com\google\auto\service\auto-service\1.0-rc7\auto-service-1.0-rc7.jar:C:\Users\Rama\.m2\repository\com\google\auto\auto-common\0.10\auto-common-0.10.jar:C:\Users\Rama\.m2\repository\org\seleniumhq\selenium\selenium-chromium-driver\4.0.0-alpha-7\selenium-chromium-driver-4.0.0-alpha-7.jar:C:\Users\Rama\.m2\repository\org\seleniumhq\selenium\selenium-devtools\4.0.0-alpha-7\selenium-devtools-4.0.0-alpha-7.jar:C:\Users\Rama\.m2\repository\org\seleniumhq\selenium\selenium-http\4.0.0-alpha-7\selenium-http-4.0.0-alpha-7.jar:C:\Users\Rama\.m2\repository\org\seleniumhq\selenium\selenium-json\4.0.0-alpha-7\selenium-json-4.0.0-alpha-7.jar:C:\Users\Rama\.m2\repository\org\seleniumhq\selenium\selenium-devtools-v84\4.0.0-alpha-7\selenium-devtools-v84-4.0.0-alpha-7.jar:C:\Users\Rama\.m2\repository\org\seleniumhq\selenium\selenium-devtools-v85\4.0.0-alpha-7\selenium-devtools-v85-4.0.0-alpha-7.jar:C:\Users\Rama\.m2\repository\org\seleniumhq\selenium\selenium-devtools-v86\4.0.0-alpha-7\selenium-devtools-v86-4.0.0-alpha-7.jar:C:\Users\Rama\.m2\repository\org\seleniumhq\selenium\selenium-devtools-v87\4.0.0-alpha-7\selenium-devtools-v87-4.0.0-alpha-7.jar:C:\Users\Rama\.m2\repository\org\seleniumhq\selenium\selenium-edge-driver\4.0.0-alpha-7\selenium-edge-driver-4.0.0-alpha-7.jar:C:\Users\Rama\.m2\repository\org\seleniumhq\selenium\selenium-edgehtml-driver\4.0.0-alpha-7\selenium-edgehtml-driver-4.0.0-alpha-7.jar:C:\Users\Rama\.m2\repository\org\seleniumhq\selenium\selenium-firefox-driver\4.0.0-alpha-7\selenium-firefox-driver-4.0.0-alpha-7.jar:C:\Users\Rama\.m2\repository\org\seleniumhq\selenium\selenium-firefox-xpi-driver\4.0.0-alpha-7\selenium-firefox-xpi-driver-4.0.0-alpha-7.jar:C:\Users\Rama\.m2\repository\org\seleniumhq\selenium\selenium-ie-driver\4.0.0-alpha-7\selenium-ie-driver-4.0.0-alpha-7.jar:C:\Users\Rama\.m2\repository\org\seleniumhq\selenium\selenium-opera-driver\4.0.0-alpha-7\selenium-opera-driver-4.0.0-alpha-7.jar:C:\Users\Rama\.m2\repository\org\seleniumhq\selenium\selenium-remote-driver\4.0.0-alpha-7\selenium-remote-driver-4.0.0-alpha-7.jar:C:\Users\Rama\.m2\repository\com\typesafe\netty\netty-reactive-streams\2.0.4\netty-reactive-streams-2.0.4.jar:C:\Users\Rama\.m2\repository\io\netty\netty-handler\4.1.43.Final\netty-handler-4.1.43.Final.jar:C:\Users\Rama\.m2\repository\org\reactivestreams\reactive-streams\1.0.3\reactive-streams-1.0.3.jar:C:\Users\Rama\.m2\repository\io\grpc\grpc-context\1.32.1\grpc-context-1.32.1.jar:C:\Users\Rama\.m2\repository\io\netty\netty-buffer\4.1.53.Final\netty-buffer-4.1.53.Final.jar:C:\Users\Rama\.m2\repository\io\netty\netty-codec-http\4.1.53.Final\netty-codec-http-4.1.53.Final.jar:C:\Users\Rama\.m2\repository\io\netty\netty-codec\4.1.53.Final\netty-codec-4.1.53.Final.jar:C:\Users\Rama\.m2\repository\io\netty\netty-common\4.1.53.Final\netty-common-4.1.53.Final.jar:C:\Users\Rama\.m2\repository\io\netty\netty-transport-native-epoll\4.1.53.Final\netty-transport-native-epoll-4.1.53.Final.jar:C:\Users\Rama\.m2\repository\io\netty\netty-transport-native-epoll\4.1.53.Final\netty-transport-native-epoll-4.1.53.Final-linux-x86_64.jar:C:\Users\Rama\.m2\repository\io\netty\netty-transport-native-kqueue\4.1.53.Final\netty-transport-native-kqueue-4.1.53.Final.jar:C:\Users\Rama\.m2\repository\io\netty\netty-transport-native-kqueue\4.1.53.Final\netty-transport-native-kqueue-4.1.53.Final-osx-x86_64.jar:C:\Users\Rama\.m2\repository\io\netty\netty-transport-native-unix-common\4.1.53.Final\netty-transport-native-unix-common-4.1.53.Final.jar:C:\Users\Rama\.m2\repository\io\netty\netty-transport\4.1.53.Final\netty-transport-4.1.53.Final.jar:C:\Users\Rama\.m2\repository\io\netty\netty-resolver\4.1.53.Final\netty-resolver-4.1.53.Final.jar:C:\Users\Rama\.m2\repository\io\opentelemetry\opentelemetry-api\0.9.1\opentelemetry-api-0.9.1.jar:C:\Users\Rama\.m2\repository\io\opentelemetry\opentelemetry-context-prop\0.9.1\opentelemetry-context-prop-0.9.1.jar:C:\Users\Rama\.m2\repository\io\opentelemetry\opentelemetry-sdk\0.9.1\opentelemetry-sdk-0.9.1.jar:C:\Users\Rama\.m2\repository\io\opentelemetry\opentelemetry-sdk-common\0.9.1\opentelemetry-sdk-common-0.9.1.jar:C:\Users\Rama\.m2\repository\io\opentelemetry\opentelemetry-sdk-baggage\0.9.1\opentelemetry-sdk-baggage-0.9.1.jar:C:\Users\Rama\.m2\repository\io\opentelemetry\opentelemetry-sdk-metrics\0.9.1\opentelemetry-sdk-metrics-0.9.1.jar:C:\Users\Rama\.m2\repository\io\opentelemetry\opentelemetry-sdk-tracing\0.9.1\opentelemetry-sdk-tracing-0.9.1.jar:C:\Users\Rama\.m2\repository\io\projectreactor\netty\reactor-netty-http\1.0.0\reactor-netty-http-1.0.0.jar:C:\Users\Rama\.m2\repository\io\netty\netty-codec-http2\4.1.53.Final\netty-codec-http2-4.1.53.Final.jar:C:\Users\Rama\.m2\repository\io\netty\netty-resolver-dns\4.1.53.Final\netty-resolver-dns-4.1.53.Final.jar:C:\Users\Rama\.m2\repository\io\netty\netty-codec-dns\4.1.53.Final\netty-codec-dns-4.1.53.Final.jar:C:\Users\Rama\.m2\repository\io\projectreactor\netty\reactor-netty-core\1.0.0\reactor-netty-core-1.0.0.jar:C:\Users\Rama\.m2\repository\io\projectreactor\netty\reactor-netty\1.0.0\reactor-netty-1.0.0.jar:C:\Users\Rama\.m2\repository\io\projectreactor\netty\reactor-netty-http-brave\1.0.0\reactor-netty-http-brave-1.0.0.jar:C:\Users\Rama\.m2\repository\io\zipkin\brave\brave-instrumentation-http\5.12.7\brave-instrumentation-http-5.12.7.jar:C:\Users\Rama\.m2\repository\io\zipkin\brave\brave\5.12.7\brave-5.12.7.jar:C:\Users\Rama\.m2\repository\io\zipkin\reporter2\zipkin-reporter-brave\2.15.2\zipkin-reporter-brave-2.15.2.jar:C:\Users\Rama\.m2\repository\io\zipkin\reporter2\zipkin-reporter\2.15.2\zipkin-reporter-2.15.2.jar:C:\Users\Rama\.m2\repository\io\zipkin\zipkin2\zipkin\2.21.7\zipkin-2.21.7.jar:C:\Users\Rama\.m2\repository\io\projectreactor\reactor-core\3.4.0\reactor-core-3.4.0.jar:C:\Users\Rama\.m2\repository\org\asynchttpclient\async-http-client\2.12.1\async-http-client-2.12.1.jar:C:\Users\Rama\.m2\repository\org\asynchttpclient\async-http-client-netty-utils\2.12.1\async-http-client-netty-utils-2.12.1.jar:C:\Users\Rama\.m2\repository\io\netty\netty-codec-socks\4.1.48.Final\netty-codec-socks-4.1.48.Final.jar:C:\Users\Rama\.m2\repository\io\netty\netty-handler-proxy\4.1.48.Final\netty-handler-proxy-4.1.48.Final.jar:C:\Users\Rama\.m2\repository\org\slf4j\slf4j-api\1.7.30\slf4j-api-1.7.30.jar:C:\Users\Rama\.m2\repository\com\sun\activation\javax.activation\1.2.0\javax.activation-1.2.0.jar:C:\Users\Rama\.m2\repository\org\seleniumhq\selenium\selenium-safari-driver\4.0.0-alpha-7\selenium-safari-driver-4.0.0-alpha-7.jar:C:\Users\Rama\.m2\repository\org\seleniumhq\selenium\selenium-support\4.0.0-alpha-7\selenium-support-4.0.0-alpha-7.jar:C:\Users\Rama\.m2\repository\org\testng\testng\7.3.0\testng-7.3.0.jar:C:\Users\Rama\.m2\repository\com\beust\jcommander\1.78\jcommander-1.78.jar:C:\Users\Rama\.m2\repository\org\apache\ant\ant\1.10.3\ant-1.10.3.jar:C:\Users\Rama\.m2\repository\org\apache\ant\ant-launcher\1.10.3\ant-launcher-1.10.3.jar:C:\Users\Rama\.m2\repository\junit\junit\4.12\junit-4.12.jar:C:\Users\Rama\.m2\repository\org\hamcrest\hamcrest-core\1.3\hamcrest-core-1.3.jar:C:\Users\Rama\.m2\repository\com\google\inject\guice\4.2.2\guice-4.2.2-no_aop.jar:C:\Users\Rama\.m2\repository\javax\inject\javax.inject\1\javax.inject-1.jar:C:\Users\Rama\.m2\repository\aopalliance\aopalliance\1.0\aopalliance-1.0.jar:C:\Users\Rama\.m2\repository\org\yaml\snakeyaml\1.21\snakeyaml-1.21.jar:C:\Users\Rama\.m2\repository\info\cukes\cucumber-junit\1.2.5\cucumber-junit-1.2.5.jar:C:\Users\Rama\.m2\repository\info\cukes\cucumber-core\1.2.5\cucumber-core-1.2.5.jar:C:\Users\Rama\.m2\repository\info\cukes\cucumber-html\0.2.3\cucumber-html-0.2.3.jar:C:\Users\Rama\.m2\repository\info\cukes\cucumber-jvm-deps\1.0.5\cucumber-jvm-deps-1.0.5.jar:C:\Users\Rama\.m2\repository\info\cukes\gherkin\2.12.2\gherkin-2.12.2.jar:C:\Users\Rama\.m2\repository\org\seleniumhq\selenium\selenium-server\3.141.59\selenium-server-3.141.59.jar:C:\Users\Rama\.m2\repository\net\bytebuddy\byte-buddy\1.8.15\byte-buddy-1.8.15.jar:C:\Users\Rama\.m2\repository\org\apache\commons\commons-exec\1.3\commons-exec-1.3.jar:C:\Users\Rama\.m2\repository\com\google\guava\guava\25.0-jre\guava-25.0-jre.jar:C:\Users\Rama\.m2\repository\com\google\code\findbugs\jsr305\1.3.9\jsr305-1.3.9.jar:C:\Users\Rama\.m2\repository\org\checkerframework\checker-compat-qual\2.0.0\checker-compat-qual-2.0.0.jar:C:\Users\Rama\.m2\repository\com\google\errorprone\error_prone_annotations\2.1.3\error_prone_annotations-2.1.3.jar:C:\Users\Rama\.m2\repository\com\google\j2objc\j2objc-annotations\1.1\j2objc-annotations-1.1.jar:C:\Users\Rama\.m2\repository\org\codehaus\mojo\animal-sniffer-annotations\1.14\animal-sniffer-annotations-1.14.jar:C:\Users\Rama\.m2\repository\net\jcip\jcip-annotations\1.0\jcip-annotations-1.0.jar:C:\Users\Rama\.m2\repository\org\seleniumhq\selenium\jetty-repacked\9.4.12.v20180830\jetty-repacked-9.4.12.v20180830.jar:C:\Users\Rama\.m2\repository\com\squareup\okhttp3\okhttp\3.11.0\okhttp-3.11.0.jar:C:\Users\Rama\.m2\repository\com\squareup\okio\okio\1.14.0\okio-1.14.0.jar:C:\Users\Rama\.m2\repository\javax\servlet\javax.servlet-api\3.1.0\javax.servlet-api-3.1.0.jar org.testng.remote.RemoteTestNG -serport 61758 -protocol json -d C:\Users\Rama\eclipse-workspace\first_maven\test-output C:\Users\Rama\AppData\Local\Temp\testng-eclipse--1258815578\testng-customsuite.xml

!ENTRY org.testng.eclipse 1 0 2021-03-02 11:32:32.268
!MESSAGE [TestNGLaunchConfigurationDelegate] Launching:
  Classpath: C:\Users\Rama\eclipse\java-2020-123\eclipse\configuration\org.eclipse.osgi\443\0\.cp\lib\testng-remote.jar C:\Users\Rama\eclipse-workspace\first_maven\target\test-classes C:\Users\Rama\eclipse-workspace\first_maven\target\classes C:\Users\Rama\.p2\pool\plugins\org.testng_7.3.0.r202008060316.jar C:\Users\Rama\.p2\pool\plugins\com.beust.jcommander_1.78.0.jar C:\Users\Rama\.p2\pool\plugins\org.apache-extras.beanshell.bsh_2.0.0.b6.jar C:\Users\Rama\.p2\pool\plugins\org.yaml.snakeyaml_1.21.0.jar C:\Users\Rama\.m2\repository\org\seleniumhq\selenium\selenium-java\4.0.0-alpha-7\selenium-java-4.0.0-alpha-7.jar C:\Users\Rama\.m2\repository\org\seleniumhq\selenium\selenium-api\4.0.0-alpha-7\selenium-api-4.0.0-alpha-7.jar C:\Users\Rama\.m2\repository\org\seleniumhq\selenium\selenium-chrome-driver\4.0.0-alpha-7\selenium-chrome-driver-4.0.0-alpha-7.jar C:\Users\Rama\.m2\repository\com\google\auto\service\auto-service-annotations\1.0-rc7\auto-service-annotations-1.0-rc7.jar C:\Users\Rama\.m2\repository\com\google\auto\service\auto-service\1.0-rc7\auto-service-1.0-rc7.jar C:\Users\Rama\.m2\repository\com\google\auto\auto-common\0.10\auto-common-0.10.jar C:\Users\Rama\.m2\repository\org\seleniumhq\selenium\selenium-chromium-driver\4.0.0-alpha-7\selenium-chromium-driver-4.0.0-alpha-7.jar C:\Users\Rama\.m2\repository\org\seleniumhq\selenium\selenium-devtools\4.0.0-alpha-7\selenium-devtools-4.0.0-alpha-7.jar C:\Users\Rama\.m2\repository\org\seleniumhq\selenium\selenium-http\4.0.0-alpha-7\selenium-http-4.0.0-alpha-7.jar C:\Users\Rama\.m2\repository\org\seleniumhq\selenium\selenium-json\4.0.0-alpha-7\selenium-json-4.0.0-alpha-7.jar C:\Users\Rama\.m2\repository\org\seleniumhq\selenium\selenium-devtools-v84\4.0.0-alpha-7\selenium-devtools-v84-4.0.0-alpha-7.jar C:\Users\Rama\.m2\repository\org\seleniumhq\selenium\selenium-devtools-v85\4.0.0-alpha-7\selenium-devtools-v85-4.0.0-alpha-7.jar C:\Users\Rama\.m2\repository\org\seleniumhq\selenium\selenium-devtools-v86\4.0.0-alpha-7\selenium-devtools-v86-4.0.0-alpha-7.jar C:\Users\Rama\.m2\repository\org\seleniumhq\selenium\selenium-devtools-v87\4.0.0-alpha-7\selenium-devtools-v87-4.0.0-alpha-7.jar C:\Users\Rama\.m2\repository\org\seleniumhq\selenium\selenium-edge-driver\4.0.0-alpha-7\selenium-edge-driver-4.0.0-alpha-7.jar C:\Users\Rama\.m2\repository\org\seleniumhq\selenium\selenium-edgehtml-driver\4.0.0-alpha-7\selenium-edgehtml-driver-4.0.0-alpha-7.jar C:\Users\Rama\.m2\repository\org\seleniumhq\selenium\selenium-firefox-driver\4.0.0-alpha-7\selenium-firefox-driver-4.0.0-alpha-7.jar C:\Users\Rama\.m2\repository\org\seleniumhq\selenium\selenium-firefox-xpi-driver\4.0.0-alpha-7\selenium-firefox-xpi-driver-4.0.0-alpha-7.jar C:\Users\Rama\.m2\repository\org\seleniumhq\selenium\selenium-ie-driver\4.0.0-alpha-7\selenium-ie-driver-4.0.0-alpha-7.jar C:\Users\Rama\.m2\repository\org\seleniumhq\selenium\selenium-opera-driver\4.0.0-alpha-7\selenium-opera-driver-4.0.0-alpha-7.jar C:\Users\Rama\.m2\repository\org\seleniumhq\selenium\selenium-remote-driver\4.0.0-alpha-7\selenium-remote-driver-4.0.0-alpha-7.jar C:\Users\Rama\.m2\repository\com\typesafe\netty\netty-reactive-streams\2.0.4\netty-reactive-streams-2.0.4.jar C:\Users\Rama\.m2\repository\io\netty\netty-handler\4.1.43.Final\netty-handler-4.1.43.Final.jar C:\Users\Rama\.m2\repository\org\reactivestreams\reactive-streams\1.0.3\reactive-streams-1.0.3.jar C:\Users\Rama\.m2\repository\io\grpc\grpc-context\1.32.1\grpc-context-1.32.1.jar C:\Users\Rama\.m2\repository\io\netty\netty-buffer\4.1.53.Final\netty-buffer-4.1.53.Final.jar C:\Users\Rama\.m2\repository\io\netty\netty-codec-http\4.1.53.Final\netty-codec-http-4.1.53.Final.jar C:\Users\Rama\.m2\repository\io\netty\netty-codec\4.1.53.Final\netty-codec-4.1.53.Final.jar C:\Users\Rama\.m2\repository\io\netty\netty-common\4.1.53.Final\netty-common-4.1.53.Final.jar C:\Users\Rama\.m2\repository\io\netty\netty-transport-native-epoll\4.1.53.Final\netty-transport-native-epoll-4.1.53.Final.jar C:\Users\Rama\.m2\repository\io\netty\netty-transport-native-epoll\4.1.53.Final\netty-transport-native-epoll-4.1.53.Final-linux-x86_64.jar C:\Users\Rama\.m2\repository\io\netty\netty-transport-native-kqueue\4.1.53.Final\netty-transport-native-kqueue-4.1.53.Final.jar C:\Users\Rama\.m2\repository\io\netty\netty-transport-native-kqueue\4.1.53.Final\netty-transport-native-kqueue-4.1.53.Final-osx-x86_64.jar C:\Users\Rama\.m2\repository\io\netty\netty-transport-native-unix-common\4.1.53.Final\netty-transport-native-unix-common-4.1.53.Final.jar C:\Users\Rama\.m2\repository\io\netty\netty-transport\4.1.53.Final\netty-transport-4.1.53.Final.jar C:\Users\Rama\.m2\repository\io\netty\netty-resolver\4.1.53.Final\netty-resolver-4.1.53.Final.jar C:\Users\Rama\.m2\repository\io\opentelemetry\opentelemetry-api\0.9.1\opentelemetry-api-0.9.1.jar C:\Users\Rama\.m2\repository\io\opentelemetry\opentelemetry-context-prop\0.9.1\opentelemetry-context-prop-0.9.1.jar C:\Users\Rama\.m2\repository\io\opentelemetry\opentelemetry-sdk\0.9.1\opentelemetry-sdk-0.9.1.jar C:\Users\Rama\.m2\repository\io\opentelemetry\opentelemetry-sdk-common\0.9.1\opentelemetry-sdk-common-0.9.1.jar C:\Users\Rama\.m2\repository\io\opentelemetry\opentelemetry-sdk-baggage\0.9.1\opentelemetry-sdk-baggage-0.9.1.jar C:\Users\Rama\.m2\repository\io\opentelemetry\opentelemetry-sdk-metrics\0.9.1\opentelemetry-sdk-metrics-0.9.1.jar C:\Users\Rama\.m2\repository\io\opentelemetry\opentelemetry-sdk-tracing\0.9.1\opentelemetry-sdk-tracing-0.9.1.jar C:\Users\Rama\.m2\repository\io\projectreactor\netty\reactor-netty-http\1.0.0\reactor-netty-http-1.0.0.jar C:\Users\Rama\.m2\repository\io\netty\netty-codec-http2\4.1.53.Final\netty-codec-http2-4.1.53.Final.jar C:\Users\Rama\.m2\repository\io\netty\netty-resolver-dns\4.1.53.Final\netty-resolver-dns-4.1.53.Final.jar C:\Users\Rama\.m2\repository\io\netty\netty-codec-dns\4.1.53.Final\netty-codec-dns-4.1.53.Final.jar C:\Users\Rama\.m2\repository\io\projectreactor\netty\reactor-netty-core\1.0.0\reactor-netty-core-1.0.0.jar C:\Users\Rama\.m2\repository\io\projectreactor\netty\reactor-netty\1.0.0\reactor-netty-1.0.0.jar C:\Users\Rama\.m2\repository\io\projectreactor\netty\reactor-netty-http-brave\1.0.0\reactor-netty-http-brave-1.0.0.jar C:\Users\Rama\.m2\repository\io\zipkin\brave\brave-instrumentation-http\5.12.7\brave-instrumentation-http-5.12.7.jar C:\Users\Rama\.m2\repository\io\zipkin\brave\brave\5.12.7\brave-5.12.7.jar C:\Users\Rama\.m2\repository\io\zipkin\reporter2\zipkin-reporter-brave\2.15.2\zipkin-reporter-brave-2.15.2.jar C:\Users\Rama\.m2\repository\io\zipkin\reporter2\zipkin-reporter\2.15.2\zipkin-reporter-2.15.2.jar C:\Users\Rama\.m2\repository\io\zipkin\zipkin2\zipkin\2.21.7\zipkin-2.21.7.jar C:\Users\Rama\.m2\repository\io\projectreactor\reactor-core\3.4.0\reactor-core-3.4.0.jar C:\Users\Rama\.m2\repository\org\asynchttpclient\async-http-client\2.12.1\async-http-client-2.12.1.jar C:\Users\Rama\.m2\repository\org\asynchttpclient\async-http-client-netty-utils\2.12.1\async-http-client-netty-utils-2.12.1.jar C:\Users\Rama\.m2\repository\io\netty\netty-codec-socks\4.1.48.Final\netty-codec-socks-4.1.48.Final.jar C:\Users\Rama\.m2\repository\io\netty\netty-handler-proxy\4.1.48.Final\netty-handler-proxy-4.1.48.Final.jar C:\Users\Rama\.m2\repository\org\slf4j\slf4j-api\1.7.30\slf4j-api-1.7.30.jar C:\Users\Rama\.m2\repository\com\sun\activation\javax.activation\1.2.0\javax.activation-1.2.0.jar C:\Users\Rama\.m2\repository\org\seleniumhq\selenium\selenium-safari-driver\4.0.0-alpha-7\selenium-safari-driver-4.0.0-alpha-7.jar C:\Users\Rama\.m2\repository\org\seleniumhq\selenium\selenium-support\4.0.0-alpha-7\selenium-support-4.0.0-alpha-7.jar C:\Users\Rama\.m2\repository\org\testng\testng\7.3.0\testng-7.3.0.jar C:\Users\Rama\.m2\repository\com\beust\jcommander\1.78\jcommander-1.78.jar C:\Users\Rama\.m2\repository\org\apache\ant\ant\1.10.3\ant-1.10.3.jar C:\Users\Rama\.m2\repository\org\apache\ant\ant-launcher\1.10.3\ant-launcher-1.10.3.jar C:\Users\Rama\.m2\repository\junit\junit\4.12\junit-4.12.jar C:\Users\Rama\.m2\repository\org\hamcrest\hamcrest-core\1.3\hamcrest-core-1.3.jar C:\Users\Rama\.m2\repository\com\google\inject\guice\4.2.2\guice-4.2.2-no_aop.jar C:\Users\Rama\.m2\repository\javax\inject\javax.inject\1\javax.inject-1.jar C:\Users\Rama\.m2\repository\aopalliance\aopalliance\1.0\aopalliance-1.0.jar C:\Users\Rama\.m2\repository\org\yaml\snakeyaml\1.21\snakeyaml-1.21.jar C:\Users\Rama\.m2\repository\info\cukes\cucumber-junit\1.2.5\cucumber-junit-1.2.5.jar C:\Users\Rama\.m2\repository\info\cukes\cucumber-core\1.2.5\cucumber-core-1.2.5.jar C:\Users\Rama\.m2\repository\info\cukes\cucumber-html\0.2.3\cucumber-html-0.2.3.jar C:\Users\Rama\.m2\repository\info\cukes\cucumber-jvm-deps\1.0.5\cucumber-jvm-deps-1.0.5.jar C:\Users\Rama\.m2\repository\info\cukes\gherkin\2.12.2\gherkin-2.12.2.jar C:\Users\Rama\.m2\repository\org\seleniumhq\selenium\selenium-server\3.141.59\selenium-server-3.141.59.jar C:\Users\Rama\.m2\repository\net\bytebuddy\byte-buddy\1.8.15\byte-buddy-1.8.15.jar C:\Users\Rama\.m2\repository\org\apache\commons\commons-exec\1.3\commons-exec-1.3.jar C:\Users\Rama\.m2\repository\com\google\guava\guava\25.0-jre\guava-25.0-jre.jar C:\Users\Rama\.m2\repository\com\google\code\findbugs\jsr305\1.3.9\jsr305-1.3.9.jar C:\Users\Rama\.m2\repository\org\checkerframework\checker-compat-qual\2.0.0\checker-compat-qual-2.0.0.jar C:\Users\Rama\.m2\repository\com\google\errorprone\error_prone_annotations\2.1.3\error_prone_annotations-2.1.3.jar C:\Users\Rama\.m2\repository\com\google\j2objc\j2objc-annotations\1.1\j2objc-annotations-1.1.jar C:\Users\Rama\.m2\repository\org\codehaus\mojo\animal-sniffer-annotations\1.14\animal-sniffer-annotations-1.14.jar C:\Users\Rama\.m2\repository\net\jcip\jcip-annotations\1.0\jcip-annotations-1.0.jar C:\Users\Rama\.m2\repository\org\seleniumhq\selenium\jetty-repacked\9.4.12.v20180830\jetty-repacked-9.4.12.v20180830.jar C:\Users\Rama\.m2\repository\com\squareup\okhttp3\okhttp\3.11.0\okhttp-3.11.0.jar C:\Users\Rama\.m2\repository\com\squareup\okio\okio\1.14.0\okio-1.14.0.jar C:\Users\Rama\.m2\repository\javax\servlet\javax.servlet-api\3.1.0\javax.servlet-api-3.1.0.jar
  VMArgs:    -ea
  Class:     org.testng.remote.RemoteTestNG
  Args:      -serport 62390 -protocol json -d C:\Users\Rama\eclipse-workspace\first_maven\test-output C:\Users\Rama\AppData\Local\Temp\testng-eclipse--970143942\testng-customsuite.xml
java -ea -classpath C:\Users\Rama\eclipse\java-2020-123\eclipse\configuration\org.eclipse.osgi\443\0\.cp\lib\testng-remote.jar:C:\Users\Rama\eclipse-workspace\first_maven\target\test-classes:C:\Users\Rama\eclipse-workspace\first_maven\target\classes:C:\Users\Rama\.p2\pool\plugins\org.testng_7.3.0.r202008060316.jar:C:\Users\Rama\.p2\pool\plugins\com.beust.jcommander_1.78.0.jar:C:\Users\Rama\.p2\pool\plugins\org.apache-extras.beanshell.bsh_2.0.0.b6.jar:C:\Users\Rama\.p2\pool\plugins\org.yaml.snakeyaml_1.21.0.jar:C:\Users\Rama\.m2\repository\org\seleniumhq\selenium\selenium-java\4.0.0-alpha-7\selenium-java-4.0.0-alpha-7.jar:C:\Users\Rama\.m2\repository\org\seleniumhq\selenium\selenium-api\4.0.0-alpha-7\selenium-api-4.0.0-alpha-7.jar:C:\Users\Rama\.m2\repository\org\seleniumhq\selenium\selenium-chrome-driver\4.0.0-alpha-7\selenium-chrome-driver-4.0.0-alpha-7.jar:C:\Users\Rama\.m2\repository\com\google\auto\service\auto-service-annotations\1.0-rc7\auto-service-annotations-1.0-rc7.jar:C:\Users\Rama\.m2\repository\com\google\auto\service\auto-service\1.0-rc7\auto-service-1.0-rc7.jar:C:\Users\Rama\.m2\repository\com\google\auto\auto-common\0.10\auto-common-0.10.jar:C:\Users\Rama\.m2\repository\org\seleniumhq\selenium\selenium-chromium-driver\4.0.0-alpha-7\selenium-chromium-driver-4.0.0-alpha-7.jar:C:\Users\Rama\.m2\repository\org\seleniumhq\selenium\selenium-devtools\4.0.0-alpha-7\selenium-devtools-4.0.0-alpha-7.jar:C:\Users\Rama\.m2\repository\org\seleniumhq\selenium\selenium-http\4.0.0-alpha-7\selenium-http-4.0.0-alpha-7.jar:C:\Users\Rama\.m2\repository\org\seleniumhq\selenium\selenium-json\4.0.0-alpha-7\selenium-json-4.0.0-alpha-7.jar:C:\Users\Rama\.m2\repository\org\seleniumhq\selenium\selenium-devtools-v84\4.0.0-alpha-7\selenium-devtools-v84-4.0.0-alpha-7.jar:C:\Users\Rama\.m2\repository\org\seleniumhq\selenium\selenium-devtools-v85\4.0.0-alpha-7\selenium-devtools-v85-4.0.0-alpha-7.jar:C:\Users\Rama\.m2\repository\org\seleniumhq\selenium\selenium-devtools-v86\4.0.0-alpha-7\selenium-devtools-v86-4.0.0-alpha-7.jar:C:\Users\Rama\.m2\repository\org\seleniumhq\selenium\selenium-devtools-v87\4.0.0-alpha-7\selenium-devtools-v87-4.0.0-alpha-7.jar:C:\Users\Rama\.m2\repository\org\seleniumhq\selenium\selenium-edge-driver\4.0.0-alpha-7\selenium-edge-driver-4.0.0-alpha-7.jar:C:\Users\Rama\.m2\repository\org\seleniumhq\selenium\selenium-edgehtml-driver\4.0.0-alpha-7\selenium-edgehtml-driver-4.0.0-alpha-7.jar:C:\Users\Rama\.m2\repository\org\seleniumhq\selenium\selenium-firefox-driver\4.0.0-alpha-7\selenium-firefox-driver-4.0.0-alpha-7.jar:C:\Users\Rama\.m2\repository\org\seleniumhq\selenium\selenium-firefox-xpi-driver\4.0.0-alpha-7\selenium-firefox-xpi-driver-4.0.0-alpha-7.jar:C:\Users\Rama\.m2\repository\org\seleniumhq\selenium\selenium-ie-driver\4.0.0-alpha-7\selenium-ie-driver-4.0.0-alpha-7.jar:C:\Users\Rama\.m2\repository\org\seleniumhq\selenium\selenium-opera-driver\4.0.0-alpha-7\selenium-opera-driver-4.0.0-alpha-7.jar:C:\Users\Rama\.m2\repository\org\seleniumhq\selenium\selenium-remote-driver\4.0.0-alpha-7\selenium-remote-driver-4.0.0-alpha-7.jar:C:\Users\Rama\.m2\repository\com\typesafe\netty\netty-reactive-streams\2.0.4\netty-reactive-streams-2.0.4.jar:C:\Users\Rama\.m2\repository\io\netty\netty-handler\4.1.43.Final\netty-handler-4.1.43.Final.jar:C:\Users\Rama\.m2\repository\org\reactivestreams\reactive-streams\1.0.3\reactive-streams-1.0.3.jar:C:\Users\Rama\.m2\repository\io\grpc\grpc-context\1.32.1\grpc-context-1.32.1.jar:C:\Users\Rama\.m2\repository\io\netty\netty-buffer\4.1.53.Final\netty-buffer-4.1.53.Final.jar:C:\Users\Rama\.m2\repository\io\netty\netty-codec-http\4.1.53.Final\netty-codec-http-4.1.53.Final.jar:C:\Users\Rama\.m2\repository\io\netty\netty-codec\4.1.53.Final\netty-codec-4.1.53.Final.jar:C:\Users\Rama\.m2\repository\io\netty\netty-common\4.1.53.Final\netty-common-4.1.53.Final.jar:C:\Users\Rama\.m2\repository\io\netty\netty-transport-native-epoll\4.1.53.Final\netty-transport-native-epoll-4.1.53.Final.jar:C:\Users\Rama\.m2\repository\io\netty\netty-transport-native-epoll\4.1.53.Final\netty-transport-native-epoll-4.1.53.Final-linux-x86_64.jar:C:\Users\Rama\.m2\repository\io\netty\netty-transport-native-kqueue\4.1.53.Final\netty-transport-native-kqueue-4.1.53.Final.jar:C:\Users\Rama\.m2\repository\io\netty\netty-transport-native-kqueue\4.1.53.Final\netty-transport-native-kqueue-4.1.53.Final-osx-x86_64.jar:C:\Users\Rama\.m2\repository\io\netty\netty-transport-native-unix-common\4.1.53.Final\netty-transport-native-unix-common-4.1.53.Final.jar:C:\Users\Rama\.m2\repository\io\netty\netty-transport\4.1.53.Final\netty-transport-4.1.53.Final.jar:C:\Users\Rama\.m2\repository\io\netty\netty-resolver\4.1.53.Final\netty-resolver-4.1.53.Final.jar:C:\Users\Rama\.m2\repository\io\opentelemetry\opentelemetry-api\0.9.1\opentelemetry-api-0.9.1.jar:C:\Users\Rama\.m2\repository\io\opentelemetry\opentelemetry-context-prop\0.9.1\opentelemetry-context-prop-0.9.1.jar:C:\Users\Rama\.m2\repository\io\opentelemetry\opentelemetry-sdk\0.9.1\opentelemetry-sdk-0.9.1.jar:C:\Users\Rama\.m2\repository\io\opentelemetry\opentelemetry-sdk-common\0.9.1\opentelemetry-sdk-common-0.9.1.jar:C:\Users\Rama\.m2\repository\io\opentelemetry\opentelemetry-sdk-baggage\0.9.1\opentelemetry-sdk-baggage-0.9.1.jar:C:\Users\Rama\.m2\repository\io\opentelemetry\opentelemetry-sdk-metrics\0.9.1\opentelemetry-sdk-metrics-0.9.1.jar:C:\Users\Rama\.m2\repository\io\opentelemetry\opentelemetry-sdk-tracing\0.9.1\opentelemetry-sdk-tracing-0.9.1.jar:C:\Users\Rama\.m2\repository\io\projectreactor\netty\reactor-netty-http\1.0.0\reactor-netty-http-1.0.0.jar:C:\Users\Rama\.m2\repository\io\netty\netty-codec-http2\4.1.53.Final\netty-codec-http2-4.1.53.Final.jar:C:\Users\Rama\.m2\repository\io\netty\netty-resolver-dns\4.1.53.Final\netty-resolver-dns-4.1.53.Final.jar:C:\Users\Rama\.m2\repository\io\netty\netty-codec-dns\4.1.53.Final\netty-codec-dns-4.1.53.Final.jar:C:\Users\Rama\.m2\repository\io\projectreactor\netty\reactor-netty-core\1.0.0\reactor-netty-core-1.0.0.jar:C:\Users\Rama\.m2\repository\io\projectreactor\netty\reactor-netty\1.0.0\reactor-netty-1.0.0.jar:C:\Users\Rama\.m2\repository\io\projectreactor\netty\reactor-netty-http-brave\1.0.0\reactor-netty-http-brave-1.0.0.jar:C:\Users\Rama\.m2\repository\io\zipkin\brave\brave-instrumentation-http\5.12.7\brave-instrumentation-http-5.12.7.jar:C:\Users\Rama\.m2\repository\io\zipkin\brave\brave\5.12.7\brave-5.12.7.jar:C:\Users\Rama\.m2\repository\io\zipkin\reporter2\zipkin-reporter-brave\2.15.2\zipkin-reporter-brave-2.15.2.jar:C:\Users\Rama\.m2\repository\io\zipkin\reporter2\zipkin-reporter\2.15.2\zipkin-reporter-2.15.2.jar:C:\Users\Rama\.m2\repository\io\zipkin\zipkin2\zipkin\2.21.7\zipkin-2.21.7.jar:C:\Users\Rama\.m2\repository\io\projectreactor\reactor-core\3.4.0\reactor-core-3.4.0.jar:C:\Users\Rama\.m2\repository\org\asynchttpclient\async-http-client\2.12.1\async-http-client-2.12.1.jar:C:\Users\Rama\.m2\repository\org\asynchttpclient\async-http-client-netty-utils\2.12.1\async-http-client-netty-utils-2.12.1.jar:C:\Users\Rama\.m2\repository\io\netty\netty-codec-socks\4.1.48.Final\netty-codec-socks-4.1.48.Final.jar:C:\Users\Rama\.m2\repository\io\netty\netty-handler-proxy\4.1.48.Final\netty-handler-proxy-4.1.48.Final.jar:C:\Users\Rama\.m2\repository\org\slf4j\slf4j-api\1.7.30\slf4j-api-1.7.30.jar:C:\Users\Rama\.m2\repository\com\sun\activation\javax.activation\1.2.0\javax.activation-1.2.0.jar:C:\Users\Rama\.m2\repository\org\seleniumhq\selenium\selenium-safari-driver\4.0.0-alpha-7\selenium-safari-driver-4.0.0-alpha-7.jar:C:\Users\Rama\.m2\repository\org\seleniumhq\selenium\selenium-support\4.0.0-alpha-7\selenium-support-4.0.0-alpha-7.jar:C:\Users\Rama\.m2\repository\org\testng\testng\7.3.0\testng-7.3.0.jar:C:\Users\Rama\.m2\repository\com\beust\jcommander\1.78\jcommander-1.78.jar:C:\Users\Rama\.m2\repository\org\apache\ant\ant\1.10.3\ant-1.10.3.jar:C:\Users\Rama\.m2\repository\org\apache\ant\ant-launcher\1.10.3\ant-launcher-1.10.3.jar:C:\Users\Rama\.m2\repository\junit\junit\4.12\junit-4.12.jar:C:\Users\Rama\.m2\repository\org\hamcrest\hamcrest-core\1.3\hamcrest-core-1.3.jar:C:\Users\Rama\.m2\repository\com\google\inject\guice\4.2.2\guice-4.2.2-no_aop.jar:C:\Users\Rama\.m2\repository\javax\inject\javax.inject\1\javax.inject-1.jar:C:\Users\Rama\.m2\repository\aopalliance\aopalliance\1.0\aopalliance-1.0.jar:C:\Users\Rama\.m2\repository\org\yaml\snakeyaml\1.21\snakeyaml-1.21.jar:C:\Users\Rama\.m2\repository\info\cukes\cucumber-junit\1.2.5\cucumber-junit-1.2.5.jar:C:\Users\Rama\.m2\repository\info\cukes\cucumber-core\1.2.5\cucumber-core-1.2.5.jar:C:\Users\Rama\.m2\repository\info\cukes\cucumber-html\0.2.3\cucumber-html-0.2.3.jar:C:\Users\Rama\.m2\repository\info\cukes\cucumber-jvm-deps\1.0.5\cucumber-jvm-deps-1.0.5.jar:C:\Users\Rama\.m2\repository\info\cukes\gherkin\2.12.2\gherkin-2.12.2.jar:C:\Users\Rama\.m2\repository\org\seleniumhq\selenium\selenium-server\3.141.59\selenium-server-3.141.59.jar:C:\Users\Rama\.m2\repository\net\bytebuddy\byte-buddy\1.8.15\byte-buddy-1.8.15.jar:C:\Users\Rama\.m2\repository\org\apache\commons\commons-exec\1.3\commons-exec-1.3.jar:C:\Users\Rama\.m2\repository\com\google\guava\guava\25.0-jre\guava-25.0-jre.jar:C:\Users\Rama\.m2\repository\com\google\code\findbugs\jsr305\1.3.9\jsr305-1.3.9.jar:C:\Users\Rama\.m2\repository\org\checkerframework\checker-compat-qual\2.0.0\checker-compat-qual-2.0.0.jar:C:\Users\Rama\.m2\repository\com\google\errorprone\error_prone_annotations\2.1.3\error_prone_annotations-2.1.3.jar:C:\Users\Rama\.m2\repository\com\google\j2objc\j2objc-annotations\1.1\j2objc-annotations-1.1.jar:C:\Users\Rama\.m2\repository\org\codehaus\mojo\animal-sniffer-annotations\1.14\animal-sniffer-annotations-1.14.jar:C:\Users\Rama\.m2\repository\net\jcip\jcip-annotations\1.0\jcip-annotations-1.0.jar:C:\Users\Rama\.m2\repository\org\seleniumhq\selenium\jetty-repacked\9.4.12.v20180830\jetty-repacked-9.4.12.v20180830.jar:C:\Users\Rama\.m2\repository\com\squareup\okhttp3\okhttp\3.11.0\okhttp-3.11.0.jar:C:\Users\Rama\.m2\repository\com\squareup\okio\okio\1.14.0\okio-1.14.0.jar:C:\Users\Rama\.m2\repository\javax\servlet\javax.servlet-api\3.1.0\javax.servlet-api-3.1.0.jar org.testng.remote.RemoteTestNG -serport 62390 -protocol json -d C:\Users\Rama\eclipse-workspace\first_maven\test-output C:\Users\Rama\AppData\Local\Temp\testng-eclipse--970143942\testng-customsuite.xml

!ENTRY org.eclipse.jdt.junit.core 4 4 2021-03-02 11:33:11.817
!MESSAGE Error
!STACK 0
java.lang.Exception: Unexpected TestElement type for testId '5': TestSuite: | Samuel | Miller | sammillerjoe12@gmail.com | Pass@123 | 12 | Dec | 1989 | Male | : Not Started - Undefined (6)
	at org.eclipse.jdt.internal.junit.model.TestRunSession$TestSessionNotifier.logUnexpectedTest(TestRunSession.java:801)
	at org.eclipse.jdt.internal.junit.model.TestRunSession$TestSessionNotifier.testStarted(TestRunSession.java:708)
	at org.eclipse.jdt.internal.junit.model.RemoteTestRunnerClient$5.run(RemoteTestRunnerClient.java:537)
	at org.eclipse.core.runtime.SafeRunner.run(SafeRunner.java:45)
	at org.eclipse.jdt.internal.junit.model.RemoteTestRunnerClient.notifyTestStarted(RemoteTestRunnerClient.java:533)
	at org.eclipse.jdt.internal.junit.model.RemoteTestRunnerClient.access$6(RemoteTestRunnerClient.java:529)
	at org.eclipse.jdt.internal.junit.model.RemoteTestRunnerClient$DefaultProcessingState.readMessage(RemoteTestRunnerClient.java:92)
	at org.eclipse.jdt.internal.junit.model.RemoteTestRunnerClient.receiveMessage(RemoteTestRunnerClient.java:378)
	at org.eclipse.jdt.internal.junit.model.RemoteTestRunnerClient.access$27(RemoteTestRunnerClient.java:377)
	at org.eclipse.jdt.internal.junit.model.RemoteTestRunnerClient$ServerConnection.run(RemoteTestRunnerClient.java:273)

!ENTRY org.eclipse.jdt.junit.core 4 4 2021-03-02 11:34:24.839
!MESSAGE Error
!STACK 0
java.lang.Exception: Unexpected TestElement type for testId '5': TestSuite: | Samuel | Miller | sammillerjoe12@gmail.com | Pass@123 | 12 | Dec | 1989 | Male | : Completed - OK (6)
	at org.eclipse.jdt.internal.junit.model.TestRunSession$TestSessionNotifier.logUnexpectedTest(TestRunSession.java:801)
	at org.eclipse.jdt.internal.junit.model.TestRunSession$TestSessionNotifier.testEnded(TestRunSession.java:738)
	at org.eclipse.jdt.internal.junit.model.RemoteTestRunnerClient$4.run(RemoteTestRunnerClient.java:523)
	at org.eclipse.core.runtime.SafeRunner.run(SafeRunner.java:45)
	at org.eclipse.jdt.internal.junit.model.RemoteTestRunnerClient.notifyTestEnded(RemoteTestRunnerClient.java:519)
	at org.eclipse.jdt.internal.junit.model.RemoteTestRunnerClient.access$7(RemoteTestRunnerClient.java:515)
	at org.eclipse.jdt.internal.junit.model.RemoteTestRunnerClient$DefaultProcessingState.readMessage(RemoteTestRunnerClient.java:96)
	at org.eclipse.jdt.internal.junit.model.RemoteTestRunnerClient.receiveMessage(RemoteTestRunnerClient.java:378)
	at org.eclipse.jdt.internal.junit.model.RemoteTestRunnerClient.access$27(RemoteTestRunnerClient.java:377)
	at org.eclipse.jdt.internal.junit.model.RemoteTestRunnerClient$ServerConnection.run(RemoteTestRunnerClient.java:273)

!ENTRY org.eclipse.jdt.junit.core 4 4 2021-03-02 11:34:24.847
!MESSAGE Error
!STACK 0
java.lang.Exception: Unexpected TestElement type for testId '12': TestSuite: | Kurt | Wyatt | wyatt23@gmail.com | Pass@@143 | 23 | Oct | 2000 | Female | : Not Started - Undefined (6)
	at org.eclipse.jdt.internal.junit.model.TestRunSession$TestSessionNotifier.logUnexpectedTest(TestRunSession.java:801)
	at org.eclipse.jdt.internal.junit.model.TestRunSession$TestSessionNotifier.testStarted(TestRunSession.java:708)
	at org.eclipse.jdt.internal.junit.model.RemoteTestRunnerClient$5.run(RemoteTestRunnerClient.java:537)
	at org.eclipse.core.runtime.SafeRunner.run(SafeRunner.java:45)
	at org.eclipse.jdt.internal.junit.model.RemoteTestRunnerClient.notifyTestStarted(RemoteTestRunnerClient.java:533)
	at org.eclipse.jdt.internal.junit.model.RemoteTestRunnerClient.access$6(RemoteTestRunnerClient.java:529)
	at org.eclipse.jdt.internal.junit.model.RemoteTestRunnerClient$DefaultProcessingState.readMessage(RemoteTestRunnerClient.java:92)
	at org.eclipse.jdt.internal.junit.model.RemoteTestRunnerClient.receiveMessage(RemoteTestRunnerClient.java:378)
	at org.eclipse.jdt.internal.junit.model.RemoteTestRunnerClient.access$27(RemoteTestRunnerClient.java:377)
	at org.eclipse.jdt.internal.junit.model.RemoteTestRunnerClient$ServerConnection.run(RemoteTestRunnerClient.java:273)

!ENTRY org.eclipse.jdt.junit.core 4 4 2021-03-02 11:34:42.089
!MESSAGE Error
!STACK 0
java.lang.Exception: Unexpected TestElement type for testId '12': TestSuite: | Kurt | Wyatt | wyatt23@gmail.com | Pass@@143 | 23 | Oct | 2000 | Female | : Completed - OK (6)
	at org.eclipse.jdt.internal.junit.model.TestRunSession$TestSessionNotifier.logUnexpectedTest(TestRunSession.java:801)
	at org.eclipse.jdt.internal.junit.model.TestRunSession$TestSessionNotifier.testEnded(TestRunSession.java:738)
	at org.eclipse.jdt.internal.junit.model.RemoteTestRunnerClient$4.run(RemoteTestRunnerClient.java:523)
	at org.eclipse.core.runtime.SafeRunner.run(SafeRunner.java:45)
	at org.eclipse.jdt.internal.junit.model.RemoteTestRunnerClient.notifyTestEnded(RemoteTestRunnerClient.java:519)
	at org.eclipse.jdt.internal.junit.model.RemoteTestRunnerClient.access$7(RemoteTestRunnerClient.java:515)
	at org.eclipse.jdt.internal.junit.model.RemoteTestRunnerClient$DefaultProcessingState.readMessage(RemoteTestRunnerClient.java:96)
	at org.eclipse.jdt.internal.junit.model.RemoteTestRunnerClient.receiveMessage(RemoteTestRunnerClient.java:378)
	at org.eclipse.jdt.internal.junit.model.RemoteTestRunnerClient.access$27(RemoteTestRunnerClient.java:377)
	at org.eclipse.jdt.internal.junit.model.RemoteTestRunnerClient$ServerConnection.run(RemoteTestRunnerClient.java:273)

!ENTRY org.eclipse.jdt.junit.core 4 4 2021-03-02 11:41:33.283
!MESSAGE Error
!STACK 0
java.lang.Exception: Unexpected TestElement type for testId '5': TestSuite: | Samuel | Miller | sammillerjoe12@gmail.com | Pass@123 | 12 | Dec | 1989 | Male | : Not Started - Undefined (6)
	at org.eclipse.jdt.internal.junit.model.TestRunSession$TestSessionNotifier.logUnexpectedTest(TestRunSession.java:801)
	at org.eclipse.jdt.internal.junit.model.TestRunSession$TestSessionNotifier.testStarted(TestRunSession.java:708)
	at org.eclipse.jdt.internal.junit.model.RemoteTestRunnerClient$5.run(RemoteTestRunnerClient.java:537)
	at org.eclipse.core.runtime.SafeRunner.run(SafeRunner.java:45)
	at org.eclipse.jdt.internal.junit.model.RemoteTestRunnerClient.notifyTestStarted(RemoteTestRunnerClient.java:533)
	at org.eclipse.jdt.internal.junit.model.RemoteTestRunnerClient.access$6(RemoteTestRunnerClient.java:529)
	at org.eclipse.jdt.internal.junit.model.RemoteTestRunnerClient$DefaultProcessingState.readMessage(RemoteTestRunnerClient.java:92)
	at org.eclipse.jdt.internal.junit.model.RemoteTestRunnerClient.receiveMessage(RemoteTestRunnerClient.java:378)
	at org.eclipse.jdt.internal.junit.model.RemoteTestRunnerClient.access$27(RemoteTestRunnerClient.java:377)
	at org.eclipse.jdt.internal.junit.model.RemoteTestRunnerClient$ServerConnection.run(RemoteTestRunnerClient.java:273)

!ENTRY org.eclipse.jdt.junit.core 4 4 2021-03-02 11:42:29.583
!MESSAGE Error
!STACK 0
java.lang.Exception: Unexpected TestElement type for testId '5': TestSuite: | Samuel | Miller | sammillerjoe12@gmail.com | Pass@123 | 12 | Dec | 1989 | Male | : Completed - OK (6)
	at org.eclipse.jdt.internal.junit.model.TestRunSession$TestSessionNotifier.logUnexpectedTest(TestRunSession.java:801)
	at org.eclipse.jdt.internal.junit.model.TestRunSession$TestSessionNotifier.testEnded(TestRunSession.java:738)
	at org.eclipse.jdt.internal.junit.model.RemoteTestRunnerClient$4.run(RemoteTestRunnerClient.java:523)
	at org.eclipse.core.runtime.SafeRunner.run(SafeRunner.java:45)
	at org.eclipse.jdt.internal.junit.model.RemoteTestRunnerClient.notifyTestEnded(RemoteTestRunnerClient.java:519)
	at org.eclipse.jdt.internal.junit.model.RemoteTestRunnerClient.access$7(RemoteTestRunnerClient.java:515)
	at org.eclipse.jdt.internal.junit.model.RemoteTestRunnerClient$DefaultProcessingState.readMessage(RemoteTestRunnerClient.java:96)
	at org.eclipse.jdt.internal.junit.model.RemoteTestRunnerClient.receiveMessage(RemoteTestRunnerClient.java:378)
	at org.eclipse.jdt.internal.junit.model.RemoteTestRunnerClient.access$27(RemoteTestRunnerClient.java:377)
	at org.eclipse.jdt.internal.junit.model.RemoteTestRunnerClient$ServerConnection.run(RemoteTestRunnerClient.java:273)

!ENTRY org.eclipse.jdt.junit.core 4 4 2021-03-02 11:42:29.585
!MESSAGE Error
!STACK 0
java.lang.Exception: Unexpected TestElement type for testId '12': TestSuite: | Kurt | Wyatt | wyatt23@gmail.com | Pass@@143 | 23 | Oct | 2000 | Female | : Not Started - Undefined (6)
	at org.eclipse.jdt.internal.junit.model.TestRunSession$TestSessionNotifier.logUnexpectedTest(TestRunSession.java:801)
	at org.eclipse.jdt.internal.junit.model.TestRunSession$TestSessionNotifier.testStarted(TestRunSession.java:708)
	at org.eclipse.jdt.internal.junit.model.RemoteTestRunnerClient$5.run(RemoteTestRunnerClient.java:537)
	at org.eclipse.core.runtime.SafeRunner.run(SafeRunner.java:45)
	at org.eclipse.jdt.internal.junit.model.RemoteTestRunnerClient.notifyTestStarted(RemoteTestRunnerClient.java:533)
	at org.eclipse.jdt.internal.junit.model.RemoteTestRunnerClient.access$6(RemoteTestRunnerClient.java:529)
	at org.eclipse.jdt.internal.junit.model.RemoteTestRunnerClient$DefaultProcessingState.readMessage(RemoteTestRunnerClient.java:92)
	at org.eclipse.jdt.internal.junit.model.RemoteTestRunnerClient.receiveMessage(RemoteTestRunnerClient.java:378)
	at org.eclipse.jdt.internal.junit.model.RemoteTestRunnerClient.access$27(RemoteTestRunnerClient.java:377)
	at org.eclipse.jdt.internal.junit.model.RemoteTestRunnerClient$ServerConnection.run(RemoteTestRunnerClient.java:273)

!ENTRY org.eclipse.jdt.junit.core 4 4 2021-03-02 11:42:38.877
!MESSAGE Error
!STACK 0
java.lang.Exception: Unexpected TestElement type for testId '12': TestSuite: | Kurt | Wyatt | wyatt23@gmail.com | Pass@@143 | 23 | Oct | 2000 | Female | : Completed - OK (6)
	at org.eclipse.jdt.internal.junit.model.TestRunSession$TestSessionNotifier.logUnexpectedTest(TestRunSession.java:801)
	at org.eclipse.jdt.internal.junit.model.TestRunSession$TestSessionNotifier.testEnded(TestRunSession.java:738)
	at org.eclipse.jdt.internal.junit.model.RemoteTestRunnerClient$4.run(RemoteTestRunnerClient.java:523)
	at org.eclipse.core.runtime.SafeRunner.run(SafeRunner.java:45)
	at org.eclipse.jdt.internal.junit.model.RemoteTestRunnerClient.notifyTestEnded(RemoteTestRunnerClient.java:519)
	at org.eclipse.jdt.internal.junit.model.RemoteTestRunnerClient.access$7(RemoteTestRunnerClient.java:515)
	at org.eclipse.jdt.internal.junit.model.RemoteTestRunnerClient$DefaultProcessingState.readMessage(RemoteTestRunnerClient.java:96)
	at org.eclipse.jdt.internal.junit.model.RemoteTestRunnerClient.receiveMessage(RemoteTestRunnerClient.java:378)
	at org.eclipse.jdt.internal.junit.model.RemoteTestRunnerClient.access$27(RemoteTestRunnerClient.java:377)
	at org.eclipse.jdt.internal.junit.model.RemoteTestRunnerClient$ServerConnection.run(RemoteTestRunnerClient.java:273)
